{"timestamp":"2025-12-18T16:09:29.356169","level":"info","event":"Filling up the DagBag from /opt/airflow/dags/user_processing.py","logger":"airflow.models.dagbag.DagBag"}
{"timestamp":"2025-12-18T16:10:02.487881","level":"info","event":"Filling up the DagBag from /opt/airflow/dags/user_processing.py","logger":"airflow.models.dagbag.DagBag"}
{"timestamp":"2025-12-18T16:10:33.137607","level":"info","event":"Filling up the DagBag from /opt/airflow/dags/user_processing.py","logger":"airflow.models.dagbag.DagBag"}
{"timestamp":"2025-12-18T16:10:58.654977","level":"info","event":"Filling up the DagBag from /opt/airflow/dags/user_processing.py","logger":"airflow.models.dagbag.DagBag"}
{"timestamp":"2025-12-18T16:10:58.707456","level":"error","event":"Failed to import: /opt/airflow/dags/user_processing.py","logger":"airflow.models.dagbag.DagBag","error_detail":[{"exc_type":"SyntaxError","exc_value":"'(' was never closed (user_processing.py, line 6)","exc_notes":[],"syntax_error":{"offset":43,"filename":"/opt/airflow/dags/user_processing.py","line":"    create_table = SQLExecuteQueryOperator(\n","lineno":6,"msg":"'(' was never closed"},"is_cause":false,"frames":[{"filename":"/home/airflow/.local/lib/python3.12/site-packages/airflow/models/dagbag.py","lineno":384,"name":"parse"},{"filename":"<frozen importlib._bootstrap_external>","lineno":995,"name":"exec_module"},{"filename":"<frozen importlib._bootstrap_external>","lineno":1133,"name":"get_code"},{"filename":"<frozen importlib._bootstrap_external>","lineno":1063,"name":"source_to_code"},{"filename":"<frozen importlib._bootstrap>","lineno":488,"name":"_call_with_frames_removed"}]}]}
{"timestamp":"2025-12-18T16:11:29.285311","level":"info","event":"Filling up the DagBag from /opt/airflow/dags/user_processing.py","logger":"airflow.models.dagbag.DagBag"}
{"timestamp":"2025-12-18T16:11:29.318615","level":"error","event":"Failed to import: /opt/airflow/dags/user_processing.py","logger":"airflow.models.dagbag.DagBag","error_detail":[{"exc_type":"SyntaxError","exc_value":"'(' was never closed (user_processing.py, line 6)","exc_notes":[],"syntax_error":{"offset":43,"filename":"/opt/airflow/dags/user_processing.py","line":"    create_table = SQLExecuteQueryOperator(\n","lineno":6,"msg":"'(' was never closed"},"is_cause":false,"frames":[{"filename":"/home/airflow/.local/lib/python3.12/site-packages/airflow/models/dagbag.py","lineno":384,"name":"parse"},{"filename":"<frozen importlib._bootstrap_external>","lineno":995,"name":"exec_module"},{"filename":"<frozen importlib._bootstrap_external>","lineno":1133,"name":"get_code"},{"filename":"<frozen importlib._bootstrap_external>","lineno":1063,"name":"source_to_code"},{"filename":"<frozen importlib._bootstrap>","lineno":488,"name":"_call_with_frames_removed"}]}]}
{"timestamp":"2025-12-18T16:11:40.602775","level":"info","event":"Filling up the DagBag from /opt/airflow/dags/user_processing.py","logger":"airflow.models.dagbag.DagBag"}
{"timestamp":"2025-12-18T16:11:40.646504","level":"error","event":"Failed to import: /opt/airflow/dags/user_processing.py","logger":"airflow.models.dagbag.DagBag","error_detail":[{"exc_type":"SyntaxError","exc_value":"unterminated triple-quoted string literal (detected at line 12) (user_processing.py, line 8)","exc_notes":[],"syntax_error":{"offset":13,"filename":"/opt/airflow/dags/user_processing.py","line":"        sql=\"\"\"","lineno":8,"msg":"unterminated triple-quoted string literal (detected at line 12)"},"is_cause":false,"frames":[{"filename":"/home/airflow/.local/lib/python3.12/site-packages/airflow/models/dagbag.py","lineno":384,"name":"parse"},{"filename":"<frozen importlib._bootstrap_external>","lineno":995,"name":"exec_module"},{"filename":"<frozen importlib._bootstrap_external>","lineno":1133,"name":"get_code"},{"filename":"<frozen importlib._bootstrap_external>","lineno":1063,"name":"source_to_code"},{"filename":"<frozen importlib._bootstrap>","lineno":488,"name":"_call_with_frames_removed"}]}]}
{"timestamp":"2025-12-18T16:12:11.234055","level":"info","event":"Filling up the DagBag from /opt/airflow/dags/user_processing.py","logger":"airflow.models.dagbag.DagBag"}
{"timestamp":"2025-12-18T16:12:11.270646","level":"error","event":"Failed to import: /opt/airflow/dags/user_processing.py","logger":"airflow.models.dagbag.DagBag","error_detail":[{"exc_type":"SyntaxError","exc_value":"unterminated triple-quoted string literal (detected at line 12) (user_processing.py, line 8)","exc_notes":[],"syntax_error":{"offset":13,"filename":"/opt/airflow/dags/user_processing.py","line":"        sql=\"\"\"","lineno":8,"msg":"unterminated triple-quoted string literal (detected at line 12)"},"is_cause":false,"frames":[{"filename":"/home/airflow/.local/lib/python3.12/site-packages/airflow/models/dagbag.py","lineno":384,"name":"parse"},{"filename":"<frozen importlib._bootstrap_external>","lineno":995,"name":"exec_module"},{"filename":"<frozen importlib._bootstrap_external>","lineno":1133,"name":"get_code"},{"filename":"<frozen importlib._bootstrap_external>","lineno":1063,"name":"source_to_code"},{"filename":"<frozen importlib._bootstrap>","lineno":488,"name":"_call_with_frames_removed"}]}]}
{"timestamp":"2025-12-18T16:12:41.849985","level":"info","event":"Filling up the DagBag from /opt/airflow/dags/user_processing.py","logger":"airflow.models.dagbag.DagBag"}
{"timestamp":"2025-12-18T16:12:41.883721","level":"error","event":"Failed to import: /opt/airflow/dags/user_processing.py","logger":"airflow.models.dagbag.DagBag","error_detail":[{"exc_type":"SyntaxError","exc_value":"unterminated triple-quoted string literal (detected at line 12) (user_processing.py, line 8)","exc_notes":[],"syntax_error":{"offset":13,"filename":"/opt/airflow/dags/user_processing.py","line":"        sql=\"\"\"","lineno":8,"msg":"unterminated triple-quoted string literal (detected at line 12)"},"is_cause":false,"frames":[{"filename":"/home/airflow/.local/lib/python3.12/site-packages/airflow/models/dagbag.py","lineno":384,"name":"parse"},{"filename":"<frozen importlib._bootstrap_external>","lineno":995,"name":"exec_module"},{"filename":"<frozen importlib._bootstrap_external>","lineno":1133,"name":"get_code"},{"filename":"<frozen importlib._bootstrap_external>","lineno":1063,"name":"source_to_code"},{"filename":"<frozen importlib._bootstrap>","lineno":488,"name":"_call_with_frames_removed"}]}]}
{"timestamp":"2025-12-18T16:13:01.328492","level":"info","event":"Filling up the DagBag from /opt/airflow/dags/user_processing.py","logger":"airflow.models.dagbag.DagBag"}
{"timestamp":"2025-12-18T16:13:32.148469","level":"info","event":"Filling up the DagBag from /opt/airflow/dags/user_processing.py","logger":"airflow.models.dagbag.DagBag"}
{"timestamp":"2025-12-18T16:14:02.787197","level":"info","event":"Filling up the DagBag from /opt/airflow/dags/user_processing.py","logger":"airflow.models.dagbag.DagBag"}
{"timestamp":"2025-12-18T16:14:33.416986","level":"info","event":"Filling up the DagBag from /opt/airflow/dags/user_processing.py","logger":"airflow.models.dagbag.DagBag"}
{"timestamp":"2025-12-18T16:15:04.035782","level":"info","event":"Filling up the DagBag from /opt/airflow/dags/user_processing.py","logger":"airflow.models.dagbag.DagBag"}
{"timestamp":"2025-12-18T16:15:34.641618","level":"info","event":"Filling up the DagBag from /opt/airflow/dags/user_processing.py","logger":"airflow.models.dagbag.DagBag"}
{"timestamp":"2025-12-18T16:16:05.281847","level":"info","event":"Filling up the DagBag from /opt/airflow/dags/user_processing.py","logger":"airflow.models.dagbag.DagBag"}
{"timestamp":"2025-12-18T16:16:35.926103","level":"info","event":"Filling up the DagBag from /opt/airflow/dags/user_processing.py","logger":"airflow.models.dagbag.DagBag"}
{"timestamp":"2025-12-18T16:17:06.546490","level":"info","event":"Filling up the DagBag from /opt/airflow/dags/user_processing.py","logger":"airflow.models.dagbag.DagBag"}
{"timestamp":"2025-12-18T16:17:37.179082","level":"info","event":"Filling up the DagBag from /opt/airflow/dags/user_processing.py","logger":"airflow.models.dagbag.DagBag"}
{"timestamp":"2025-12-18T16:18:07.809308","level":"info","event":"Filling up the DagBag from /opt/airflow/dags/user_processing.py","logger":"airflow.models.dagbag.DagBag"}
{"timestamp":"2025-12-18T16:18:38.440757","level":"info","event":"Filling up the DagBag from /opt/airflow/dags/user_processing.py","logger":"airflow.models.dagbag.DagBag"}
{"timestamp":"2025-12-18T16:18:52.840505","level":"info","event":"Filling up the DagBag from /opt/airflow/dags/user_processing.py","logger":"airflow.models.dagbag.DagBag"}
{"timestamp":"2025-12-18T16:19:23.494917","level":"info","event":"Filling up the DagBag from /opt/airflow/dags/user_processing.py","logger":"airflow.models.dagbag.DagBag"}
{"timestamp":"2025-12-18T16:19:44.939987","level":"info","event":"Filling up the DagBag from /opt/airflow/dags/user_processing.py","logger":"airflow.models.dagbag.DagBag"}
{"timestamp":"2025-12-18T16:20:15.624247","level":"info","event":"Filling up the DagBag from /opt/airflow/dags/user_processing.py","logger":"airflow.models.dagbag.DagBag"}
{"timestamp":"2025-12-18T16:20:46.249696","level":"info","event":"Filling up the DagBag from /opt/airflow/dags/user_processing.py","logger":"airflow.models.dagbag.DagBag"}
{"timestamp":"2025-12-18T16:21:16.870218","level":"info","event":"Filling up the DagBag from /opt/airflow/dags/user_processing.py","logger":"airflow.models.dagbag.DagBag"}
{"timestamp":"2025-12-18T16:21:35.367493","level":"info","event":"Filling up the DagBag from /opt/airflow/dags/user_processing.py","logger":"airflow.models.dagbag.DagBag"}
{"timestamp":"2025-12-18T16:21:52.932916","level":"info","event":"Filling up the DagBag from /opt/airflow/dags/user_processing.py","logger":"airflow.models.dagbag.DagBag"}
{"timestamp":"2025-12-18T16:22:23.615912","level":"info","event":"Filling up the DagBag from /opt/airflow/dags/user_processing.py","logger":"airflow.models.dagbag.DagBag"}
{"timestamp":"2025-12-18T16:22:54.265875","level":"info","event":"Filling up the DagBag from /opt/airflow/dags/user_processing.py","logger":"airflow.models.dagbag.DagBag"}
{"timestamp":"2025-12-18T16:23:24.873886","level":"info","event":"Filling up the DagBag from /opt/airflow/dags/user_processing.py","logger":"airflow.models.dagbag.DagBag"}
{"timestamp":"2025-12-18T16:23:54.514353","level":"info","event":"Filling up the DagBag from /opt/airflow/dags/user_processing.py","logger":"airflow.models.dagbag.DagBag"}
{"timestamp":"2025-12-18T16:24:25.217315","level":"info","event":"Filling up the DagBag from /opt/airflow/dags/user_processing.py","logger":"airflow.models.dagbag.DagBag"}
{"timestamp":"2025-12-18T16:24:55.817233","level":"info","event":"Filling up the DagBag from /opt/airflow/dags/user_processing.py","logger":"airflow.models.dagbag.DagBag"}
{"timestamp":"2025-12-18T16:25:26.423048","level":"info","event":"Filling up the DagBag from /opt/airflow/dags/user_processing.py","logger":"airflow.models.dagbag.DagBag"}
{"timestamp":"2025-12-18T16:25:57.039465","level":"info","event":"Filling up the DagBag from /opt/airflow/dags/user_processing.py","logger":"airflow.models.dagbag.DagBag"}
{"timestamp":"2025-12-18T16:26:08.383454","level":"info","event":"Filling up the DagBag from /opt/airflow/dags/user_processing.py","logger":"airflow.models.dagbag.DagBag"}
{"timestamp":"2025-12-18T16:26:18.749710","level":"info","event":"Filling up the DagBag from /opt/airflow/dags/user_processing.py","logger":"airflow.models.dagbag.DagBag"}
{"timestamp":"2025-12-18T16:26:42.306369","level":"info","event":"Filling up the DagBag from /opt/airflow/dags/user_processing.py","logger":"airflow.models.dagbag.DagBag"}
{"timestamp":"2025-12-18T16:26:57.760080","level":"info","event":"Filling up the DagBag from /opt/airflow/dags/user_processing.py","logger":"airflow.models.dagbag.DagBag"}
{"timestamp":"2025-12-18T16:27:03.101155","level":"info","event":"Filling up the DagBag from /opt/airflow/dags/user_processing.py","logger":"airflow.models.dagbag.DagBag"}
{"timestamp":"2025-12-18T16:27:28.664024","level":"info","event":"Filling up the DagBag from /opt/airflow/dags/user_processing.py","logger":"airflow.models.dagbag.DagBag"}
{"timestamp":"2025-12-18T16:27:59.305477","level":"info","event":"Filling up the DagBag from /opt/airflow/dags/user_processing.py","logger":"airflow.models.dagbag.DagBag"}
{"timestamp":"2025-12-18T16:28:29.919054","level":"info","event":"Filling up the DagBag from /opt/airflow/dags/user_processing.py","logger":"airflow.models.dagbag.DagBag"}
{"timestamp":"2025-12-18T16:28:33.232313","level":"info","event":"Filling up the DagBag from /opt/airflow/dags/user_processing.py","logger":"airflow.models.dagbag.DagBag"}
{"timestamp":"2025-12-18T16:29:03.875113","level":"info","event":"Filling up the DagBag from /opt/airflow/dags/user_processing.py","logger":"airflow.models.dagbag.DagBag"}
{"timestamp":"2025-12-18T16:29:13.193428","level":"info","event":"Filling up the DagBag from /opt/airflow/dags/user_processing.py","logger":"airflow.models.dagbag.DagBag"}
{"timestamp":"2025-12-18T16:29:43.876579","level":"info","event":"Filling up the DagBag from /opt/airflow/dags/user_processing.py","logger":"airflow.models.dagbag.DagBag"}
{"timestamp":"2025-12-18T16:30:14.511963","level":"info","event":"Filling up the DagBag from /opt/airflow/dags/user_processing.py","logger":"airflow.models.dagbag.DagBag"}
{"timestamp":"2025-12-18T16:30:45.131645","level":"info","event":"Filling up the DagBag from /opt/airflow/dags/user_processing.py","logger":"airflow.models.dagbag.DagBag"}
{"timestamp":"2025-12-18T16:31:15.754838","level":"info","event":"Filling up the DagBag from /opt/airflow/dags/user_processing.py","logger":"airflow.models.dagbag.DagBag"}
{"timestamp":"2025-12-18T16:31:46.393101","level":"info","event":"Filling up the DagBag from /opt/airflow/dags/user_processing.py","logger":"airflow.models.dagbag.DagBag"}
{"timestamp":"2025-12-18T16:32:17.026060","level":"info","event":"Filling up the DagBag from /opt/airflow/dags/user_processing.py","logger":"airflow.models.dagbag.DagBag"}
{"timestamp":"2025-12-18T16:32:47.621095","level":"info","event":"Filling up the DagBag from /opt/airflow/dags/user_processing.py","logger":"airflow.models.dagbag.DagBag"}
{"timestamp":"2025-12-18T16:33:18.237427","level":"info","event":"Filling up the DagBag from /opt/airflow/dags/user_processing.py","logger":"airflow.models.dagbag.DagBag"}
{"timestamp":"2025-12-18T16:33:48.864955","level":"info","event":"Filling up the DagBag from /opt/airflow/dags/user_processing.py","logger":"airflow.models.dagbag.DagBag"}
{"timestamp":"2025-12-18T16:34:19.512683","level":"info","event":"Filling up the DagBag from /opt/airflow/dags/user_processing.py","logger":"airflow.models.dagbag.DagBag"}
{"timestamp":"2025-12-18T16:34:50.145284","level":"info","event":"Filling up the DagBag from /opt/airflow/dags/user_processing.py","logger":"airflow.models.dagbag.DagBag"}
{"timestamp":"2025-12-18T16:34:55.449194","level":"info","event":"Filling up the DagBag from /opt/airflow/dags/user_processing.py","logger":"airflow.models.dagbag.DagBag"}
{"timestamp":"2025-12-18T16:35:13.930534","level":"info","event":"Filling up the DagBag from /opt/airflow/dags/user_processing.py","logger":"airflow.models.dagbag.DagBag"}
{"timestamp":"2025-12-18T16:35:44.600206","level":"info","event":"Filling up the DagBag from /opt/airflow/dags/user_processing.py","logger":"airflow.models.dagbag.DagBag"}
{"timestamp":"2025-12-18T16:36:15.221028","level":"info","event":"Filling up the DagBag from /opt/airflow/dags/user_processing.py","logger":"airflow.models.dagbag.DagBag"}
{"timestamp":"2025-12-18T16:36:16.419497","level":"info","event":"Filling up the DagBag from /opt/airflow/dags/user_processing.py","logger":"airflow.models.dagbag.DagBag"}
{"timestamp":"2025-12-18T16:36:47.067903","level":"info","event":"Filling up the DagBag from /opt/airflow/dags/user_processing.py","logger":"airflow.models.dagbag.DagBag"}
{"timestamp":"2025-12-18T16:36:58.494968","level":"info","event":"Filling up the DagBag from /opt/airflow/dags/user_processing.py","logger":"airflow.models.dagbag.DagBag"}
{"timestamp":"2025-12-18T16:36:58.592529","level":"error","event":"Failed to import: /opt/airflow/dags/user_processing.py","logger":"airflow.models.dagbag.DagBag","error_detail":[{"exc_type":"NameError","exc_value":"name '_extract_user' is not defined","exc_notes":[],"syntax_error":null,"is_cause":false,"frames":[{"filename":"/home/airflow/.local/lib/python3.12/site-packages/airflow/models/dagbag.py","lineno":384,"name":"parse"},{"filename":"<frozen importlib._bootstrap_external>","lineno":999,"name":"exec_module"},{"filename":"<frozen importlib._bootstrap>","lineno":488,"name":"_call_with_frames_removed"},{"filename":"/opt/airflow/dags/user_processing.py","lineno":41,"name":"<module>"},{"filename":"/home/airflow/.local/lib/python3.12/site-packages/airflow/sdk/definitions/dag.py","lineno":1138,"name":"factory"},{"filename":"/opt/airflow/dags/user_processing.py","lineno":37,"name":"user_processing"}]}]}
{"timestamp":"2025-12-18T16:37:29.170425","level":"info","event":"Filling up the DagBag from /opt/airflow/dags/user_processing.py","logger":"airflow.models.dagbag.DagBag"}
{"timestamp":"2025-12-18T16:37:29.228891","level":"error","event":"Failed to import: /opt/airflow/dags/user_processing.py","logger":"airflow.models.dagbag.DagBag","error_detail":[{"exc_type":"NameError","exc_value":"name '_extract_user' is not defined","exc_notes":[],"syntax_error":null,"is_cause":false,"frames":[{"filename":"/home/airflow/.local/lib/python3.12/site-packages/airflow/models/dagbag.py","lineno":384,"name":"parse"},{"filename":"<frozen importlib._bootstrap_external>","lineno":999,"name":"exec_module"},{"filename":"<frozen importlib._bootstrap>","lineno":488,"name":"_call_with_frames_removed"},{"filename":"/opt/airflow/dags/user_processing.py","lineno":41,"name":"<module>"},{"filename":"/home/airflow/.local/lib/python3.12/site-packages/airflow/sdk/definitions/dag.py","lineno":1138,"name":"factory"},{"filename":"/opt/airflow/dags/user_processing.py","lineno":37,"name":"user_processing"}]}]}
{"timestamp":"2025-12-18T16:37:57.758299","level":"info","event":"Filling up the DagBag from /opt/airflow/dags/user_processing.py","logger":"airflow.models.dagbag.DagBag"}
{"timestamp":"2025-12-18T16:38:28.374241","level":"info","event":"Filling up the DagBag from /opt/airflow/dags/user_processing.py","logger":"airflow.models.dagbag.DagBag"}
{"timestamp":"2025-12-18T16:38:59.030125","level":"info","event":"Filling up the DagBag from /opt/airflow/dags/user_processing.py","logger":"airflow.models.dagbag.DagBag"}
{"timestamp":"2025-12-18T16:39:29.644008","level":"info","event":"Filling up the DagBag from /opt/airflow/dags/user_processing.py","logger":"airflow.models.dagbag.DagBag"}
{"timestamp":"2025-12-18T16:39:51.111912","level":"info","event":"Filling up the DagBag from /opt/airflow/dags/user_processing.py","logger":"airflow.models.dagbag.DagBag"}
{"timestamp":"2025-12-18T16:40:00.480046","level":"info","event":"Filling up the DagBag from /opt/airflow/dags/user_processing.py","logger":"airflow.models.dagbag.DagBag"}
{"timestamp":"2025-12-18T16:40:07.875782","level":"info","event":"Filling up the DagBag from /opt/airflow/dags/user_processing.py","logger":"airflow.models.dagbag.DagBag"}
{"timestamp":"2025-12-18T16:40:38.554409","level":"info","event":"Filling up the DagBag from /opt/airflow/dags/user_processing.py","logger":"airflow.models.dagbag.DagBag"}
{"timestamp":"2025-12-18T16:41:06.111941","level":"info","event":"Filling up the DagBag from /opt/airflow/dags/user_processing.py","logger":"airflow.models.dagbag.DagBag"}
{"timestamp":"2025-12-18T16:41:36.763152","level":"info","event":"Filling up the DagBag from /opt/airflow/dags/user_processing.py","logger":"airflow.models.dagbag.DagBag"}
{"timestamp":"2025-12-18T16:41:46.090184","level":"info","event":"Filling up the DagBag from /opt/airflow/dags/user_processing.py","logger":"airflow.models.dagbag.DagBag"}
{"timestamp":"2025-12-18T16:42:07.685297","level":"info","event":"Filling up the DagBag from /opt/airflow/dags/user_processing.py","logger":"airflow.models.dagbag.DagBag"}
{"timestamp":"2025-12-18T16:42:38.309933","level":"info","event":"Filling up the DagBag from /opt/airflow/dags/user_processing.py","logger":"airflow.models.dagbag.DagBag"}
{"timestamp":"2025-12-18T16:43:07.975183","level":"info","event":"Filling up the DagBag from /opt/airflow/dags/user_processing.py","logger":"airflow.models.dagbag.DagBag"}
{"timestamp":"2025-12-18T16:43:08.074408","level":"error","event":"Failed to import: /opt/airflow/dags/user_processing.py","logger":"airflow.models.dagbag.DagBag","error_detail":[{"exc_type":"NameError","exc_value":"name 'PythonOperator' is not defined","exc_notes":[],"syntax_error":null,"is_cause":false,"frames":[{"filename":"/home/airflow/.local/lib/python3.12/site-packages/airflow/models/dagbag.py","lineno":384,"name":"parse"},{"filename":"<frozen importlib._bootstrap_external>","lineno":999,"name":"exec_module"},{"filename":"<frozen importlib._bootstrap>","lineno":488,"name":"_call_with_frames_removed"},{"filename":"/opt/airflow/dags/user_processing.py","lineno":53,"name":"<module>"},{"filename":"/home/airflow/.local/lib/python3.12/site-packages/airflow/sdk/definitions/dag.py","lineno":1138,"name":"factory"},{"filename":"/opt/airflow/dags/user_processing.py","lineno":47,"name":"user_processing"}]}]}
{"timestamp":"2025-12-18T16:43:38.636387","level":"info","event":"Filling up the DagBag from /opt/airflow/dags/user_processing.py","logger":"airflow.models.dagbag.DagBag"}
{"timestamp":"2025-12-18T16:43:38.697450","level":"error","event":"Failed to import: /opt/airflow/dags/user_processing.py","logger":"airflow.models.dagbag.DagBag","error_detail":[{"exc_type":"NameError","exc_value":"name 'PythonOperator' is not defined","exc_notes":[],"syntax_error":null,"is_cause":false,"frames":[{"filename":"/home/airflow/.local/lib/python3.12/site-packages/airflow/models/dagbag.py","lineno":384,"name":"parse"},{"filename":"<frozen importlib._bootstrap_external>","lineno":999,"name":"exec_module"},{"filename":"<frozen importlib._bootstrap>","lineno":488,"name":"_call_with_frames_removed"},{"filename":"/opt/airflow/dags/user_processing.py","lineno":53,"name":"<module>"},{"filename":"/home/airflow/.local/lib/python3.12/site-packages/airflow/sdk/definitions/dag.py","lineno":1138,"name":"factory"},{"filename":"/opt/airflow/dags/user_processing.py","lineno":47,"name":"user_processing"}]}]}
{"timestamp":"2025-12-18T16:43:41.869727","level":"info","event":"Filling up the DagBag from /opt/airflow/dags/user_processing.py","logger":"airflow.models.dagbag.DagBag"}
{"timestamp":"2025-12-18T16:43:46.147354","level":"info","event":"Filling up the DagBag from /opt/airflow/dags/user_processing.py","logger":"airflow.models.dagbag.DagBag"}
{"timestamp":"2025-12-18T16:44:08.767927","level":"info","event":"Filling up the DagBag from /opt/airflow/dags/user_processing.py","logger":"airflow.models.dagbag.DagBag"}
{"timestamp":"2025-12-18T16:44:13.060853","level":"info","event":"Filling up the DagBag from /opt/airflow/dags/user_processing.py","logger":"airflow.models.dagbag.DagBag"}
{"timestamp":"2025-12-18T16:44:20.453270","level":"info","event":"Filling up the DagBag from /opt/airflow/dags/user_processing.py","logger":"airflow.models.dagbag.DagBag"}
{"timestamp":"2025-12-18T16:44:29.807958","level":"info","event":"Filling up the DagBag from /opt/airflow/dags/user_processing.py","logger":"airflow.models.dagbag.DagBag"}
{"timestamp":"2025-12-18T16:44:31.052048","level":"info","event":"Filling up the DagBag from /opt/airflow/dags/user_processing.py","logger":"airflow.models.dagbag.DagBag"}
{"timestamp":"2025-12-18T16:44:50.560681","level":"info","event":"Filling up the DagBag from /opt/airflow/dags/user_processing.py","logger":"airflow.models.dagbag.DagBag"}
{"timestamp":"2025-12-18T16:45:21.236222","level":"info","event":"Filling up the DagBag from /opt/airflow/dags/user_processing.py","logger":"airflow.models.dagbag.DagBag"}
{"timestamp":"2025-12-18T16:45:51.902827","level":"info","event":"Filling up the DagBag from /opt/airflow/dags/user_processing.py","logger":"airflow.models.dagbag.DagBag"}
{"timestamp":"2025-12-18T16:46:22.553210","level":"info","event":"Filling up the DagBag from /opt/airflow/dags/user_processing.py","logger":"airflow.models.dagbag.DagBag"}
{"timestamp":"2025-12-18T16:46:53.178678","level":"info","event":"Filling up the DagBag from /opt/airflow/dags/user_processing.py","logger":"airflow.models.dagbag.DagBag"}
{"timestamp":"2025-12-18T16:47:23.837918","level":"info","event":"Filling up the DagBag from /opt/airflow/dags/user_processing.py","logger":"airflow.models.dagbag.DagBag"}
{"timestamp":"2025-12-18T16:47:54.489562","level":"info","event":"Filling up the DagBag from /opt/airflow/dags/user_processing.py","logger":"airflow.models.dagbag.DagBag"}
{"timestamp":"2025-12-18T16:48:11.974155","level":"info","event":"Filling up the DagBag from /opt/airflow/dags/user_processing.py","logger":"airflow.models.dagbag.DagBag"}
{"timestamp":"2025-12-18T16:48:12.027426","level":"error","event":"Failed to import: /opt/airflow/dags/user_processing.py","logger":"airflow.models.dagbag.DagBag","error_detail":[{"exc_type":"SyntaxError","exc_value":"unmatched ')' (user_processing.py, line 50)","exc_notes":[],"syntax_error":{"offset":68,"filename":"/opt/airflow/dags/user_processing.py","line":"            writer = csv.DictWriter(f, fieldnames=user_info.keys()))","lineno":50,"msg":"unmatched ')'"},"is_cause":false,"frames":[{"filename":"/home/airflow/.local/lib/python3.12/site-packages/airflow/models/dagbag.py","lineno":384,"name":"parse"},{"filename":"<frozen importlib._bootstrap_external>","lineno":995,"name":"exec_module"},{"filename":"<frozen importlib._bootstrap_external>","lineno":1133,"name":"get_code"},{"filename":"<frozen importlib._bootstrap_external>","lineno":1063,"name":"source_to_code"},{"filename":"<frozen importlib._bootstrap>","lineno":488,"name":"_call_with_frames_removed"}]}]}
{"timestamp":"2025-12-18T16:48:15.204821","level":"info","event":"Filling up the DagBag from /opt/airflow/dags/user_processing.py","logger":"airflow.models.dagbag.DagBag"}
{"timestamp":"2025-12-18T16:48:42.843308","level":"info","event":"Filling up the DagBag from /opt/airflow/dags/user_processing.py","logger":"airflow.models.dagbag.DagBag"}
{"timestamp":"2025-12-18T16:49:13.486396","level":"info","event":"Filling up the DagBag from /opt/airflow/dags/user_processing.py","logger":"airflow.models.dagbag.DagBag"}
{"timestamp":"2025-12-18T16:49:42.098251","level":"info","event":"Filling up the DagBag from /opt/airflow/dags/user_processing.py","logger":"airflow.models.dagbag.DagBag"}
{"timestamp":"2025-12-18T16:49:45.378126","level":"info","event":"Filling up the DagBag from /opt/airflow/dags/user_processing.py","logger":"airflow.models.dagbag.DagBag"}
{"timestamp":"2025-12-18T16:50:16.034853","level":"info","event":"Filling up the DagBag from /opt/airflow/dags/user_processing.py","logger":"airflow.models.dagbag.DagBag"}
{"timestamp":"2025-12-18T16:50:46.826375","level":"info","event":"Filling up the DagBag from /opt/airflow/dags/user_processing.py","logger":"airflow.models.dagbag.DagBag"}
{"timestamp":"2025-12-18T16:51:00.409260","level":"info","event":"Filling up the DagBag from /opt/airflow/dags/user_processing.py","logger":"airflow.models.dagbag.DagBag"}
{"timestamp":"2025-12-18T16:51:31.273767","level":"info","event":"Filling up the DagBag from /opt/airflow/dags/user_processing.py","logger":"airflow.models.dagbag.DagBag"}
{"timestamp":"2025-12-18T16:52:01.923167","level":"info","event":"Filling up the DagBag from /opt/airflow/dags/user_processing.py","logger":"airflow.models.dagbag.DagBag"}
{"timestamp":"2025-12-18T16:52:24.432067","level":"info","event":"Filling up the DagBag from /opt/airflow/dags/user_processing.py","logger":"airflow.models.dagbag.DagBag"}
{"timestamp":"2025-12-18T16:52:55.314660","level":"info","event":"Filling up the DagBag from /opt/airflow/dags/user_processing.py","logger":"airflow.models.dagbag.DagBag"}
{"timestamp":"2025-12-18T16:52:58.614306","level":"info","event":"Filling up the DagBag from /opt/airflow/dags/user_processing.py","logger":"airflow.models.dagbag.DagBag"}
{"timestamp":"2025-12-18T16:53:29.276838","level":"info","event":"Filling up the DagBag from /opt/airflow/dags/user_processing.py","logger":"airflow.models.dagbag.DagBag"}
{"timestamp":"2025-12-18T16:53:59.924119","level":"info","event":"Filling up the DagBag from /opt/airflow/dags/user_processing.py","logger":"airflow.models.dagbag.DagBag"}
{"timestamp":"2025-12-18T16:54:26.530874","level":"info","event":"Filling up the DagBag from /opt/airflow/dags/user_processing.py","logger":"airflow.models.dagbag.DagBag"}
{"timestamp":"2025-12-18T16:54:36.929154","level":"info","event":"Filling up the DagBag from /opt/airflow/dags/user_processing.py","logger":"airflow.models.dagbag.DagBag"}
{"timestamp":"2025-12-18T16:55:07.655665","level":"info","event":"Filling up the DagBag from /opt/airflow/dags/user_processing.py","logger":"airflow.models.dagbag.DagBag"}
{"timestamp":"2025-12-18T16:55:29.163446","level":"info","event":"Filling up the DagBag from /opt/airflow/dags/user_processing.py","logger":"airflow.models.dagbag.DagBag"}
{"timestamp":"2025-12-18T16:55:59.813909","level":"info","event":"Filling up the DagBag from /opt/airflow/dags/user_processing.py","logger":"airflow.models.dagbag.DagBag"}
{"timestamp":"2025-12-18T16:56:19.301570","level":"info","event":"Filling up the DagBag from /opt/airflow/dags/user_processing.py","logger":"airflow.models.dagbag.DagBag"}
{"timestamp":"2025-12-18T16:56:50.028315","level":"info","event":"Filling up the DagBag from /opt/airflow/dags/user_processing.py","logger":"airflow.models.dagbag.DagBag"}
{"timestamp":"2025-12-18T16:57:20.710084","level":"info","event":"Filling up the DagBag from /opt/airflow/dags/user_processing.py","logger":"airflow.models.dagbag.DagBag"}
{"timestamp":"2025-12-18T16:57:51.350927","level":"info","event":"Filling up the DagBag from /opt/airflow/dags/user_processing.py","logger":"airflow.models.dagbag.DagBag"}
{"timestamp":"2025-12-18T16:58:21.994819","level":"info","event":"Filling up the DagBag from /opt/airflow/dags/user_processing.py","logger":"airflow.models.dagbag.DagBag"}
{"timestamp":"2025-12-18T16:58:52.645993","level":"info","event":"Filling up the DagBag from /opt/airflow/dags/user_processing.py","logger":"airflow.models.dagbag.DagBag"}
{"timestamp":"2025-12-18T16:59:23.274237","level":"info","event":"Filling up the DagBag from /opt/airflow/dags/user_processing.py","logger":"airflow.models.dagbag.DagBag"}
{"timestamp":"2025-12-18T16:59:53.926992","level":"info","event":"Filling up the DagBag from /opt/airflow/dags/user_processing.py","logger":"airflow.models.dagbag.DagBag"}
{"timestamp":"2025-12-18T17:00:24.537277","level":"info","event":"Filling up the DagBag from /opt/airflow/dags/user_processing.py","logger":"airflow.models.dagbag.DagBag"}
{"timestamp":"2025-12-18T17:00:55.159952","level":"info","event":"Filling up the DagBag from /opt/airflow/dags/user_processing.py","logger":"airflow.models.dagbag.DagBag"}
{"timestamp":"2025-12-18T17:01:17.673564","level":"info","event":"Filling up the DagBag from /opt/airflow/dags/user_processing.py","logger":"airflow.models.dagbag.DagBag"}
{"timestamp":"2025-12-18T17:01:48.307234","level":"info","event":"Filling up the DagBag from /opt/airflow/dags/user_processing.py","logger":"airflow.models.dagbag.DagBag"}
{"timestamp":"2025-12-18T17:02:14.888431","level":"info","event":"Filling up the DagBag from /opt/airflow/dags/user_processing.py","logger":"airflow.models.dagbag.DagBag"}
{"timestamp":"2025-12-18T17:02:45.562007","level":"info","event":"Filling up the DagBag from /opt/airflow/dags/user_processing.py","logger":"airflow.models.dagbag.DagBag"}
{"timestamp":"2025-12-18T17:03:16.203837","level":"info","event":"Filling up the DagBag from /opt/airflow/dags/user_processing.py","logger":"airflow.models.dagbag.DagBag"}
{"timestamp":"2025-12-18T17:03:17.432731","level":"info","event":"Filling up the DagBag from /opt/airflow/dags/user_processing.py","logger":"airflow.models.dagbag.DagBag"}
{"timestamp":"2025-12-18T17:03:19.814635","level":"info","event":"Filling up the DagBag from /opt/airflow/dags/user_processing.py","logger":"airflow.models.dagbag.DagBag"}
{"timestamp":"2025-12-18T17:03:42.417262","level":"info","event":"Filling up the DagBag from /opt/airflow/dags/user_processing.py","logger":"airflow.models.dagbag.DagBag"}
{"timestamp":"2025-12-18T17:04:13.110536","level":"info","event":"Filling up the DagBag from /opt/airflow/dags/user_processing.py","logger":"airflow.models.dagbag.DagBag"}
{"timestamp":"2025-12-18T17:04:23.528367","level":"info","event":"Filling up the DagBag from /opt/airflow/dags/user_processing.py","logger":"airflow.models.dagbag.DagBag"}
{"timestamp":"2025-12-18T17:04:54.206973","level":"info","event":"Filling up the DagBag from /opt/airflow/dags/user_processing.py","logger":"airflow.models.dagbag.DagBag"}
{"timestamp":"2025-12-18T17:05:24.877327","level":"info","event":"Filling up the DagBag from /opt/airflow/dags/user_processing.py","logger":"airflow.models.dagbag.DagBag"}
{"timestamp":"2025-12-18T17:05:55.542845","level":"info","event":"Filling up the DagBag from /opt/airflow/dags/user_processing.py","logger":"airflow.models.dagbag.DagBag"}
{"timestamp":"2025-12-18T17:06:26.186613","level":"info","event":"Filling up the DagBag from /opt/airflow/dags/user_processing.py","logger":"airflow.models.dagbag.DagBag"}
{"timestamp":"2025-12-18T17:06:56.797002","level":"info","event":"Filling up the DagBag from /opt/airflow/dags/user_processing.py","logger":"airflow.models.dagbag.DagBag"}
{"timestamp":"2025-12-18T17:07:27.449351","level":"info","event":"Filling up the DagBag from /opt/airflow/dags/user_processing.py","logger":"airflow.models.dagbag.DagBag"}
{"timestamp":"2025-12-18T17:07:58.079955","level":"info","event":"Filling up the DagBag from /opt/airflow/dags/user_processing.py","logger":"airflow.models.dagbag.DagBag"}
{"timestamp":"2025-12-18T17:08:28.824671","level":"info","event":"Filling up the DagBag from /opt/airflow/dags/user_processing.py","logger":"airflow.models.dagbag.DagBag"}
{"timestamp":"2025-12-18T17:08:59.505219","level":"info","event":"Filling up the DagBag from /opt/airflow/dags/user_processing.py","logger":"airflow.models.dagbag.DagBag"}
{"timestamp":"2025-12-18T17:09:30.210380","level":"info","event":"Filling up the DagBag from /opt/airflow/dags/user_processing.py","logger":"airflow.models.dagbag.DagBag"}
{"timestamp":"2025-12-18T17:10:00.919295","level":"info","event":"Filling up the DagBag from /opt/airflow/dags/user_processing.py","logger":"airflow.models.dagbag.DagBag"}
{"timestamp":"2025-12-18T17:10:31.646263","level":"info","event":"Filling up the DagBag from /opt/airflow/dags/user_processing.py","logger":"airflow.models.dagbag.DagBag"}
{"timestamp":"2025-12-18T17:11:02.275712","level":"info","event":"Filling up the DagBag from /opt/airflow/dags/user_processing.py","logger":"airflow.models.dagbag.DagBag"}
{"timestamp":"2025-12-18T17:11:32.929192","level":"info","event":"Filling up the DagBag from /opt/airflow/dags/user_processing.py","logger":"airflow.models.dagbag.DagBag"}
{"timestamp":"2025-12-18T17:12:03.608834","level":"info","event":"Filling up the DagBag from /opt/airflow/dags/user_processing.py","logger":"airflow.models.dagbag.DagBag"}
