{"timestamp":"2025-12-19T14:24:17.974395","level":"info","event":"Filling up the DagBag from /opt/airflow/dags/group.py","logger":"airflow.models.dagbag.DagBag"}
{"timestamp":"2025-12-19T14:24:18.025507","level":"error","event":"Failed to import: /opt/airflow/dags/group.py","logger":"airflow.models.dagbag.DagBag","error_detail":[{"exc_type":"TypeError","exc_value":"unsupported operand type(s) for >>: '_TaskDecorator' and '_TaskDecorator'","exc_notes":[],"syntax_error":null,"is_cause":false,"frames":[{"filename":"/home/airflow/.local/lib/python3.12/site-packages/airflow/models/dagbag.py","lineno":384,"name":"parse"},{"filename":"<frozen importlib._bootstrap_external>","lineno":999,"name":"exec_module"},{"filename":"<frozen importlib._bootstrap>","lineno":488,"name":"_call_with_frames_removed"},{"filename":"/opt/airflow/dags/group.py","lineno":18,"name":"<module>"},{"filename":"/home/airflow/.local/lib/python3.12/site-packages/airflow/sdk/definitions/dag.py","lineno":1138,"name":"factory"},{"filename":"/opt/airflow/dags/group.py","lineno":16,"name":"group"}]}]}
{"timestamp":"2025-12-19T14:24:40.616818","level":"info","event":"Filling up the DagBag from /opt/airflow/dags/group.py","logger":"airflow.models.dagbag.DagBag"}
{"timestamp":"2025-12-19T14:24:56.650107","level":"info","event":"Filling up the DagBag from /opt/airflow/dags/group.py","logger":"airflow.models.dagbag.DagBag"}
{"timestamp":"2025-12-19T14:25:20.854913","level":"info","event":"Filling up the DagBag from /opt/airflow/dags/group.py","logger":"airflow.models.dagbag.DagBag"}
{"timestamp":"2025-12-19T14:25:20.922599","level":"error","event":"Failed to import: /opt/airflow/dags/group.py","logger":"airflow.models.dagbag.DagBag","error_detail":[{"exc_type":"NameError","exc_value":"name 'b' is not defined","exc_notes":[],"syntax_error":null,"is_cause":false,"frames":[{"filename":"/home/airflow/.local/lib/python3.12/site-packages/airflow/models/dagbag.py","lineno":384,"name":"parse"},{"filename":"<frozen importlib._bootstrap_external>","lineno":999,"name":"exec_module"},{"filename":"<frozen importlib._bootstrap>","lineno":488,"name":"_call_with_frames_removed"},{"filename":"/opt/airflow/dags/group.py","lineno":21,"name":"<module>"},{"filename":"/home/airflow/.local/lib/python3.12/site-packages/airflow/sdk/definitions/dag.py","lineno":1138,"name":"factory"},{"filename":"/opt/airflow/dags/group.py","lineno":19,"name":"group"}]}]}
{"timestamp":"2025-12-19T14:25:30.268906","level":"info","event":"Filling up the DagBag from /opt/airflow/dags/group.py","logger":"airflow.models.dagbag.DagBag"}
{"timestamp":"2025-12-19T14:26:00.546350","level":"info","event":"Filling up the DagBag from /opt/airflow/dags/group.py","logger":"airflow.models.dagbag.DagBag"}
{"timestamp":"2025-12-19T14:26:04.799562","level":"info","event":"Filling up the DagBag from /opt/airflow/dags/group.py","logger":"airflow.models.dagbag.DagBag"}
{"timestamp":"2025-12-19T14:26:35.142104","level":"info","event":"Filling up the DagBag from /opt/airflow/dags/group.py","logger":"airflow.models.dagbag.DagBag"}
{"timestamp":"2025-12-19T14:27:04.708210","level":"info","event":"Filling up the DagBag from /opt/airflow/dags/group.py","logger":"airflow.models.dagbag.DagBag"}
{"timestamp":"2025-12-19T14:27:04.781534","level":"error","event":"Failed to import: /opt/airflow/dags/group.py","logger":"airflow.models.dagbag.DagBag","error_detail":[{"exc_type":"NameError","exc_value":"name 'c' is not defined","exc_notes":[],"syntax_error":null,"is_cause":false,"frames":[{"filename":"/home/airflow/.local/lib/python3.12/site-packages/airflow/models/dagbag.py","lineno":384,"name":"parse"},{"filename":"<frozen importlib._bootstrap_external>","lineno":999,"name":"exec_module"},{"filename":"<frozen importlib._bootstrap>","lineno":488,"name":"_call_with_frames_removed"},{"filename":"/opt/airflow/dags/group.py","lineno":27,"name":"<module>"},{"filename":"/home/airflow/.local/lib/python3.12/site-packages/airflow/sdk/definitions/dag.py","lineno":1138,"name":"factory"},{"filename":"/opt/airflow/dags/group.py","lineno":25,"name":"group"},{"filename":"/home/airflow/.local/lib/python3.12/site-packages/airflow/sdk/definitions/decorators/task_group.py","lineno":94,"name":"__call__"},{"filename":"/home/airflow/.local/lib/python3.12/site-packages/airflow/sdk/definitions/decorators/task_group.py","lineno":102,"name":"_create_task_group"},{"filename":"/opt/airflow/dags/group.py","lineno":23,"name":"my_group"}]}]}
{"timestamp":"2025-12-19T14:27:18.174695","level":"info","event":"Filling up the DagBag from /opt/airflow/dags/group.py","logger":"airflow.models.dagbag.DagBag"}
{"timestamp":"2025-12-19T14:27:18.247727","level":"error","event":"Failed to import: /opt/airflow/dags/group.py","logger":"airflow.models.dagbag.DagBag","error_detail":[{"exc_type":"NameError","exc_value":"name 'c' is not defined","exc_notes":[],"syntax_error":null,"is_cause":false,"frames":[{"filename":"/home/airflow/.local/lib/python3.12/site-packages/airflow/models/dagbag.py","lineno":384,"name":"parse"},{"filename":"<frozen importlib._bootstrap_external>","lineno":999,"name":"exec_module"},{"filename":"<frozen importlib._bootstrap>","lineno":488,"name":"_call_with_frames_removed"},{"filename":"/opt/airflow/dags/group.py","lineno":27,"name":"<module>"},{"filename":"/home/airflow/.local/lib/python3.12/site-packages/airflow/sdk/definitions/dag.py","lineno":1138,"name":"factory"},{"filename":"/opt/airflow/dags/group.py","lineno":25,"name":"group"},{"filename":"/home/airflow/.local/lib/python3.12/site-packages/airflow/sdk/definitions/decorators/task_group.py","lineno":94,"name":"__call__"},{"filename":"/home/airflow/.local/lib/python3.12/site-packages/airflow/sdk/definitions/decorators/task_group.py","lineno":102,"name":"_create_task_group"},{"filename":"/opt/airflow/dags/group.py","lineno":23,"name":"my_group"}]}]}
{"timestamp":"2025-12-19T14:27:30.031961","level":"info","event":"Filling up the DagBag from /opt/airflow/dags/group.py","logger":"airflow.models.dagbag.DagBag"}
{"timestamp":"2025-12-19T14:27:30.100872","level":"error","event":"Failed to import: /opt/airflow/dags/group.py","logger":"airflow.models.dagbag.DagBag","error_detail":[{"exc_type":"TypeError","exc_value":"group.<locals>.my_group.<locals>.my_nested_group() takes 0 positional arguments but 1 was given","exc_notes":[],"syntax_error":null,"is_cause":false,"frames":[{"filename":"/home/airflow/.local/lib/python3.12/site-packages/airflow/models/dagbag.py","lineno":384,"name":"parse"},{"filename":"<frozen importlib._bootstrap_external>","lineno":999,"name":"exec_module"},{"filename":"<frozen importlib._bootstrap>","lineno":488,"name":"_call_with_frames_removed"},{"filename":"/opt/airflow/dags/group.py","lineno":27,"name":"<module>"},{"filename":"/home/airflow/.local/lib/python3.12/site-packages/airflow/sdk/definitions/dag.py","lineno":1138,"name":"factory"},{"filename":"/opt/airflow/dags/group.py","lineno":25,"name":"group"},{"filename":"/home/airflow/.local/lib/python3.12/site-packages/airflow/sdk/definitions/decorators/task_group.py","lineno":94,"name":"__call__"},{"filename":"/home/airflow/.local/lib/python3.12/site-packages/airflow/sdk/definitions/decorators/task_group.py","lineno":102,"name":"_create_task_group"},{"filename":"/opt/airflow/dags/group.py","lineno":23,"name":"my_group"},{"filename":"/home/airflow/.local/lib/python3.12/site-packages/airflow/sdk/definitions/decorators/task_group.py","lineno":94,"name":"__call__"},{"filename":"/home/airflow/.local/lib/python3.12/site-packages/airflow/sdk/definitions/decorators/task_group.py","lineno":102,"name":"_create_task_group"}]}]}
{"timestamp":"2025-12-19T14:27:31.302792","level":"info","event":"Filling up the DagBag from /opt/airflow/dags/group.py","logger":"airflow.models.dagbag.DagBag"}
{"timestamp":"2025-12-19T14:28:01.559903","level":"info","event":"Filling up the DagBag from /opt/airflow/dags/group.py","logger":"airflow.models.dagbag.DagBag"}
{"timestamp":"2025-12-19T14:28:31.896400","level":"info","event":"Filling up the DagBag from /opt/airflow/dags/group.py","logger":"airflow.models.dagbag.DagBag"}
{"timestamp":"2025-12-19T14:28:55.129156","level":"info","event":"Filling up the DagBag from /opt/airflow/dags/group.py","logger":"airflow.models.dagbag.DagBag"}
{"timestamp":"2025-12-19T14:28:55.222143","level":"error","event":"Failed to import: /opt/airflow/dags/group.py","logger":"airflow.models.dagbag.DagBag","error_detail":[{"exc_type":"AttributeError","exc_value":"'NoneType' object has no attribute 'update_relative'","exc_notes":[],"syntax_error":null,"is_cause":false,"frames":[{"filename":"/home/airflow/.local/lib/python3.12/site-packages/airflow/models/dagbag.py","lineno":384,"name":"parse"},{"filename":"<frozen importlib._bootstrap_external>","lineno":999,"name":"exec_module"},{"filename":"<frozen importlib._bootstrap>","lineno":488,"name":"_call_with_frames_removed"},{"filename":"/opt/airflow/dags/group.py","lineno":30,"name":"<module>"},{"filename":"/home/airflow/.local/lib/python3.12/site-packages/airflow/sdk/definitions/dag.py","lineno":1138,"name":"factory"},{"filename":"/opt/airflow/dags/group.py","lineno":28,"name":"group"},{"filename":"/home/airflow/.local/lib/python3.12/site-packages/airflow/sdk/definitions/_internal/mixins.py","lineno":97,"name":"__rshift__"},{"filename":"/home/airflow/.local/lib/python3.12/site-packages/airflow/sdk/definitions/xcom_arg.py","lineno":155,"name":"set_downstream"},{"filename":"/home/airflow/.local/lib/python3.12/site-packages/airflow/sdk/definitions/_internal/node.py","lineno":216,"name":"set_downstream"},{"filename":"/home/airflow/.local/lib/python3.12/site-packages/airflow/sdk/definitions/_internal/node.py","lineno":168,"name":"_set_relatives"}]}]}
{"timestamp":"2025-12-19T14:29:25.454653","level":"info","event":"Filling up the DagBag from /opt/airflow/dags/group.py","logger":"airflow.models.dagbag.DagBag"}
{"timestamp":"2025-12-19T14:29:25.491648","level":"error","event":"Failed to import: /opt/airflow/dags/group.py","logger":"airflow.models.dagbag.DagBag","error_detail":[{"exc_type":"AttributeError","exc_value":"'NoneType' object has no attribute 'update_relative'","exc_notes":[],"syntax_error":null,"is_cause":false,"frames":[{"filename":"/home/airflow/.local/lib/python3.12/site-packages/airflow/models/dagbag.py","lineno":384,"name":"parse"},{"filename":"<frozen importlib._bootstrap_external>","lineno":999,"name":"exec_module"},{"filename":"<frozen importlib._bootstrap>","lineno":488,"name":"_call_with_frames_removed"},{"filename":"/opt/airflow/dags/group.py","lineno":30,"name":"<module>"},{"filename":"/home/airflow/.local/lib/python3.12/site-packages/airflow/sdk/definitions/dag.py","lineno":1138,"name":"factory"},{"filename":"/opt/airflow/dags/group.py","lineno":28,"name":"group"},{"filename":"/home/airflow/.local/lib/python3.12/site-packages/airflow/sdk/definitions/_internal/mixins.py","lineno":97,"name":"__rshift__"},{"filename":"/home/airflow/.local/lib/python3.12/site-packages/airflow/sdk/definitions/xcom_arg.py","lineno":155,"name":"set_downstream"},{"filename":"/home/airflow/.local/lib/python3.12/site-packages/airflow/sdk/definitions/_internal/node.py","lineno":216,"name":"set_downstream"},{"filename":"/home/airflow/.local/lib/python3.12/site-packages/airflow/sdk/definitions/_internal/node.py","lineno":168,"name":"_set_relatives"}]}]}
{"timestamp":"2025-12-19T14:29:28.697609","level":"info","event":"Filling up the DagBag from /opt/airflow/dags/group.py","logger":"airflow.models.dagbag.DagBag"}
{"timestamp":"2025-12-19T14:29:28.771828","level":"error","event":"Failed to import: /opt/airflow/dags/group.py","logger":"airflow.models.dagbag.DagBag","error_detail":[{"exc_type":"AttributeError","exc_value":"'NoneType' object has no attribute 'update_relative'","exc_notes":[],"syntax_error":null,"is_cause":false,"frames":[{"filename":"/home/airflow/.local/lib/python3.12/site-packages/airflow/models/dagbag.py","lineno":384,"name":"parse"},{"filename":"<frozen importlib._bootstrap_external>","lineno":999,"name":"exec_module"},{"filename":"<frozen importlib._bootstrap>","lineno":488,"name":"_call_with_frames_removed"},{"filename":"/opt/airflow/dags/group.py","lineno":33,"name":"<module>"},{"filename":"/home/airflow/.local/lib/python3.12/site-packages/airflow/sdk/definitions/dag.py","lineno":1138,"name":"factory"},{"filename":"/opt/airflow/dags/group.py","lineno":31,"name":"group"},{"filename":"/home/airflow/.local/lib/python3.12/site-packages/airflow/sdk/definitions/_internal/mixins.py","lineno":97,"name":"__rshift__"},{"filename":"/home/airflow/.local/lib/python3.12/site-packages/airflow/sdk/definitions/xcom_arg.py","lineno":155,"name":"set_downstream"},{"filename":"/home/airflow/.local/lib/python3.12/site-packages/airflow/sdk/definitions/_internal/node.py","lineno":216,"name":"set_downstream"},{"filename":"/home/airflow/.local/lib/python3.12/site-packages/airflow/sdk/definitions/_internal/node.py","lineno":168,"name":"_set_relatives"}]}]}
{"timestamp":"2025-12-19T14:29:40.130693","level":"info","event":"Filling up the DagBag from /opt/airflow/dags/group.py","logger":"airflow.models.dagbag.DagBag"}
{"timestamp":"2025-12-19T14:29:40.213195","level":"error","event":"Failed to import: /opt/airflow/dags/group.py","logger":"airflow.models.dagbag.DagBag","error_detail":[{"exc_type":"AttributeError","exc_value":"'NoneType' object has no attribute 'update_relative'","exc_notes":[],"syntax_error":null,"is_cause":false,"frames":[{"filename":"/home/airflow/.local/lib/python3.12/site-packages/airflow/models/dagbag.py","lineno":384,"name":"parse"},{"filename":"<frozen importlib._bootstrap_external>","lineno":999,"name":"exec_module"},{"filename":"<frozen importlib._bootstrap>","lineno":488,"name":"_call_with_frames_removed"},{"filename":"/opt/airflow/dags/group.py","lineno":33,"name":"<module>"},{"filename":"/home/airflow/.local/lib/python3.12/site-packages/airflow/sdk/definitions/dag.py","lineno":1138,"name":"factory"},{"filename":"/opt/airflow/dags/group.py","lineno":31,"name":"group"},{"filename":"/home/airflow/.local/lib/python3.12/site-packages/airflow/sdk/definitions/_internal/mixins.py","lineno":97,"name":"__rshift__"},{"filename":"/home/airflow/.local/lib/python3.12/site-packages/airflow/sdk/definitions/xcom_arg.py","lineno":155,"name":"set_downstream"},{"filename":"/home/airflow/.local/lib/python3.12/site-packages/airflow/sdk/definitions/_internal/node.py","lineno":216,"name":"set_downstream"},{"filename":"/home/airflow/.local/lib/python3.12/site-packages/airflow/sdk/definitions/_internal/node.py","lineno":168,"name":"_set_relatives"}]}]}
{"timestamp":"2025-12-19T14:29:54.100058","level":"info","event":"Filling up the DagBag from /opt/airflow/dags/group.py","logger":"airflow.models.dagbag.DagBag"}
{"timestamp":"2025-12-19T14:29:54.173750","level":"error","event":"Failed to import: /opt/airflow/dags/group.py","logger":"airflow.models.dagbag.DagBag","error_detail":[{"exc_type":"TypeError","exc_value":"group.<locals>.my_group() missing 1 required positional argument: 'val'","exc_notes":[],"syntax_error":null,"is_cause":false,"frames":[{"filename":"/home/airflow/.local/lib/python3.12/site-packages/airflow/models/dagbag.py","lineno":384,"name":"parse"},{"filename":"<frozen importlib._bootstrap_external>","lineno":999,"name":"exec_module"},{"filename":"<frozen importlib._bootstrap>","lineno":488,"name":"_call_with_frames_removed"},{"filename":"/opt/airflow/dags/group.py","lineno":33,"name":"<module>"},{"filename":"/home/airflow/.local/lib/python3.12/site-packages/airflow/sdk/definitions/dag.py","lineno":1138,"name":"factory"},{"filename":"/opt/airflow/dags/group.py","lineno":31,"name":"group"}]}]}
{"timestamp":"2025-12-19T14:30:18.849185","level":"info","event":"Filling up the DagBag from /opt/airflow/dags/group.py","logger":"airflow.models.dagbag.DagBag"}
{"timestamp":"2025-12-19T14:30:18.936327","level":"error","event":"Failed to import: /opt/airflow/dags/group.py","logger":"airflow.models.dagbag.DagBag","error_detail":[{"exc_type":"TypeError","exc_value":"group.<locals>.my_group() missing 1 required positional argument: 'val'","exc_notes":[],"syntax_error":null,"is_cause":false,"frames":[{"filename":"/home/airflow/.local/lib/python3.12/site-packages/airflow/models/dagbag.py","lineno":384,"name":"parse"},{"filename":"<frozen importlib._bootstrap_external>","lineno":999,"name":"exec_module"},{"filename":"<frozen importlib._bootstrap>","lineno":488,"name":"_call_with_frames_removed"},{"filename":"/opt/airflow/dags/group.py","lineno":33,"name":"<module>"},{"filename":"/home/airflow/.local/lib/python3.12/site-packages/airflow/sdk/definitions/dag.py","lineno":1138,"name":"factory"},{"filename":"/opt/airflow/dags/group.py","lineno":31,"name":"group"}]}]}
{"timestamp":"2025-12-19T14:30:46.045823","level":"info","event":"Filling up the DagBag from /opt/airflow/dags/group.py","logger":"airflow.models.dagbag.DagBag"}
{"timestamp":"2025-12-19T14:30:46.119227","level":"error","event":"Failed to import: /opt/airflow/dags/group.py","logger":"airflow.models.dagbag.DagBag","error_detail":[{"exc_type":"NameError","exc_value":"name 'vL' is not defined","exc_notes":[],"syntax_error":null,"is_cause":false,"frames":[{"filename":"/home/airflow/.local/lib/python3.12/site-packages/airflow/models/dagbag.py","lineno":384,"name":"parse"},{"filename":"<frozen importlib._bootstrap_external>","lineno":999,"name":"exec_module"},{"filename":"<frozen importlib._bootstrap>","lineno":488,"name":"_call_with_frames_removed"},{"filename":"/opt/airflow/dags/group.py","lineno":34,"name":"<module>"},{"filename":"/home/airflow/.local/lib/python3.12/site-packages/airflow/sdk/definitions/dag.py","lineno":1138,"name":"factory"},{"filename":"/opt/airflow/dags/group.py","lineno":32,"name":"group"}]}]}
{"timestamp":"2025-12-19T14:30:48.311013","level":"info","event":"Filling up the DagBag from /opt/airflow/dags/group.py","logger":"airflow.models.dagbag.DagBag"}
{"timestamp":"2025-12-19T14:30:48.402291","level":"error","event":"Failed to import: /opt/airflow/dags/group.py","logger":"airflow.models.dagbag.DagBag","error_detail":[{"exc_type":"NameError","exc_value":"name 'vAL' is not defined","exc_notes":[],"syntax_error":null,"is_cause":false,"frames":[{"filename":"/home/airflow/.local/lib/python3.12/site-packages/airflow/models/dagbag.py","lineno":384,"name":"parse"},{"filename":"<frozen importlib._bootstrap_external>","lineno":999,"name":"exec_module"},{"filename":"<frozen importlib._bootstrap>","lineno":488,"name":"_call_with_frames_removed"},{"filename":"/opt/airflow/dags/group.py","lineno":34,"name":"<module>"},{"filename":"/home/airflow/.local/lib/python3.12/site-packages/airflow/sdk/definitions/dag.py","lineno":1138,"name":"factory"},{"filename":"/opt/airflow/dags/group.py","lineno":32,"name":"group"}]}]}
{"timestamp":"2025-12-19T14:30:49.587486","level":"info","event":"Filling up the DagBag from /opt/airflow/dags/group.py","logger":"airflow.models.dagbag.DagBag"}
{"timestamp":"2025-12-19T14:31:19.943192","level":"info","event":"Filling up the DagBag from /opt/airflow/dags/group.py","logger":"airflow.models.dagbag.DagBag"}
{"timestamp":"2025-12-19T14:31:47.119142","level":"info","event":"Filling up the DagBag from /opt/airflow/dags/group.py","logger":"airflow.models.dagbag.DagBag"}
{"timestamp":"2025-12-19T14:32:12.330287","level":"info","event":"Filling up the DagBag from /opt/airflow/dags/group.py","logger":"airflow.models.dagbag.DagBag"}
{"timestamp":"2025-12-19T14:32:42.745520","level":"info","event":"Filling up the DagBag from /opt/airflow/dags/group.py","logger":"airflow.models.dagbag.DagBag"}
{"timestamp":"2025-12-19T14:33:13.116558","level":"info","event":"Filling up the DagBag from /opt/airflow/dags/group.py","logger":"airflow.models.dagbag.DagBag"}
{"timestamp":"2025-12-19T14:33:43.381437","level":"info","event":"Filling up the DagBag from /opt/airflow/dags/group.py","logger":"airflow.models.dagbag.DagBag"}
{"timestamp":"2025-12-19T14:34:13.704488","level":"info","event":"Filling up the DagBag from /opt/airflow/dags/group.py","logger":"airflow.models.dagbag.DagBag"}
{"timestamp":"2025-12-19T14:34:43.978630","level":"info","event":"Filling up the DagBag from /opt/airflow/dags/group.py","logger":"airflow.models.dagbag.DagBag"}
{"timestamp":"2025-12-19T14:35:14.277538","level":"info","event":"Filling up the DagBag from /opt/airflow/dags/group.py","logger":"airflow.models.dagbag.DagBag"}
{"timestamp":"2025-12-19T14:35:44.547652","level":"info","event":"Filling up the DagBag from /opt/airflow/dags/group.py","logger":"airflow.models.dagbag.DagBag"}
{"timestamp":"2025-12-19T14:36:14.859145","level":"info","event":"Filling up the DagBag from /opt/airflow/dags/group.py","logger":"airflow.models.dagbag.DagBag"}
{"timestamp":"2025-12-19T14:36:45.221477","level":"info","event":"Filling up the DagBag from /opt/airflow/dags/group.py","logger":"airflow.models.dagbag.DagBag"}
{"timestamp":"2025-12-19T14:37:15.501666","level":"info","event":"Filling up the DagBag from /opt/airflow/dags/group.py","logger":"airflow.models.dagbag.DagBag"}
{"timestamp":"2025-12-19T14:37:45.766883","level":"info","event":"Filling up the DagBag from /opt/airflow/dags/group.py","logger":"airflow.models.dagbag.DagBag"}
{"timestamp":"2025-12-19T14:38:16.098136","level":"info","event":"Filling up the DagBag from /opt/airflow/dags/group.py","logger":"airflow.models.dagbag.DagBag"}
{"timestamp":"2025-12-19T14:38:46.414207","level":"info","event":"Filling up the DagBag from /opt/airflow/dags/group.py","logger":"airflow.models.dagbag.DagBag"}
{"timestamp":"2025-12-19T14:39:16.879270","level":"info","event":"Filling up the DagBag from /opt/airflow/dags/group.py","logger":"airflow.models.dagbag.DagBag"}
{"timestamp":"2025-12-19T14:39:47.751367","level":"info","event":"Filling up the DagBag from /opt/airflow/dags/group.py","logger":"airflow.models.dagbag.DagBag"}
{"timestamp":"2025-12-19T14:40:18.228868","level":"info","event":"Filling up the DagBag from /opt/airflow/dags/group.py","logger":"airflow.models.dagbag.DagBag"}
{"timestamp":"2025-12-19T14:40:48.909031","level":"info","event":"Filling up the DagBag from /opt/airflow/dags/group.py","logger":"airflow.models.dagbag.DagBag"}
{"timestamp":"2025-12-19T14:41:19.421399","level":"info","event":"Filling up the DagBag from /opt/airflow/dags/group.py","logger":"airflow.models.dagbag.DagBag"}
{"timestamp":"2025-12-19T14:41:49.636086","level":"info","event":"Filling up the DagBag from /opt/airflow/dags/group.py","logger":"airflow.models.dagbag.DagBag"}
{"timestamp":"2025-12-19T14:42:20.662176","level":"info","event":"Filling up the DagBag from /opt/airflow/dags/group.py","logger":"airflow.models.dagbag.DagBag"}
{"timestamp":"2025-12-19T14:42:51.275804","level":"info","event":"Filling up the DagBag from /opt/airflow/dags/group.py","logger":"airflow.models.dagbag.DagBag"}
{"timestamp":"2025-12-19T14:43:22.247626","level":"info","event":"Filling up the DagBag from /opt/airflow/dags/group.py","logger":"airflow.models.dagbag.DagBag"}
{"timestamp":"2025-12-19T14:43:53.159980","level":"info","event":"Filling up the DagBag from /opt/airflow/dags/group.py","logger":"airflow.models.dagbag.DagBag"}
{"timestamp":"2025-12-19T14:44:23.878499","level":"info","event":"Filling up the DagBag from /opt/airflow/dags/group.py","logger":"airflow.models.dagbag.DagBag"}
{"timestamp":"2025-12-19T14:44:54.293833","level":"info","event":"Filling up the DagBag from /opt/airflow/dags/group.py","logger":"airflow.models.dagbag.DagBag"}
{"timestamp":"2025-12-19T14:45:24.737297","level":"info","event":"Filling up the DagBag from /opt/airflow/dags/group.py","logger":"airflow.models.dagbag.DagBag"}
{"timestamp":"2025-12-19T14:45:55.249781","level":"info","event":"Filling up the DagBag from /opt/airflow/dags/group.py","logger":"airflow.models.dagbag.DagBag"}
{"timestamp":"2025-12-19T14:46:25.955164","level":"info","event":"Filling up the DagBag from /opt/airflow/dags/group.py","logger":"airflow.models.dagbag.DagBag"}
{"timestamp":"2025-12-19T14:46:56.428719","level":"info","event":"Filling up the DagBag from /opt/airflow/dags/group.py","logger":"airflow.models.dagbag.DagBag"}
{"timestamp":"2025-12-19T14:47:27.068883","level":"info","event":"Filling up the DagBag from /opt/airflow/dags/group.py","logger":"airflow.models.dagbag.DagBag"}
{"timestamp":"2025-12-19T14:47:57.680008","level":"info","event":"Filling up the DagBag from /opt/airflow/dags/group.py","logger":"airflow.models.dagbag.DagBag"}
{"timestamp":"2025-12-19T14:48:28.184384","level":"info","event":"Filling up the DagBag from /opt/airflow/dags/group.py","logger":"airflow.models.dagbag.DagBag"}
{"timestamp":"2025-12-19T14:48:58.730092","level":"info","event":"Filling up the DagBag from /opt/airflow/dags/group.py","logger":"airflow.models.dagbag.DagBag"}
{"timestamp":"2025-12-19T14:49:29.387864","level":"info","event":"Filling up the DagBag from /opt/airflow/dags/group.py","logger":"airflow.models.dagbag.DagBag"}
{"timestamp":"2025-12-19T14:49:59.693025","level":"info","event":"Filling up the DagBag from /opt/airflow/dags/group.py","logger":"airflow.models.dagbag.DagBag"}
{"timestamp":"2025-12-19T14:50:30.442308","level":"info","event":"Filling up the DagBag from /opt/airflow/dags/group.py","logger":"airflow.models.dagbag.DagBag"}
{"timestamp":"2025-12-19T14:51:01.158541","level":"info","event":"Filling up the DagBag from /opt/airflow/dags/group.py","logger":"airflow.models.dagbag.DagBag"}
{"timestamp":"2025-12-19T14:51:32.221986","level":"info","event":"Filling up the DagBag from /opt/airflow/dags/group.py","logger":"airflow.models.dagbag.DagBag"}
{"timestamp":"2025-12-19T14:52:03.255960","level":"info","event":"Filling up the DagBag from /opt/airflow/dags/group.py","logger":"airflow.models.dagbag.DagBag"}
{"timestamp":"2025-12-19T14:52:33.951114","level":"info","event":"Filling up the DagBag from /opt/airflow/dags/group.py","logger":"airflow.models.dagbag.DagBag"}
{"timestamp":"2025-12-19T14:53:04.678338","level":"info","event":"Filling up the DagBag from /opt/airflow/dags/group.py","logger":"airflow.models.dagbag.DagBag"}
{"timestamp":"2025-12-19T14:53:35.326418","level":"info","event":"Filling up the DagBag from /opt/airflow/dags/group.py","logger":"airflow.models.dagbag.DagBag"}
{"timestamp":"2025-12-19T14:54:06.056327","level":"info","event":"Filling up the DagBag from /opt/airflow/dags/group.py","logger":"airflow.models.dagbag.DagBag"}
{"timestamp":"2025-12-19T14:54:36.902720","level":"info","event":"Filling up the DagBag from /opt/airflow/dags/group.py","logger":"airflow.models.dagbag.DagBag"}
{"timestamp":"2025-12-19T14:55:08.012161","level":"info","event":"Filling up the DagBag from /opt/airflow/dags/group.py","logger":"airflow.models.dagbag.DagBag"}
{"timestamp":"2025-12-19T14:55:38.945876","level":"info","event":"Filling up the DagBag from /opt/airflow/dags/group.py","logger":"airflow.models.dagbag.DagBag"}
{"timestamp":"2025-12-19T14:56:09.953458","level":"info","event":"Filling up the DagBag from /opt/airflow/dags/group.py","logger":"airflow.models.dagbag.DagBag"}
{"timestamp":"2025-12-19T14:56:40.925237","level":"info","event":"Filling up the DagBag from /opt/airflow/dags/group.py","logger":"airflow.models.dagbag.DagBag"}
{"timestamp":"2025-12-19T14:57:12.110142","level":"info","event":"Filling up the DagBag from /opt/airflow/dags/group.py","logger":"airflow.models.dagbag.DagBag"}
{"timestamp":"2025-12-19T14:57:42.920462","level":"info","event":"Filling up the DagBag from /opt/airflow/dags/group.py","logger":"airflow.models.dagbag.DagBag"}
{"timestamp":"2025-12-19T14:58:13.821342","level":"info","event":"Filling up the DagBag from /opt/airflow/dags/group.py","logger":"airflow.models.dagbag.DagBag"}
{"timestamp":"2025-12-19T14:58:44.733538","level":"info","event":"Filling up the DagBag from /opt/airflow/dags/group.py","logger":"airflow.models.dagbag.DagBag"}
{"timestamp":"2025-12-19T14:59:15.692803","level":"info","event":"Filling up the DagBag from /opt/airflow/dags/group.py","logger":"airflow.models.dagbag.DagBag"}
{"timestamp":"2025-12-19T14:59:46.622899","level":"info","event":"Filling up the DagBag from /opt/airflow/dags/group.py","logger":"airflow.models.dagbag.DagBag"}
{"timestamp":"2025-12-19T15:00:17.583294","level":"info","event":"Filling up the DagBag from /opt/airflow/dags/group.py","logger":"airflow.models.dagbag.DagBag"}
{"timestamp":"2025-12-19T15:00:48.472952","level":"info","event":"Filling up the DagBag from /opt/airflow/dags/group.py","logger":"airflow.models.dagbag.DagBag"}
{"timestamp":"2025-12-19T15:01:19.376798","level":"info","event":"Filling up the DagBag from /opt/airflow/dags/group.py","logger":"airflow.models.dagbag.DagBag"}
{"timestamp":"2025-12-19T15:01:50.187646","level":"info","event":"Filling up the DagBag from /opt/airflow/dags/group.py","logger":"airflow.models.dagbag.DagBag"}
{"timestamp":"2025-12-19T15:02:21.060782","level":"info","event":"Filling up the DagBag from /opt/airflow/dags/group.py","logger":"airflow.models.dagbag.DagBag"}
{"timestamp":"2025-12-19T15:02:51.940654","level":"info","event":"Filling up the DagBag from /opt/airflow/dags/group.py","logger":"airflow.models.dagbag.DagBag"}
{"timestamp":"2025-12-19T15:03:22.929992","level":"info","event":"Filling up the DagBag from /opt/airflow/dags/group.py","logger":"airflow.models.dagbag.DagBag"}
{"timestamp":"2025-12-19T15:03:53.401887","level":"info","event":"Filling up the DagBag from /opt/airflow/dags/group.py","logger":"airflow.models.dagbag.DagBag"}
{"timestamp":"2025-12-19T15:04:24.252250","level":"info","event":"Filling up the DagBag from /opt/airflow/dags/group.py","logger":"airflow.models.dagbag.DagBag"}
{"timestamp":"2025-12-19T15:04:55.097435","level":"info","event":"Filling up the DagBag from /opt/airflow/dags/group.py","logger":"airflow.models.dagbag.DagBag"}
{"timestamp":"2025-12-19T15:05:26.002546","level":"info","event":"Filling up the DagBag from /opt/airflow/dags/group.py","logger":"airflow.models.dagbag.DagBag"}
{"timestamp":"2025-12-19T15:05:56.870785","level":"info","event":"Filling up the DagBag from /opt/airflow/dags/group.py","logger":"airflow.models.dagbag.DagBag"}
{"timestamp":"2025-12-19T15:06:27.722604","level":"info","event":"Filling up the DagBag from /opt/airflow/dags/group.py","logger":"airflow.models.dagbag.DagBag"}
{"timestamp":"2025-12-19T15:06:58.590787","level":"info","event":"Filling up the DagBag from /opt/airflow/dags/group.py","logger":"airflow.models.dagbag.DagBag"}
{"timestamp":"2025-12-19T15:07:29.682646","level":"info","event":"Filling up the DagBag from /opt/airflow/dags/group.py","logger":"airflow.models.dagbag.DagBag"}
{"timestamp":"2025-12-19T15:08:00.804272","level":"info","event":"Filling up the DagBag from /opt/airflow/dags/group.py","logger":"airflow.models.dagbag.DagBag"}
{"timestamp":"2025-12-19T15:08:31.785077","level":"info","event":"Filling up the DagBag from /opt/airflow/dags/group.py","logger":"airflow.models.dagbag.DagBag"}
{"timestamp":"2025-12-19T15:09:02.701791","level":"info","event":"Filling up the DagBag from /opt/airflow/dags/group.py","logger":"airflow.models.dagbag.DagBag"}
{"timestamp":"2025-12-19T15:09:33.815970","level":"info","event":"Filling up the DagBag from /opt/airflow/dags/group.py","logger":"airflow.models.dagbag.DagBag"}
{"timestamp":"2025-12-19T15:10:04.693076","level":"info","event":"Filling up the DagBag from /opt/airflow/dags/group.py","logger":"airflow.models.dagbag.DagBag"}
{"timestamp":"2025-12-19T15:10:35.397560","level":"info","event":"Filling up the DagBag from /opt/airflow/dags/group.py","logger":"airflow.models.dagbag.DagBag"}
{"timestamp":"2025-12-19T15:11:06.118563","level":"info","event":"Filling up the DagBag from /opt/airflow/dags/group.py","logger":"airflow.models.dagbag.DagBag"}
{"timestamp":"2025-12-19T15:11:36.965440","level":"info","event":"Filling up the DagBag from /opt/airflow/dags/group.py","logger":"airflow.models.dagbag.DagBag"}
{"timestamp":"2025-12-19T15:12:07.992438","level":"info","event":"Filling up the DagBag from /opt/airflow/dags/group.py","logger":"airflow.models.dagbag.DagBag"}
{"timestamp":"2025-12-19T15:12:39.022042","level":"info","event":"Filling up the DagBag from /opt/airflow/dags/group.py","logger":"airflow.models.dagbag.DagBag"}
{"timestamp":"2025-12-19T15:13:09.707997","level":"info","event":"Filling up the DagBag from /opt/airflow/dags/group.py","logger":"airflow.models.dagbag.DagBag"}
{"timestamp":"2025-12-19T15:13:40.436470","level":"info","event":"Filling up the DagBag from /opt/airflow/dags/group.py","logger":"airflow.models.dagbag.DagBag"}
{"timestamp":"2025-12-19T15:14:11.050976","level":"info","event":"Filling up the DagBag from /opt/airflow/dags/group.py","logger":"airflow.models.dagbag.DagBag"}
{"timestamp":"2025-12-19T15:14:41.677170","level":"info","event":"Filling up the DagBag from /opt/airflow/dags/group.py","logger":"airflow.models.dagbag.DagBag"}
{"timestamp":"2025-12-19T15:15:12.303749","level":"info","event":"Filling up the DagBag from /opt/airflow/dags/group.py","logger":"airflow.models.dagbag.DagBag"}
{"timestamp":"2025-12-19T15:15:42.937955","level":"info","event":"Filling up the DagBag from /opt/airflow/dags/group.py","logger":"airflow.models.dagbag.DagBag"}
{"timestamp":"2025-12-19T15:16:13.582078","level":"info","event":"Filling up the DagBag from /opt/airflow/dags/group.py","logger":"airflow.models.dagbag.DagBag"}
{"timestamp":"2025-12-19T15:16:44.271099","level":"info","event":"Filling up the DagBag from /opt/airflow/dags/group.py","logger":"airflow.models.dagbag.DagBag"}
{"timestamp":"2025-12-19T15:17:14.891964","level":"info","event":"Filling up the DagBag from /opt/airflow/dags/group.py","logger":"airflow.models.dagbag.DagBag"}
{"timestamp":"2025-12-19T15:17:45.466197","level":"info","event":"Filling up the DagBag from /opt/airflow/dags/group.py","logger":"airflow.models.dagbag.DagBag"}
{"timestamp":"2025-12-19T15:18:16.086780","level":"info","event":"Filling up the DagBag from /opt/airflow/dags/group.py","logger":"airflow.models.dagbag.DagBag"}
{"timestamp":"2025-12-19T15:18:46.697693","level":"info","event":"Filling up the DagBag from /opt/airflow/dags/group.py","logger":"airflow.models.dagbag.DagBag"}
{"timestamp":"2025-12-19T15:19:17.358121","level":"info","event":"Filling up the DagBag from /opt/airflow/dags/group.py","logger":"airflow.models.dagbag.DagBag"}
{"timestamp":"2025-12-19T15:19:48.015535","level":"info","event":"Filling up the DagBag from /opt/airflow/dags/group.py","logger":"airflow.models.dagbag.DagBag"}
{"timestamp":"2025-12-19T15:20:18.626984","level":"info","event":"Filling up the DagBag from /opt/airflow/dags/group.py","logger":"airflow.models.dagbag.DagBag"}
{"timestamp":"2025-12-19T15:20:49.218417","level":"info","event":"Filling up the DagBag from /opt/airflow/dags/group.py","logger":"airflow.models.dagbag.DagBag"}
{"timestamp":"2025-12-19T15:21:19.857269","level":"info","event":"Filling up the DagBag from /opt/airflow/dags/group.py","logger":"airflow.models.dagbag.DagBag"}
{"timestamp":"2025-12-19T15:21:50.447684","level":"info","event":"Filling up the DagBag from /opt/airflow/dags/group.py","logger":"airflow.models.dagbag.DagBag"}
{"timestamp":"2025-12-19T15:22:21.121179","level":"info","event":"Filling up the DagBag from /opt/airflow/dags/group.py","logger":"airflow.models.dagbag.DagBag"}
{"timestamp":"2025-12-19T15:22:51.750236","level":"info","event":"Filling up the DagBag from /opt/airflow/dags/group.py","logger":"airflow.models.dagbag.DagBag"}
{"timestamp":"2025-12-19T15:23:22.364194","level":"info","event":"Filling up the DagBag from /opt/airflow/dags/group.py","logger":"airflow.models.dagbag.DagBag"}
{"timestamp":"2025-12-19T15:23:52.992818","level":"info","event":"Filling up the DagBag from /opt/airflow/dags/group.py","logger":"airflow.models.dagbag.DagBag"}
{"timestamp":"2025-12-19T15:24:23.627690","level":"info","event":"Filling up the DagBag from /opt/airflow/dags/group.py","logger":"airflow.models.dagbag.DagBag"}
{"timestamp":"2025-12-19T15:24:54.239299","level":"info","event":"Filling up the DagBag from /opt/airflow/dags/group.py","logger":"airflow.models.dagbag.DagBag"}
{"timestamp":"2025-12-19T15:25:24.891517","level":"info","event":"Filling up the DagBag from /opt/airflow/dags/group.py","logger":"airflow.models.dagbag.DagBag"}
{"timestamp":"2025-12-19T15:25:55.557464","level":"info","event":"Filling up the DagBag from /opt/airflow/dags/group.py","logger":"airflow.models.dagbag.DagBag"}
{"timestamp":"2025-12-19T15:26:26.157335","level":"info","event":"Filling up the DagBag from /opt/airflow/dags/group.py","logger":"airflow.models.dagbag.DagBag"}
{"timestamp":"2025-12-19T15:26:56.731879","level":"info","event":"Filling up the DagBag from /opt/airflow/dags/group.py","logger":"airflow.models.dagbag.DagBag"}
{"timestamp":"2025-12-19T15:27:27.375764","level":"info","event":"Filling up the DagBag from /opt/airflow/dags/group.py","logger":"airflow.models.dagbag.DagBag"}
{"timestamp":"2025-12-19T15:27:58.036275","level":"info","event":"Filling up the DagBag from /opt/airflow/dags/group.py","logger":"airflow.models.dagbag.DagBag"}
{"timestamp":"2025-12-19T15:28:28.691085","level":"info","event":"Filling up the DagBag from /opt/airflow/dags/group.py","logger":"airflow.models.dagbag.DagBag"}
{"timestamp":"2025-12-19T15:28:59.336093","level":"info","event":"Filling up the DagBag from /opt/airflow/dags/group.py","logger":"airflow.models.dagbag.DagBag"}
{"timestamp":"2025-12-19T15:29:29.999650","level":"info","event":"Filling up the DagBag from /opt/airflow/dags/group.py","logger":"airflow.models.dagbag.DagBag"}
{"timestamp":"2025-12-19T15:30:00.761679","level":"info","event":"Filling up the DagBag from /opt/airflow/dags/group.py","logger":"airflow.models.dagbag.DagBag"}
{"timestamp":"2025-12-19T15:30:31.379980","level":"info","event":"Filling up the DagBag from /opt/airflow/dags/group.py","logger":"airflow.models.dagbag.DagBag"}
{"timestamp":"2025-12-19T15:31:02.016684","level":"info","event":"Filling up the DagBag from /opt/airflow/dags/group.py","logger":"airflow.models.dagbag.DagBag"}
{"timestamp":"2025-12-19T15:31:32.614427","level":"info","event":"Filling up the DagBag from /opt/airflow/dags/group.py","logger":"airflow.models.dagbag.DagBag"}
{"timestamp":"2025-12-19T15:32:03.234016","level":"info","event":"Filling up the DagBag from /opt/airflow/dags/group.py","logger":"airflow.models.dagbag.DagBag"}
{"timestamp":"2025-12-19T15:32:33.870859","level":"info","event":"Filling up the DagBag from /opt/airflow/dags/group.py","logger":"airflow.models.dagbag.DagBag"}
{"timestamp":"2025-12-19T15:33:04.458637","level":"info","event":"Filling up the DagBag from /opt/airflow/dags/group.py","logger":"airflow.models.dagbag.DagBag"}
{"timestamp":"2025-12-19T15:33:35.060046","level":"info","event":"Filling up the DagBag from /opt/airflow/dags/group.py","logger":"airflow.models.dagbag.DagBag"}
{"timestamp":"2025-12-19T15:34:05.682074","level":"info","event":"Filling up the DagBag from /opt/airflow/dags/group.py","logger":"airflow.models.dagbag.DagBag"}
{"timestamp":"2025-12-19T15:34:36.302759","level":"info","event":"Filling up the DagBag from /opt/airflow/dags/group.py","logger":"airflow.models.dagbag.DagBag"}
{"timestamp":"2025-12-19T15:35:06.897381","level":"info","event":"Filling up the DagBag from /opt/airflow/dags/group.py","logger":"airflow.models.dagbag.DagBag"}
{"timestamp":"2025-12-19T15:35:37.597204","level":"info","event":"Filling up the DagBag from /opt/airflow/dags/group.py","logger":"airflow.models.dagbag.DagBag"}
{"timestamp":"2025-12-19T15:36:08.232042","level":"info","event":"Filling up the DagBag from /opt/airflow/dags/group.py","logger":"airflow.models.dagbag.DagBag"}
{"timestamp":"2025-12-19T15:36:38.902213","level":"info","event":"Filling up the DagBag from /opt/airflow/dags/group.py","logger":"airflow.models.dagbag.DagBag"}
{"timestamp":"2025-12-19T15:37:09.582685","level":"info","event":"Filling up the DagBag from /opt/airflow/dags/group.py","logger":"airflow.models.dagbag.DagBag"}
{"timestamp":"2025-12-19T15:37:40.208995","level":"info","event":"Filling up the DagBag from /opt/airflow/dags/group.py","logger":"airflow.models.dagbag.DagBag"}
{"timestamp":"2025-12-19T15:38:10.868382","level":"info","event":"Filling up the DagBag from /opt/airflow/dags/group.py","logger":"airflow.models.dagbag.DagBag"}
{"timestamp":"2025-12-19T15:38:41.506739","level":"info","event":"Filling up the DagBag from /opt/airflow/dags/group.py","logger":"airflow.models.dagbag.DagBag"}
{"timestamp":"2025-12-19T15:39:12.129800","level":"info","event":"Filling up the DagBag from /opt/airflow/dags/group.py","logger":"airflow.models.dagbag.DagBag"}
{"timestamp":"2025-12-19T15:39:42.740890","level":"info","event":"Filling up the DagBag from /opt/airflow/dags/group.py","logger":"airflow.models.dagbag.DagBag"}
{"timestamp":"2025-12-19T15:40:13.427265","level":"info","event":"Filling up the DagBag from /opt/airflow/dags/group.py","logger":"airflow.models.dagbag.DagBag"}
{"timestamp":"2025-12-19T15:40:44.009270","level":"info","event":"Filling up the DagBag from /opt/airflow/dags/group.py","logger":"airflow.models.dagbag.DagBag"}
{"timestamp":"2025-12-19T15:41:14.594771","level":"info","event":"Filling up the DagBag from /opt/airflow/dags/group.py","logger":"airflow.models.dagbag.DagBag"}
{"timestamp":"2025-12-19T15:41:45.209080","level":"info","event":"Filling up the DagBag from /opt/airflow/dags/group.py","logger":"airflow.models.dagbag.DagBag"}
{"timestamp":"2025-12-19T15:42:15.910769","level":"info","event":"Filling up the DagBag from /opt/airflow/dags/group.py","logger":"airflow.models.dagbag.DagBag"}
{"timestamp":"2025-12-19T15:42:46.606605","level":"info","event":"Filling up the DagBag from /opt/airflow/dags/group.py","logger":"airflow.models.dagbag.DagBag"}
{"timestamp":"2025-12-19T15:43:17.235211","level":"info","event":"Filling up the DagBag from /opt/airflow/dags/group.py","logger":"airflow.models.dagbag.DagBag"}
{"timestamp":"2025-12-19T15:43:47.890579","level":"info","event":"Filling up the DagBag from /opt/airflow/dags/group.py","logger":"airflow.models.dagbag.DagBag"}
{"timestamp":"2025-12-19T15:44:18.532038","level":"info","event":"Filling up the DagBag from /opt/airflow/dags/group.py","logger":"airflow.models.dagbag.DagBag"}
{"timestamp":"2025-12-19T15:44:49.223988","level":"info","event":"Filling up the DagBag from /opt/airflow/dags/group.py","logger":"airflow.models.dagbag.DagBag"}
{"timestamp":"2025-12-19T15:45:19.905837","level":"info","event":"Filling up the DagBag from /opt/airflow/dags/group.py","logger":"airflow.models.dagbag.DagBag"}
{"timestamp":"2025-12-19T15:45:50.581307","level":"info","event":"Filling up the DagBag from /opt/airflow/dags/group.py","logger":"airflow.models.dagbag.DagBag"}
{"timestamp":"2025-12-19T15:46:21.183270","level":"info","event":"Filling up the DagBag from /opt/airflow/dags/group.py","logger":"airflow.models.dagbag.DagBag"}
{"timestamp":"2025-12-19T15:46:51.827782","level":"info","event":"Filling up the DagBag from /opt/airflow/dags/group.py","logger":"airflow.models.dagbag.DagBag"}
{"timestamp":"2025-12-19T15:47:22.417637","level":"info","event":"Filling up the DagBag from /opt/airflow/dags/group.py","logger":"airflow.models.dagbag.DagBag"}
{"timestamp":"2025-12-19T15:47:53.317117","level":"info","event":"Filling up the DagBag from /opt/airflow/dags/group.py","logger":"airflow.models.dagbag.DagBag"}
{"timestamp":"2025-12-19T15:48:23.981837","level":"info","event":"Filling up the DagBag from /opt/airflow/dags/group.py","logger":"airflow.models.dagbag.DagBag"}
{"timestamp":"2025-12-19T15:48:54.521713","level":"info","event":"Filling up the DagBag from /opt/airflow/dags/group.py","logger":"airflow.models.dagbag.DagBag"}
{"timestamp":"2025-12-19T15:49:25.454605","level":"info","event":"Filling up the DagBag from /opt/airflow/dags/group.py","logger":"airflow.models.dagbag.DagBag"}
{"timestamp":"2025-12-19T15:49:56.171635","level":"info","event":"Filling up the DagBag from /opt/airflow/dags/group.py","logger":"airflow.models.dagbag.DagBag"}
{"timestamp":"2025-12-19T15:50:27.130664","level":"info","event":"Filling up the DagBag from /opt/airflow/dags/group.py","logger":"airflow.models.dagbag.DagBag"}
{"timestamp":"2025-12-19T15:50:57.505143","level":"info","event":"Filling up the DagBag from /opt/airflow/dags/group.py","logger":"airflow.models.dagbag.DagBag"}
{"timestamp":"2025-12-19T15:51:28.793144","level":"info","event":"Filling up the DagBag from /opt/airflow/dags/group.py","logger":"airflow.models.dagbag.DagBag"}
{"timestamp":"2025-12-19T15:51:59.269873","level":"info","event":"Filling up the DagBag from /opt/airflow/dags/group.py","logger":"airflow.models.dagbag.DagBag"}
{"timestamp":"2025-12-19T15:52:30.131516","level":"info","event":"Filling up the DagBag from /opt/airflow/dags/group.py","logger":"airflow.models.dagbag.DagBag"}
{"timestamp":"2025-12-19T15:53:00.751313","level":"info","event":"Filling up the DagBag from /opt/airflow/dags/group.py","logger":"airflow.models.dagbag.DagBag"}
{"timestamp":"2025-12-19T15:53:31.386791","level":"info","event":"Filling up the DagBag from /opt/airflow/dags/group.py","logger":"airflow.models.dagbag.DagBag"}
{"timestamp":"2025-12-19T15:54:01.981530","level":"info","event":"Filling up the DagBag from /opt/airflow/dags/group.py","logger":"airflow.models.dagbag.DagBag"}
{"timestamp":"2025-12-19T15:54:32.654717","level":"info","event":"Filling up the DagBag from /opt/airflow/dags/group.py","logger":"airflow.models.dagbag.DagBag"}
{"timestamp":"2025-12-19T15:55:03.318193","level":"info","event":"Filling up the DagBag from /opt/airflow/dags/group.py","logger":"airflow.models.dagbag.DagBag"}
{"timestamp":"2025-12-19T15:55:33.961509","level":"info","event":"Filling up the DagBag from /opt/airflow/dags/group.py","logger":"airflow.models.dagbag.DagBag"}
{"timestamp":"2025-12-19T15:56:04.576967","level":"info","event":"Filling up the DagBag from /opt/airflow/dags/group.py","logger":"airflow.models.dagbag.DagBag"}
{"timestamp":"2025-12-19T15:56:35.211441","level":"info","event":"Filling up the DagBag from /opt/airflow/dags/group.py","logger":"airflow.models.dagbag.DagBag"}
{"timestamp":"2025-12-19T15:57:05.818184","level":"info","event":"Filling up the DagBag from /opt/airflow/dags/group.py","logger":"airflow.models.dagbag.DagBag"}
{"timestamp":"2025-12-19T15:57:36.480676","level":"info","event":"Filling up the DagBag from /opt/airflow/dags/group.py","logger":"airflow.models.dagbag.DagBag"}
{"timestamp":"2025-12-19T15:58:07.142950","level":"info","event":"Filling up the DagBag from /opt/airflow/dags/group.py","logger":"airflow.models.dagbag.DagBag"}
{"timestamp":"2025-12-19T15:58:37.757046","level":"info","event":"Filling up the DagBag from /opt/airflow/dags/group.py","logger":"airflow.models.dagbag.DagBag"}
{"timestamp":"2025-12-19T15:59:08.366860","level":"info","event":"Filling up the DagBag from /opt/airflow/dags/group.py","logger":"airflow.models.dagbag.DagBag"}
{"timestamp":"2025-12-19T15:59:39.035368","level":"info","event":"Filling up the DagBag from /opt/airflow/dags/group.py","logger":"airflow.models.dagbag.DagBag"}
{"timestamp":"2025-12-19T16:00:09.672514","level":"info","event":"Filling up the DagBag from /opt/airflow/dags/group.py","logger":"airflow.models.dagbag.DagBag"}
{"timestamp":"2025-12-19T16:00:40.318214","level":"info","event":"Filling up the DagBag from /opt/airflow/dags/group.py","logger":"airflow.models.dagbag.DagBag"}
{"timestamp":"2025-12-19T16:01:10.997932","level":"info","event":"Filling up the DagBag from /opt/airflow/dags/group.py","logger":"airflow.models.dagbag.DagBag"}
{"timestamp":"2025-12-19T16:01:41.580646","level":"info","event":"Filling up the DagBag from /opt/airflow/dags/group.py","logger":"airflow.models.dagbag.DagBag"}
{"timestamp":"2025-12-19T16:02:12.306215","level":"info","event":"Filling up the DagBag from /opt/airflow/dags/group.py","logger":"airflow.models.dagbag.DagBag"}
{"timestamp":"2025-12-19T16:02:42.996000","level":"info","event":"Filling up the DagBag from /opt/airflow/dags/group.py","logger":"airflow.models.dagbag.DagBag"}
{"timestamp":"2025-12-19T16:03:13.616486","level":"info","event":"Filling up the DagBag from /opt/airflow/dags/group.py","logger":"airflow.models.dagbag.DagBag"}
{"timestamp":"2025-12-19T16:03:44.246061","level":"info","event":"Filling up the DagBag from /opt/airflow/dags/group.py","logger":"airflow.models.dagbag.DagBag"}
{"timestamp":"2025-12-19T16:04:14.929718","level":"info","event":"Filling up the DagBag from /opt/airflow/dags/group.py","logger":"airflow.models.dagbag.DagBag"}
{"timestamp":"2025-12-19T16:04:45.547987","level":"info","event":"Filling up the DagBag from /opt/airflow/dags/group.py","logger":"airflow.models.dagbag.DagBag"}
{"timestamp":"2025-12-19T16:05:16.149177","level":"info","event":"Filling up the DagBag from /opt/airflow/dags/group.py","logger":"airflow.models.dagbag.DagBag"}
{"timestamp":"2025-12-19T16:05:46.811252","level":"info","event":"Filling up the DagBag from /opt/airflow/dags/group.py","logger":"airflow.models.dagbag.DagBag"}
{"timestamp":"2025-12-19T16:06:17.520295","level":"info","event":"Filling up the DagBag from /opt/airflow/dags/group.py","logger":"airflow.models.dagbag.DagBag"}
{"timestamp":"2025-12-19T16:06:48.157406","level":"info","event":"Filling up the DagBag from /opt/airflow/dags/group.py","logger":"airflow.models.dagbag.DagBag"}
{"timestamp":"2025-12-19T16:07:18.802962","level":"info","event":"Filling up the DagBag from /opt/airflow/dags/group.py","logger":"airflow.models.dagbag.DagBag"}
{"timestamp":"2025-12-19T16:07:49.455770","level":"info","event":"Filling up the DagBag from /opt/airflow/dags/group.py","logger":"airflow.models.dagbag.DagBag"}
{"timestamp":"2025-12-19T16:08:20.086827","level":"info","event":"Filling up the DagBag from /opt/airflow/dags/group.py","logger":"airflow.models.dagbag.DagBag"}
{"timestamp":"2025-12-19T16:08:50.755487","level":"info","event":"Filling up the DagBag from /opt/airflow/dags/group.py","logger":"airflow.models.dagbag.DagBag"}
{"timestamp":"2025-12-19T16:09:21.361095","level":"info","event":"Filling up the DagBag from /opt/airflow/dags/group.py","logger":"airflow.models.dagbag.DagBag"}
{"timestamp":"2025-12-19T16:09:51.976070","level":"info","event":"Filling up the DagBag from /opt/airflow/dags/group.py","logger":"airflow.models.dagbag.DagBag"}
{"timestamp":"2025-12-19T16:10:22.620979","level":"info","event":"Filling up the DagBag from /opt/airflow/dags/group.py","logger":"airflow.models.dagbag.DagBag"}
{"timestamp":"2025-12-19T16:10:53.244625","level":"info","event":"Filling up the DagBag from /opt/airflow/dags/group.py","logger":"airflow.models.dagbag.DagBag"}
{"timestamp":"2025-12-19T16:11:23.848048","level":"info","event":"Filling up the DagBag from /opt/airflow/dags/group.py","logger":"airflow.models.dagbag.DagBag"}
{"timestamp":"2025-12-19T16:11:54.460503","level":"info","event":"Filling up the DagBag from /opt/airflow/dags/group.py","logger":"airflow.models.dagbag.DagBag"}
{"timestamp":"2025-12-19T16:12:25.108792","level":"info","event":"Filling up the DagBag from /opt/airflow/dags/group.py","logger":"airflow.models.dagbag.DagBag"}
{"timestamp":"2025-12-19T19:18:29.445648","level":"info","event":"Filling up the DagBag from /opt/airflow/dags/group.py","logger":"airflow.models.dagbag.DagBag"}
{"timestamp":"2025-12-19T20:09:45.428724","level":"info","event":"Filling up the DagBag from /opt/airflow/dags/group.py","logger":"airflow.models.dagbag.DagBag"}
{"timestamp":"2025-12-19T20:10:20.910300","level":"info","event":"Filling up the DagBag from /opt/airflow/dags/group.py","logger":"airflow.models.dagbag.DagBag"}
{"timestamp":"2025-12-19T20:10:51.611041","level":"info","event":"Filling up the DagBag from /opt/airflow/dags/group.py","logger":"airflow.models.dagbag.DagBag"}
{"timestamp":"2025-12-19T20:11:22.155733","level":"info","event":"Filling up the DagBag from /opt/airflow/dags/group.py","logger":"airflow.models.dagbag.DagBag"}
{"timestamp":"2025-12-19T20:11:52.549385","level":"info","event":"Filling up the DagBag from /opt/airflow/dags/group.py","logger":"airflow.models.dagbag.DagBag"}
{"timestamp":"2025-12-19T20:12:23.542835","level":"info","event":"Filling up the DagBag from /opt/airflow/dags/group.py","logger":"airflow.models.dagbag.DagBag"}
{"timestamp":"2025-12-19T20:12:53.970908","level":"info","event":"Filling up the DagBag from /opt/airflow/dags/group.py","logger":"airflow.models.dagbag.DagBag"}
{"timestamp":"2025-12-19T20:13:29.615326","level":"info","event":"Filling up the DagBag from /opt/airflow/dags/group.py","logger":"airflow.models.dagbag.DagBag"}
{"timestamp":"2025-12-19T20:14:00.486650","level":"info","event":"Filling up the DagBag from /opt/airflow/dags/group.py","logger":"airflow.models.dagbag.DagBag"}
{"timestamp":"2025-12-19T20:14:36.315650","level":"info","event":"Filling up the DagBag from /opt/airflow/dags/group.py","logger":"airflow.models.dagbag.DagBag"}
{"timestamp":"2025-12-19T20:15:37.785415","level":"info","event":"Filling up the DagBag from /opt/airflow/dags/group.py","logger":"airflow.models.dagbag.DagBag"}
{"timestamp":"2025-12-19T20:16:08.134220","level":"info","event":"Filling up the DagBag from /opt/airflow/dags/group.py","logger":"airflow.models.dagbag.DagBag"}
{"timestamp":"2025-12-19T20:16:43.901693","level":"info","event":"Filling up the DagBag from /opt/airflow/dags/group.py","logger":"airflow.models.dagbag.DagBag"}
{"timestamp":"2025-12-19T20:17:14.289865","level":"info","event":"Filling up the DagBag from /opt/airflow/dags/group.py","logger":"airflow.models.dagbag.DagBag"}
{"timestamp":"2025-12-19T20:18:20.413737","level":"info","event":"Filling up the DagBag from /opt/airflow/dags/group.py","logger":"airflow.models.dagbag.DagBag"}
{"timestamp":"2025-12-19T20:19:26.677538","level":"info","event":"Filling up the DagBag from /opt/airflow/dags/group.py","logger":"airflow.models.dagbag.DagBag"}
{"timestamp":"2025-12-19T20:19:57.156024","level":"info","event":"Filling up the DagBag from /opt/airflow/dags/group.py","logger":"airflow.models.dagbag.DagBag"}
{"timestamp":"2025-12-19T20:20:28.037916","level":"info","event":"Filling up the DagBag from /opt/airflow/dags/group.py","logger":"airflow.models.dagbag.DagBag"}
{"timestamp":"2025-12-19T20:21:29.796228","level":"info","event":"Filling up the DagBag from /opt/airflow/dags/group.py","logger":"airflow.models.dagbag.DagBag"}
{"timestamp":"2025-12-19T20:22:00.269524","level":"info","event":"Filling up the DagBag from /opt/airflow/dags/group.py","logger":"airflow.models.dagbag.DagBag"}
{"timestamp":"2025-12-19T20:22:36.395277","level":"info","event":"Filling up the DagBag from /opt/airflow/dags/group.py","logger":"airflow.models.dagbag.DagBag"}
{"timestamp":"2025-12-19T20:23:06.754440","level":"info","event":"Filling up the DagBag from /opt/airflow/dags/group.py","logger":"airflow.models.dagbag.DagBag"}
{"timestamp":"2025-12-19T20:23:42.880888","level":"info","event":"Filling up the DagBag from /opt/airflow/dags/group.py","logger":"airflow.models.dagbag.DagBag"}
{"timestamp":"2025-12-19T20:24:13.209462","level":"info","event":"Filling up the DagBag from /opt/airflow/dags/group.py","logger":"airflow.models.dagbag.DagBag"}
{"timestamp":"2025-12-19T20:24:48.898705","level":"info","event":"Filling up the DagBag from /opt/airflow/dags/group.py","logger":"airflow.models.dagbag.DagBag"}
{"timestamp":"2025-12-19T20:26:52.334882","level":"info","event":"Filling up the DagBag from /opt/airflow/dags/group.py","logger":"airflow.models.dagbag.DagBag"}
{"timestamp":"2025-12-19T20:27:22.953639","level":"info","event":"Filling up the DagBag from /opt/airflow/dags/group.py","logger":"airflow.models.dagbag.DagBag"}
{"timestamp":"2025-12-19T20:27:53.416041","level":"info","event":"Filling up the DagBag from /opt/airflow/dags/group.py","logger":"airflow.models.dagbag.DagBag"}
{"timestamp":"2025-12-19T20:28:24.149560","level":"info","event":"Filling up the DagBag from /opt/airflow/dags/group.py","logger":"airflow.models.dagbag.DagBag"}
{"timestamp":"2025-12-19T20:30:01.156901","level":"info","event":"Filling up the DagBag from /opt/airflow/dags/group.py","logger":"airflow.models.dagbag.DagBag"}
{"timestamp":"2025-12-19T20:30:36.453787","level":"info","event":"Filling up the DagBag from /opt/airflow/dags/group.py","logger":"airflow.models.dagbag.DagBag"}
{"timestamp":"2025-12-19T20:31:37.909422","level":"info","event":"Filling up the DagBag from /opt/airflow/dags/group.py","logger":"airflow.models.dagbag.DagBag"}
{"timestamp":"2025-12-19T20:33:14.590805","level":"info","event":"Filling up the DagBag from /opt/airflow/dags/group.py","logger":"airflow.models.dagbag.DagBag"}
{"timestamp":"2025-12-19T20:33:45.245265","level":"info","event":"Filling up the DagBag from /opt/airflow/dags/group.py","logger":"airflow.models.dagbag.DagBag"}
{"timestamp":"2025-12-19T20:34:15.709969","level":"info","event":"Filling up the DagBag from /opt/airflow/dags/group.py","logger":"airflow.models.dagbag.DagBag"}
{"timestamp":"2025-12-19T20:34:46.355888","level":"info","event":"Filling up the DagBag from /opt/airflow/dags/group.py","logger":"airflow.models.dagbag.DagBag"}
{"timestamp":"2025-12-19T20:35:16.802558","level":"info","event":"Filling up the DagBag from /opt/airflow/dags/group.py","logger":"airflow.models.dagbag.DagBag"}
{"timestamp":"2025-12-19T20:35:47.437506","level":"info","event":"Filling up the DagBag from /opt/airflow/dags/group.py","logger":"airflow.models.dagbag.DagBag"}
{"timestamp":"2025-12-19T20:37:24.014713","level":"info","event":"Filling up the DagBag from /opt/airflow/dags/group.py","logger":"airflow.models.dagbag.DagBag"}
{"timestamp":"2025-12-19T20:37:54.484800","level":"info","event":"Filling up the DagBag from /opt/airflow/dags/group.py","logger":"airflow.models.dagbag.DagBag"}
{"timestamp":"2025-12-19T20:38:25.155039","level":"info","event":"Filling up the DagBag from /opt/airflow/dags/group.py","logger":"airflow.models.dagbag.DagBag"}
{"timestamp":"2025-12-19T20:38:56.606851","level":"info","event":"Filling up the DagBag from /opt/airflow/dags/group.py","logger":"airflow.models.dagbag.DagBag"}
{"timestamp":"2025-12-19T20:39:27.364070","level":"info","event":"Filling up the DagBag from /opt/airflow/dags/group.py","logger":"airflow.models.dagbag.DagBag"}
{"timestamp":"2025-12-19T20:39:57.994995","level":"info","event":"Filling up the DagBag from /opt/airflow/dags/group.py","logger":"airflow.models.dagbag.DagBag"}
{"timestamp":"2025-12-19T20:41:01.764046","level":"info","event":"Filling up the DagBag from /opt/airflow/dags/group.py","logger":"airflow.models.dagbag.DagBag"}
{"timestamp":"2025-12-19T20:41:32.428956","level":"info","event":"Filling up the DagBag from /opt/airflow/dags/group.py","logger":"airflow.models.dagbag.DagBag"}
{"timestamp":"2025-12-19T20:42:03.028434","level":"info","event":"Filling up the DagBag from /opt/airflow/dags/group.py","logger":"airflow.models.dagbag.DagBag"}
{"timestamp":"2025-12-19T20:42:33.782512","level":"info","event":"Filling up the DagBag from /opt/airflow/dags/group.py","logger":"airflow.models.dagbag.DagBag"}
{"timestamp":"2025-12-19T20:44:05.723938","level":"info","event":"Filling up the DagBag from /opt/airflow/dags/group.py","logger":"airflow.models.dagbag.DagBag"}
{"timestamp":"2025-12-19T20:44:36.834007","level":"info","event":"Filling up the DagBag from /opt/airflow/dags/group.py","logger":"airflow.models.dagbag.DagBag"}
{"timestamp":"2025-12-19T20:45:07.188783","level":"info","event":"Filling up the DagBag from /opt/airflow/dags/group.py","logger":"airflow.models.dagbag.DagBag"}
{"timestamp":"2025-12-19T20:45:38.054394","level":"info","event":"Filling up the DagBag from /opt/airflow/dags/group.py","logger":"airflow.models.dagbag.DagBag"}
{"timestamp":"2025-12-19T20:46:08.668354","level":"info","event":"Filling up the DagBag from /opt/airflow/dags/group.py","logger":"airflow.models.dagbag.DagBag"}
{"timestamp":"2025-12-19T20:47:15.595416","level":"info","event":"Filling up the DagBag from /opt/airflow/dags/group.py","logger":"airflow.models.dagbag.DagBag"}
{"timestamp":"2025-12-19T20:47:46.306586","level":"info","event":"Filling up the DagBag from /opt/airflow/dags/group.py","logger":"airflow.models.dagbag.DagBag"}
{"timestamp":"2025-12-19T20:48:16.783697","level":"info","event":"Filling up the DagBag from /opt/airflow/dags/group.py","logger":"airflow.models.dagbag.DagBag"}
{"timestamp":"2025-12-19T20:48:52.655681","level":"info","event":"Filling up the DagBag from /opt/airflow/dags/group.py","logger":"airflow.models.dagbag.DagBag"}
{"timestamp":"2025-12-19T20:49:23.163030","level":"info","event":"Filling up the DagBag from /opt/airflow/dags/group.py","logger":"airflow.models.dagbag.DagBag"}
{"timestamp":"2025-12-19T20:49:53.640775","level":"info","event":"Filling up the DagBag from /opt/airflow/dags/group.py","logger":"airflow.models.dagbag.DagBag"}
{"timestamp":"2025-12-19T20:50:24.307266","level":"info","event":"Filling up the DagBag from /opt/airflow/dags/group.py","logger":"airflow.models.dagbag.DagBag"}
{"timestamp":"2025-12-19T20:50:54.938447","level":"info","event":"Filling up the DagBag from /opt/airflow/dags/group.py","logger":"airflow.models.dagbag.DagBag"}
{"timestamp":"2025-12-19T20:51:26.036790","level":"info","event":"Filling up the DagBag from /opt/airflow/dags/group.py","logger":"airflow.models.dagbag.DagBag"}
{"timestamp":"2025-12-19T20:52:31.991567","level":"info","event":"Filling up the DagBag from /opt/airflow/dags/group.py","logger":"airflow.models.dagbag.DagBag"}
{"timestamp":"2025-12-19T20:53:02.319627","level":"info","event":"Filling up the DagBag from /opt/airflow/dags/group.py","logger":"airflow.models.dagbag.DagBag"}
{"timestamp":"2025-12-19T20:53:32.703154","level":"info","event":"Filling up the DagBag from /opt/airflow/dags/group.py","logger":"airflow.models.dagbag.DagBag"}
{"timestamp":"2025-12-19T20:54:08.116566","level":"info","event":"Filling up the DagBag from /opt/airflow/dags/group.py","logger":"airflow.models.dagbag.DagBag"}
{"timestamp":"2025-12-19T20:54:43.953049","level":"info","event":"Filling up the DagBag from /opt/airflow/dags/group.py","logger":"airflow.models.dagbag.DagBag"}
{"timestamp":"2025-12-19T20:55:14.862661","level":"info","event":"Filling up the DagBag from /opt/airflow/dags/group.py","logger":"airflow.models.dagbag.DagBag"}
{"timestamp":"2025-12-19T20:55:45.500457","level":"info","event":"Filling up the DagBag from /opt/airflow/dags/group.py","logger":"airflow.models.dagbag.DagBag"}
{"timestamp":"2025-12-19T20:56:21.459510","level":"info","event":"Filling up the DagBag from /opt/airflow/dags/group.py","logger":"airflow.models.dagbag.DagBag"}
{"timestamp":"2025-12-19T20:57:22.823167","level":"info","event":"Filling up the DagBag from /opt/airflow/dags/group.py","logger":"airflow.models.dagbag.DagBag"}
{"timestamp":"2025-12-19T20:58:54.141392","level":"info","event":"Filling up the DagBag from /opt/airflow/dags/group.py","logger":"airflow.models.dagbag.DagBag"}
{"timestamp":"2025-12-19T21:00:31.341736","level":"info","event":"Filling up the DagBag from /opt/airflow/dags/group.py","logger":"airflow.models.dagbag.DagBag"}
{"timestamp":"2025-12-19T21:01:38.037565","level":"info","event":"Filling up the DagBag from /opt/airflow/dags/group.py","logger":"airflow.models.dagbag.DagBag"}
{"timestamp":"2025-12-19T21:02:08.435289","level":"info","event":"Filling up the DagBag from /opt/airflow/dags/group.py","logger":"airflow.models.dagbag.DagBag"}
{"timestamp":"2025-12-19T21:02:44.246897","level":"info","event":"Filling up the DagBag from /opt/airflow/dags/group.py","logger":"airflow.models.dagbag.DagBag"}
{"timestamp":"2025-12-19T21:03:14.914488","level":"info","event":"Filling up the DagBag from /opt/airflow/dags/group.py","logger":"airflow.models.dagbag.DagBag"}
{"timestamp":"2025-12-19T21:03:45.380768","level":"info","event":"Filling up the DagBag from /opt/airflow/dags/group.py","logger":"airflow.models.dagbag.DagBag"}
{"timestamp":"2025-12-19T21:04:16.323898","level":"info","event":"Filling up the DagBag from /opt/airflow/dags/group.py","logger":"airflow.models.dagbag.DagBag"}
{"timestamp":"2025-12-19T21:04:46.786226","level":"info","event":"Filling up the DagBag from /opt/airflow/dags/group.py","logger":"airflow.models.dagbag.DagBag"}
{"timestamp":"2025-12-19T21:06:18.818229","level":"info","event":"Filling up the DagBag from /opt/airflow/dags/group.py","logger":"airflow.models.dagbag.DagBag"}
{"timestamp":"2025-12-19T21:06:54.458257","level":"info","event":"Filling up the DagBag from /opt/airflow/dags/group.py","logger":"airflow.models.dagbag.DagBag"}
{"timestamp":"2025-12-19T21:07:55.848474","level":"info","event":"Filling up the DagBag from /opt/airflow/dags/group.py","logger":"airflow.models.dagbag.DagBag"}
{"timestamp":"2025-12-19T21:08:26.570375","level":"info","event":"Filling up the DagBag from /opt/airflow/dags/group.py","logger":"airflow.models.dagbag.DagBag"}
{"timestamp":"2025-12-19T21:09:02.366555","level":"info","event":"Filling up the DagBag from /opt/airflow/dags/group.py","logger":"airflow.models.dagbag.DagBag"}
{"timestamp":"2025-12-19T21:09:33.346453","level":"info","event":"Filling up the DagBag from /opt/airflow/dags/group.py","logger":"airflow.models.dagbag.DagBag"}
{"timestamp":"2025-12-19T21:10:09.266070","level":"info","event":"Filling up the DagBag from /opt/airflow/dags/group.py","logger":"airflow.models.dagbag.DagBag"}
{"timestamp":"2025-12-19T21:10:40.271332","level":"info","event":"Filling up the DagBag from /opt/airflow/dags/group.py","logger":"airflow.models.dagbag.DagBag"}
{"timestamp":"2025-12-19T21:11:10.791680","level":"info","event":"Filling up the DagBag from /opt/airflow/dags/group.py","logger":"airflow.models.dagbag.DagBag"}
{"timestamp":"2025-12-19T21:11:41.445514","level":"info","event":"Filling up the DagBag from /opt/airflow/dags/group.py","logger":"airflow.models.dagbag.DagBag"}
{"timestamp":"2025-12-19T21:12:12.323053","level":"info","event":"Filling up the DagBag from /opt/airflow/dags/group.py","logger":"airflow.models.dagbag.DagBag"}
{"timestamp":"2025-12-19T21:14:20.260161","level":"info","event":"Filling up the DagBag from /opt/airflow/dags/group.py","logger":"airflow.models.dagbag.DagBag"}
{"timestamp":"2025-12-19T21:14:55.607071","level":"info","event":"Filling up the DagBag from /opt/airflow/dags/group.py","logger":"airflow.models.dagbag.DagBag"}
{"timestamp":"2025-12-19T21:15:26.196987","level":"info","event":"Filling up the DagBag from /opt/airflow/dags/group.py","logger":"airflow.models.dagbag.DagBag"}
{"timestamp":"2025-12-19T21:15:56.960697","level":"info","event":"Filling up the DagBag from /opt/airflow/dags/group.py","logger":"airflow.models.dagbag.DagBag"}
{"timestamp":"2025-12-19T21:16:27.531195","level":"info","event":"Filling up the DagBag from /opt/airflow/dags/group.py","logger":"airflow.models.dagbag.DagBag"}
{"timestamp":"2025-12-19T21:16:58.143401","level":"info","event":"Filling up the DagBag from /opt/airflow/dags/group.py","logger":"airflow.models.dagbag.DagBag"}
{"timestamp":"2025-12-19T21:17:28.807182","level":"info","event":"Filling up the DagBag from /opt/airflow/dags/group.py","logger":"airflow.models.dagbag.DagBag"}
{"timestamp":"2025-12-19T21:17:59.372160","level":"info","event":"Filling up the DagBag from /opt/airflow/dags/group.py","logger":"airflow.models.dagbag.DagBag"}
{"timestamp":"2025-12-19T21:18:29.777414","level":"info","event":"Filling up the DagBag from /opt/airflow/dags/group.py","logger":"airflow.models.dagbag.DagBag"}
{"timestamp":"2025-12-19T21:19:40.538108","level":"info","event":"Filling up the DagBag from /opt/airflow/dags/group.py","logger":"airflow.models.dagbag.DagBag"}
{"timestamp":"2025-12-19T21:20:41.715035","level":"info","event":"Filling up the DagBag from /opt/airflow/dags/group.py","logger":"airflow.models.dagbag.DagBag"}
{"timestamp":"2025-12-19T21:21:43.162433","level":"info","event":"Filling up the DagBag from /opt/airflow/dags/group.py","logger":"airflow.models.dagbag.DagBag"}
{"timestamp":"2025-12-19T21:22:19.035922","level":"info","event":"Filling up the DagBag from /opt/airflow/dags/group.py","logger":"airflow.models.dagbag.DagBag"}
{"timestamp":"2025-12-19T21:22:54.595712","level":"info","event":"Filling up the DagBag from /opt/airflow/dags/group.py","logger":"airflow.models.dagbag.DagBag"}
{"timestamp":"2025-12-19T21:23:25.117567","level":"info","event":"Filling up the DagBag from /opt/airflow/dags/group.py","logger":"airflow.models.dagbag.DagBag"}
{"timestamp":"2025-12-19T21:23:55.800273","level":"info","event":"Filling up the DagBag from /opt/airflow/dags/group.py","logger":"airflow.models.dagbag.DagBag"}
{"timestamp":"2025-12-19T21:24:26.393087","level":"info","event":"Filling up the DagBag from /opt/airflow/dags/group.py","logger":"airflow.models.dagbag.DagBag"}
{"timestamp":"2025-12-19T21:25:01.886950","level":"info","event":"Filling up the DagBag from /opt/airflow/dags/group.py","logger":"airflow.models.dagbag.DagBag"}
{"timestamp":"2025-12-19T21:25:37.212994","level":"info","event":"Filling up the DagBag from /opt/airflow/dags/group.py","logger":"airflow.models.dagbag.DagBag"}
{"timestamp":"2025-12-19T21:26:44.571287","level":"info","event":"Filling up the DagBag from /opt/airflow/dags/group.py","logger":"airflow.models.dagbag.DagBag"}
{"timestamp":"2025-12-19T21:27:15.055016","level":"info","event":"Filling up the DagBag from /opt/airflow/dags/group.py","logger":"airflow.models.dagbag.DagBag"}
{"timestamp":"2025-12-19T21:27:45.740733","level":"info","event":"Filling up the DagBag from /opt/airflow/dags/group.py","logger":"airflow.models.dagbag.DagBag"}
{"timestamp":"2025-12-19T21:28:16.285907","level":"info","event":"Filling up the DagBag from /opt/airflow/dags/group.py","logger":"airflow.models.dagbag.DagBag"}
{"timestamp":"2025-12-19T21:28:47.077260","level":"info","event":"Filling up the DagBag from /opt/airflow/dags/group.py","logger":"airflow.models.dagbag.DagBag"}
{"timestamp":"2025-12-19T21:30:19.633221","level":"info","event":"Filling up the DagBag from /opt/airflow/dags/group.py","logger":"airflow.models.dagbag.DagBag"}
{"timestamp":"2025-12-19T21:30:50.149757","level":"info","event":"Filling up the DagBag from /opt/airflow/dags/group.py","logger":"airflow.models.dagbag.DagBag"}
{"timestamp":"2025-12-19T21:31:51.323709","level":"info","event":"Filling up the DagBag from /opt/airflow/dags/group.py","logger":"airflow.models.dagbag.DagBag"}
{"timestamp":"2025-12-19T21:32:52.569001","level":"info","event":"Filling up the DagBag from /opt/airflow/dags/group.py","logger":"airflow.models.dagbag.DagBag"}
{"timestamp":"2025-12-19T21:33:23.268162","level":"info","event":"Filling up the DagBag from /opt/airflow/dags/group.py","logger":"airflow.models.dagbag.DagBag"}
{"timestamp":"2025-12-19T21:55:42.792517","level":"info","event":"Filling up the DagBag from /opt/airflow/dags/group.py","logger":"airflow.models.dagbag.DagBag"}
{"timestamp":"2025-12-19T21:56:13.459852","level":"info","event":"Filling up the DagBag from /opt/airflow/dags/group.py","logger":"airflow.models.dagbag.DagBag"}
{"timestamp":"2025-12-19T21:56:44.011322","level":"info","event":"Filling up the DagBag from /opt/airflow/dags/group.py","logger":"airflow.models.dagbag.DagBag"}
{"timestamp":"2025-12-19T21:57:19.342663","level":"info","event":"Filling up the DagBag from /opt/airflow/dags/group.py","logger":"airflow.models.dagbag.DagBag"}
{"timestamp":"2025-12-19T21:57:54.655316","level":"info","event":"Filling up the DagBag from /opt/airflow/dags/group.py","logger":"airflow.models.dagbag.DagBag"}
{"timestamp":"2025-12-19T21:58:30.663075","level":"info","event":"Filling up the DagBag from /opt/airflow/dags/group.py","logger":"airflow.models.dagbag.DagBag"}
{"timestamp":"2025-12-19T21:59:32.424550","level":"info","event":"Filling up the DagBag from /opt/airflow/dags/group.py","logger":"airflow.models.dagbag.DagBag"}
{"timestamp":"2025-12-19T22:00:34.421159","level":"info","event":"Filling up the DagBag from /opt/airflow/dags/group.py","logger":"airflow.models.dagbag.DagBag"}
{"timestamp":"2025-12-19T22:01:40.164597","level":"info","event":"Filling up the DagBag from /opt/airflow/dags/group.py","logger":"airflow.models.dagbag.DagBag"}
{"timestamp":"2025-12-19T22:02:15.820997","level":"info","event":"Filling up the DagBag from /opt/airflow/dags/group.py","logger":"airflow.models.dagbag.DagBag"}
{"timestamp":"2025-12-19T22:02:46.526728","level":"info","event":"Filling up the DagBag from /opt/airflow/dags/group.py","logger":"airflow.models.dagbag.DagBag"}
{"timestamp":"2025-12-19T22:03:22.410835","level":"info","event":"Filling up the DagBag from /opt/airflow/dags/group.py","logger":"airflow.models.dagbag.DagBag"}
{"timestamp":"2025-12-19T22:03:57.707002","level":"info","event":"Filling up the DagBag from /opt/airflow/dags/group.py","logger":"airflow.models.dagbag.DagBag"}
{"timestamp":"2025-12-19T22:04:33.322706","level":"info","event":"Filling up the DagBag from /opt/airflow/dags/group.py","logger":"airflow.models.dagbag.DagBag"}
{"timestamp":"2025-12-19T22:05:09.227930","level":"info","event":"Filling up the DagBag from /opt/airflow/dags/group.py","logger":"airflow.models.dagbag.DagBag"}
{"timestamp":"2025-12-19T22:05:39.894713","level":"info","event":"Filling up the DagBag from /opt/airflow/dags/group.py","logger":"airflow.models.dagbag.DagBag"}
{"timestamp":"2025-12-19T22:06:10.591794","level":"info","event":"Filling up the DagBag from /opt/airflow/dags/group.py","logger":"airflow.models.dagbag.DagBag"}
{"timestamp":"2025-12-19T22:06:41.286052","level":"info","event":"Filling up the DagBag from /opt/airflow/dags/group.py","logger":"airflow.models.dagbag.DagBag"}
{"timestamp":"2025-12-19T22:07:12.058464","level":"info","event":"Filling up the DagBag from /opt/airflow/dags/group.py","logger":"airflow.models.dagbag.DagBag"}
{"timestamp":"2025-12-19T22:07:42.646795","level":"info","event":"Filling up the DagBag from /opt/airflow/dags/group.py","logger":"airflow.models.dagbag.DagBag"}
{"timestamp":"2025-12-19T22:08:13.448148","level":"info","event":"Filling up the DagBag from /opt/airflow/dags/group.py","logger":"airflow.models.dagbag.DagBag"}
{"timestamp":"2025-12-19T22:08:44.189620","level":"info","event":"Filling up the DagBag from /opt/airflow/dags/group.py","logger":"airflow.models.dagbag.DagBag"}
{"timestamp":"2025-12-19T22:09:15.076918","level":"info","event":"Filling up the DagBag from /opt/airflow/dags/group.py","logger":"airflow.models.dagbag.DagBag"}
{"timestamp":"2025-12-19T22:09:50.508288","level":"info","event":"Filling up the DagBag from /opt/airflow/dags/group.py","logger":"airflow.models.dagbag.DagBag"}
{"timestamp":"2025-12-19T22:10:21.669781","level":"info","event":"Filling up the DagBag from /opt/airflow/dags/group.py","logger":"airflow.models.dagbag.DagBag"}
{"timestamp":"2025-12-19T22:10:57.097094","level":"info","event":"Filling up the DagBag from /opt/airflow/dags/group.py","logger":"airflow.models.dagbag.DagBag"}
{"timestamp":"2025-12-19T22:11:32.680760","level":"info","event":"Filling up the DagBag from /opt/airflow/dags/group.py","logger":"airflow.models.dagbag.DagBag"}
{"timestamp":"2025-12-19T22:12:34.041335","level":"info","event":"Filling up the DagBag from /opt/airflow/dags/group.py","logger":"airflow.models.dagbag.DagBag"}
{"timestamp":"2025-12-19T22:13:09.998819","level":"info","event":"Filling up the DagBag from /opt/airflow/dags/group.py","logger":"airflow.models.dagbag.DagBag"}
{"timestamp":"2025-12-19T22:14:11.015836","level":"info","event":"Filling up the DagBag from /opt/airflow/dags/group.py","logger":"airflow.models.dagbag.DagBag"}
{"timestamp":"2025-12-19T22:14:41.722156","level":"info","event":"Filling up the DagBag from /opt/airflow/dags/group.py","logger":"airflow.models.dagbag.DagBag"}
{"timestamp":"2025-12-19T22:15:12.672845","level":"info","event":"Filling up the DagBag from /opt/airflow/dags/group.py","logger":"airflow.models.dagbag.DagBag"}
{"timestamp":"2025-12-19T22:16:14.060135","level":"info","event":"Filling up the DagBag from /opt/airflow/dags/group.py","logger":"airflow.models.dagbag.DagBag"}
{"timestamp":"2025-12-19T22:17:52.713240","level":"info","event":"Filling up the DagBag from /opt/airflow/dags/group.py","logger":"airflow.models.dagbag.DagBag"}
{"timestamp":"2025-12-19T22:18:23.875970","level":"info","event":"Filling up the DagBag from /opt/airflow/dags/group.py","logger":"airflow.models.dagbag.DagBag"}
{"timestamp":"2025-12-19T22:18:57.586890","level":"info","event":"Filling up the DagBag from /opt/airflow/dags/group.py","logger":"airflow.models.dagbag.DagBag"}
{"timestamp":"2025-12-19T22:19:28.002228","level":"info","event":"Filling up the DagBag from /opt/airflow/dags/group.py","logger":"airflow.models.dagbag.DagBag"}
{"timestamp":"2025-12-19T22:19:58.966790","level":"info","event":"Filling up the DagBag from /opt/airflow/dags/group.py","logger":"airflow.models.dagbag.DagBag"}
{"timestamp":"2025-12-19T22:21:00.319754","level":"info","event":"Filling up the DagBag from /opt/airflow/dags/group.py","logger":"airflow.models.dagbag.DagBag"}
{"timestamp":"2025-12-19T22:21:35.955592","level":"info","event":"Filling up the DagBag from /opt/airflow/dags/group.py","logger":"airflow.models.dagbag.DagBag"}
{"timestamp":"2025-12-19T22:22:11.842916","level":"info","event":"Filling up the DagBag from /opt/airflow/dags/group.py","logger":"airflow.models.dagbag.DagBag"}
{"timestamp":"2025-12-19T22:22:42.608804","level":"info","event":"Filling up the DagBag from /opt/airflow/dags/group.py","logger":"airflow.models.dagbag.DagBag"}
{"timestamp":"2025-12-19T22:24:46.314486","level":"info","event":"Filling up the DagBag from /opt/airflow/dags/group.py","logger":"airflow.models.dagbag.DagBag"}
{"timestamp":"2025-12-19T22:26:18.972455","level":"info","event":"Filling up the DagBag from /opt/airflow/dags/group.py","logger":"airflow.models.dagbag.DagBag"}
{"timestamp":"2025-12-19T22:26:49.938983","level":"info","event":"Filling up the DagBag from /opt/airflow/dags/group.py","logger":"airflow.models.dagbag.DagBag"}
{"timestamp":"2025-12-19T22:27:20.622138","level":"info","event":"Filling up the DagBag from /opt/airflow/dags/group.py","logger":"airflow.models.dagbag.DagBag"}
{"timestamp":"2025-12-19T22:28:26.654746","level":"info","event":"Filling up the DagBag from /opt/airflow/dags/group.py","logger":"airflow.models.dagbag.DagBag"}
{"timestamp":"2025-12-19T22:29:28.039021","level":"info","event":"Filling up the DagBag from /opt/airflow/dags/group.py","logger":"airflow.models.dagbag.DagBag"}
{"timestamp":"2025-12-19T22:29:58.795225","level":"info","event":"Filling up the DagBag from /opt/airflow/dags/group.py","logger":"airflow.models.dagbag.DagBag"}
{"timestamp":"2025-12-19T22:30:29.671227","level":"info","event":"Filling up the DagBag from /opt/airflow/dags/group.py","logger":"airflow.models.dagbag.DagBag"}
{"timestamp":"2025-12-19T22:31:31.757687","level":"info","event":"Filling up the DagBag from /opt/airflow/dags/group.py","logger":"airflow.models.dagbag.DagBag"}
{"timestamp":"2025-12-19T22:32:02.637900","level":"info","event":"Filling up the DagBag from /opt/airflow/dags/group.py","logger":"airflow.models.dagbag.DagBag"}
{"timestamp":"2025-12-19T22:32:33.524216","level":"info","event":"Filling up the DagBag from /opt/airflow/dags/group.py","logger":"airflow.models.dagbag.DagBag"}
{"timestamp":"2025-12-19T22:33:09.492759","level":"info","event":"Filling up the DagBag from /opt/airflow/dags/group.py","logger":"airflow.models.dagbag.DagBag"}
{"timestamp":"2025-12-19T22:33:40.354745","level":"info","event":"Filling up the DagBag from /opt/airflow/dags/group.py","logger":"airflow.models.dagbag.DagBag"}
{"timestamp":"2025-12-19T22:34:11.268468","level":"info","event":"Filling up the DagBag from /opt/airflow/dags/group.py","logger":"airflow.models.dagbag.DagBag"}
{"timestamp":"2025-12-19T22:35:20.990299","level":"info","event":"Filling up the DagBag from /opt/airflow/dags/group.py","logger":"airflow.models.dagbag.DagBag"}
{"timestamp":"2025-12-19T22:36:58.864509","level":"info","event":"Filling up the DagBag from /opt/airflow/dags/group.py","logger":"airflow.models.dagbag.DagBag"}
{"timestamp":"2025-12-19T22:38:10.123951","level":"info","event":"Filling up the DagBag from /opt/airflow/dags/group.py","logger":"airflow.models.dagbag.DagBag"}
{"timestamp":"2025-12-19T22:38:45.839375","level":"info","event":"Filling up the DagBag from /opt/airflow/dags/group.py","logger":"airflow.models.dagbag.DagBag"}
{"timestamp":"2025-12-19T22:39:16.422822","level":"info","event":"Filling up the DagBag from /opt/airflow/dags/group.py","logger":"airflow.models.dagbag.DagBag"}
{"timestamp":"2025-12-19T22:39:47.572842","level":"info","event":"Filling up the DagBag from /opt/airflow/dags/group.py","logger":"airflow.models.dagbag.DagBag"}
{"timestamp":"2025-12-19T22:40:18.855705","level":"info","event":"Filling up the DagBag from /opt/airflow/dags/group.py","logger":"airflow.models.dagbag.DagBag"}
{"timestamp":"2025-12-19T22:41:30.728158","level":"info","event":"Filling up the DagBag from /opt/airflow/dags/group.py","logger":"airflow.models.dagbag.DagBag"}
{"timestamp":"2025-12-19T22:42:02.218954","level":"info","event":"Filling up the DagBag from /opt/airflow/dags/group.py","logger":"airflow.models.dagbag.DagBag"}
{"timestamp":"2025-12-19T22:42:37.548008","level":"info","event":"Filling up the DagBag from /opt/airflow/dags/group.py","logger":"airflow.models.dagbag.DagBag"}
{"timestamp":"2025-12-19T22:43:08.096577","level":"info","event":"Filling up the DagBag from /opt/airflow/dags/group.py","logger":"airflow.models.dagbag.DagBag"}
{"timestamp":"2025-12-19T22:43:38.776394","level":"info","event":"Filling up the DagBag from /opt/airflow/dags/group.py","logger":"airflow.models.dagbag.DagBag"}
{"timestamp":"2025-12-19T22:45:11.996402","level":"info","event":"Filling up the DagBag from /opt/airflow/dags/group.py","logger":"airflow.models.dagbag.DagBag"}
{"timestamp":"2025-12-19T22:45:42.703934","level":"info","event":"Filling up the DagBag from /opt/airflow/dags/group.py","logger":"airflow.models.dagbag.DagBag"}
{"timestamp":"2025-12-19T22:46:44.020594","level":"info","event":"Filling up the DagBag from /opt/airflow/dags/group.py","logger":"airflow.models.dagbag.DagBag"}
{"timestamp":"2025-12-19T22:47:19.086788","level":"info","event":"Filling up the DagBag from /opt/airflow/dags/group.py","logger":"airflow.models.dagbag.DagBag"}
{"timestamp":"2025-12-19T22:47:54.555870","level":"info","event":"Filling up the DagBag from /opt/airflow/dags/group.py","logger":"airflow.models.dagbag.DagBag"}
{"timestamp":"2025-12-19T22:48:25.153622","level":"info","event":"Filling up the DagBag from /opt/airflow/dags/group.py","logger":"airflow.models.dagbag.DagBag"}
{"timestamp":"2025-12-19T22:48:55.937059","level":"info","event":"Filling up the DagBag from /opt/airflow/dags/group.py","logger":"airflow.models.dagbag.DagBag"}
{"timestamp":"2025-12-19T22:49:31.970079","level":"info","event":"Filling up the DagBag from /opt/airflow/dags/group.py","logger":"airflow.models.dagbag.DagBag"}
{"timestamp":"2025-12-19T22:50:02.553205","level":"info","event":"Filling up the DagBag from /opt/airflow/dags/group.py","logger":"airflow.models.dagbag.DagBag"}
{"timestamp":"2025-12-19T22:50:33.371380","level":"info","event":"Filling up the DagBag from /opt/airflow/dags/group.py","logger":"airflow.models.dagbag.DagBag"}
{"timestamp":"2025-12-19T22:51:34.713694","level":"info","event":"Filling up the DagBag from /opt/airflow/dags/group.py","logger":"airflow.models.dagbag.DagBag"}
{"timestamp":"2025-12-19T22:52:10.126492","level":"info","event":"Filling up the DagBag from /opt/airflow/dags/group.py","logger":"airflow.models.dagbag.DagBag"}
{"timestamp":"2025-12-19T22:52:40.739596","level":"info","event":"Filling up the DagBag from /opt/airflow/dags/group.py","logger":"airflow.models.dagbag.DagBag"}
{"timestamp":"2025-12-19T22:53:11.327589","level":"info","event":"Filling up the DagBag from /opt/airflow/dags/group.py","logger":"airflow.models.dagbag.DagBag"}
{"timestamp":"2025-12-19T22:53:42.251363","level":"info","event":"Filling up the DagBag from /opt/airflow/dags/group.py","logger":"airflow.models.dagbag.DagBag"}
{"timestamp":"2025-12-19T22:54:18.096253","level":"info","event":"Filling up the DagBag from /opt/airflow/dags/group.py","logger":"airflow.models.dagbag.DagBag"}
{"timestamp":"2025-12-19T22:54:48.918973","level":"info","event":"Filling up the DagBag from /opt/airflow/dags/group.py","logger":"airflow.models.dagbag.DagBag"}
{"timestamp":"2025-12-19T22:55:50.143990","level":"info","event":"Filling up the DagBag from /opt/airflow/dags/group.py","logger":"airflow.models.dagbag.DagBag"}
{"timestamp":"2025-12-19T22:56:20.625565","level":"info","event":"Filling up the DagBag from /opt/airflow/dags/group.py","logger":"airflow.models.dagbag.DagBag"}
{"timestamp":"2025-12-19T22:56:51.206279","level":"info","event":"Filling up the DagBag from /opt/airflow/dags/group.py","logger":"airflow.models.dagbag.DagBag"}
{"timestamp":"2025-12-19T22:57:22.665544","level":"info","event":"Filling up the DagBag from /opt/airflow/dags/group.py","logger":"airflow.models.dagbag.DagBag"}
{"timestamp":"2025-12-19T22:57:53.708882","level":"info","event":"Filling up the DagBag from /opt/airflow/dags/group.py","logger":"airflow.models.dagbag.DagBag"}
{"timestamp":"2025-12-19T22:58:28.767158","level":"info","event":"Filling up the DagBag from /opt/airflow/dags/group.py","logger":"airflow.models.dagbag.DagBag"}
{"timestamp":"2025-12-19T22:59:30.117021","level":"info","event":"Filling up the DagBag from /opt/airflow/dags/group.py","logger":"airflow.models.dagbag.DagBag"}
{"timestamp":"2025-12-19T23:00:00.725340","level":"info","event":"Filling up the DagBag from /opt/airflow/dags/group.py","logger":"airflow.models.dagbag.DagBag"}
{"timestamp":"2025-12-19T23:00:36.256130","level":"info","event":"Filling up the DagBag from /opt/airflow/dags/group.py","logger":"airflow.models.dagbag.DagBag"}
{"timestamp":"2025-12-19T23:01:06.729114","level":"info","event":"Filling up the DagBag from /opt/airflow/dags/group.py","logger":"airflow.models.dagbag.DagBag"}
{"timestamp":"2025-12-19T23:01:37.636257","level":"info","event":"Filling up the DagBag from /opt/airflow/dags/group.py","logger":"airflow.models.dagbag.DagBag"}
{"timestamp":"2025-12-19T23:02:08.211942","level":"info","event":"Filling up the DagBag from /opt/airflow/dags/group.py","logger":"airflow.models.dagbag.DagBag"}
{"timestamp":"2025-12-19T23:02:42.241456","level":"info","event":"Filling up the DagBag from /opt/airflow/dags/group.py","logger":"airflow.models.dagbag.DagBag"}
{"timestamp":"2025-12-19T23:03:12.698011","level":"info","event":"Filling up the DagBag from /opt/airflow/dags/group.py","logger":"airflow.models.dagbag.DagBag"}
{"timestamp":"2025-12-19T23:03:43.953856","level":"info","event":"Filling up the DagBag from /opt/airflow/dags/group.py","logger":"airflow.models.dagbag.DagBag"}
{"timestamp":"2025-12-19T23:04:14.657775","level":"info","event":"Filling up the DagBag from /opt/airflow/dags/group.py","logger":"airflow.models.dagbag.DagBag"}
{"timestamp":"2025-12-19T23:04:45.490566","level":"info","event":"Filling up the DagBag from /opt/airflow/dags/group.py","logger":"airflow.models.dagbag.DagBag"}
{"timestamp":"2025-12-19T23:05:16.387756","level":"info","event":"Filling up the DagBag from /opt/airflow/dags/group.py","logger":"airflow.models.dagbag.DagBag"}
{"timestamp":"2025-12-19T23:05:47.259284","level":"info","event":"Filling up the DagBag from /opt/airflow/dags/group.py","logger":"airflow.models.dagbag.DagBag"}
{"timestamp":"2025-12-19T23:06:18.051411","level":"info","event":"Filling up the DagBag from /opt/airflow/dags/group.py","logger":"airflow.models.dagbag.DagBag"}
{"timestamp":"2025-12-19T23:06:52.854124","level":"info","event":"Filling up the DagBag from /opt/airflow/dags/group.py","logger":"airflow.models.dagbag.DagBag"}
{"timestamp":"2025-12-19T23:07:23.823174","level":"info","event":"Filling up the DagBag from /opt/airflow/dags/group.py","logger":"airflow.models.dagbag.DagBag"}
{"timestamp":"2025-12-19T23:07:59.608369","level":"info","event":"Filling up the DagBag from /opt/airflow/dags/group.py","logger":"airflow.models.dagbag.DagBag"}
{"timestamp":"2025-12-19T23:08:30.427370","level":"info","event":"Filling up the DagBag from /opt/airflow/dags/group.py","logger":"airflow.models.dagbag.DagBag"}
{"timestamp":"2025-12-19T23:09:31.484936","level":"info","event":"Filling up the DagBag from /opt/airflow/dags/group.py","logger":"airflow.models.dagbag.DagBag"}
{"timestamp":"2025-12-19T23:10:07.153607","level":"info","event":"Filling up the DagBag from /opt/airflow/dags/group.py","logger":"airflow.models.dagbag.DagBag"}
{"timestamp":"2025-12-19T23:10:43.109649","level":"info","event":"Filling up the DagBag from /opt/airflow/dags/group.py","logger":"airflow.models.dagbag.DagBag"}
{"timestamp":"2025-12-19T23:12:15.290322","level":"info","event":"Filling up the DagBag from /opt/airflow/dags/group.py","logger":"airflow.models.dagbag.DagBag"}
{"timestamp":"2025-12-19T23:12:49.840699","level":"info","event":"Filling up the DagBag from /opt/airflow/dags/group.py","logger":"airflow.models.dagbag.DagBag"}
{"timestamp":"2025-12-19T23:13:20.541988","level":"info","event":"Filling up the DagBag from /opt/airflow/dags/group.py","logger":"airflow.models.dagbag.DagBag"}
{"timestamp":"2025-12-19T23:14:22.153171","level":"info","event":"Filling up the DagBag from /opt/airflow/dags/group.py","logger":"airflow.models.dagbag.DagBag"}
{"timestamp":"2025-12-19T23:14:53.005202","level":"info","event":"Filling up the DagBag from /opt/airflow/dags/group.py","logger":"airflow.models.dagbag.DagBag"}
{"timestamp":"2025-12-19T23:15:58.906181","level":"info","event":"Filling up the DagBag from /opt/airflow/dags/group.py","logger":"airflow.models.dagbag.DagBag"}
{"timestamp":"2025-12-19T23:16:29.622850","level":"info","event":"Filling up the DagBag from /opt/airflow/dags/group.py","logger":"airflow.models.dagbag.DagBag"}
{"timestamp":"2025-12-19T23:17:35.814436","level":"info","event":"Filling up the DagBag from /opt/airflow/dags/group.py","logger":"airflow.models.dagbag.DagBag"}
{"timestamp":"2025-12-19T23:18:11.396470","level":"info","event":"Filling up the DagBag from /opt/airflow/dags/group.py","logger":"airflow.models.dagbag.DagBag"}
{"timestamp":"2025-12-19T23:18:47.455139","level":"info","event":"Filling up the DagBag from /opt/airflow/dags/group.py","logger":"airflow.models.dagbag.DagBag"}
{"timestamp":"2025-12-19T23:19:18.178558","level":"info","event":"Filling up the DagBag from /opt/airflow/dags/group.py","logger":"airflow.models.dagbag.DagBag"}
{"timestamp":"2025-12-19T23:19:48.962425","level":"info","event":"Filling up the DagBag from /opt/airflow/dags/group.py","logger":"airflow.models.dagbag.DagBag"}
{"timestamp":"2025-12-19T23:20:19.352192","level":"info","event":"Filling up the DagBag from /opt/airflow/dags/group.py","logger":"airflow.models.dagbag.DagBag"}
{"timestamp":"2025-12-19T23:20:50.022187","level":"info","event":"Filling up the DagBag from /opt/airflow/dags/group.py","logger":"airflow.models.dagbag.DagBag"}
{"timestamp":"2025-12-19T23:21:20.548297","level":"info","event":"Filling up the DagBag from /opt/airflow/dags/group.py","logger":"airflow.models.dagbag.DagBag"}
{"timestamp":"2025-12-19T23:22:52.980286","level":"info","event":"Filling up the DagBag from /opt/airflow/dags/group.py","logger":"airflow.models.dagbag.DagBag"}
{"timestamp":"2025-12-19T23:25:01.671955","level":"info","event":"Filling up the DagBag from /opt/airflow/dags/group.py","logger":"airflow.models.dagbag.DagBag"}
{"timestamp":"2025-12-19T23:25:32.108194","level":"info","event":"Filling up the DagBag from /opt/airflow/dags/group.py","logger":"airflow.models.dagbag.DagBag"}
{"timestamp":"2025-12-19T23:26:02.657260","level":"info","event":"Filling up the DagBag from /opt/airflow/dags/group.py","logger":"airflow.models.dagbag.DagBag"}
{"timestamp":"2025-12-19T23:28:45.441488","level":"info","event":"Filling up the DagBag from /opt/airflow/dags/group.py","logger":"airflow.models.dagbag.DagBag"}
{"timestamp":"2025-12-19T23:29:16.069117","level":"info","event":"Filling up the DagBag from /opt/airflow/dags/group.py","logger":"airflow.models.dagbag.DagBag"}
{"timestamp":"2025-12-19T23:29:46.730684","level":"info","event":"Filling up the DagBag from /opt/airflow/dags/group.py","logger":"airflow.models.dagbag.DagBag"}
{"timestamp":"2025-12-19T23:30:48.235903","level":"info","event":"Filling up the DagBag from /opt/airflow/dags/group.py","logger":"airflow.models.dagbag.DagBag"}
{"timestamp":"2025-12-19T23:31:18.750826","level":"info","event":"Filling up the DagBag from /opt/airflow/dags/group.py","logger":"airflow.models.dagbag.DagBag"}
{"timestamp":"2025-12-19T23:31:49.419523","level":"info","event":"Filling up the DagBag from /opt/airflow/dags/group.py","logger":"airflow.models.dagbag.DagBag"}
{"timestamp":"2025-12-19T23:32:51.708243","level":"info","event":"Filling up the DagBag from /opt/airflow/dags/group.py","logger":"airflow.models.dagbag.DagBag"}
{"timestamp":"2025-12-19T23:33:58.366375","level":"info","event":"Filling up the DagBag from /opt/airflow/dags/group.py","logger":"airflow.models.dagbag.DagBag"}
{"timestamp":"2025-12-19T23:35:04.381230","level":"info","event":"Filling up the DagBag from /opt/airflow/dags/group.py","logger":"airflow.models.dagbag.DagBag"}
{"timestamp":"2025-12-19T23:35:35.298504","level":"info","event":"Filling up the DagBag from /opt/airflow/dags/group.py","logger":"airflow.models.dagbag.DagBag"}
{"timestamp":"2025-12-19T23:36:06.123719","level":"info","event":"Filling up the DagBag from /opt/airflow/dags/group.py","logger":"airflow.models.dagbag.DagBag"}
{"timestamp":"2025-12-19T23:36:36.800142","level":"info","event":"Filling up the DagBag from /opt/airflow/dags/group.py","logger":"airflow.models.dagbag.DagBag"}
{"timestamp":"2025-12-19T23:39:10.305303","level":"info","event":"Filling up the DagBag from /opt/airflow/dags/group.py","logger":"airflow.models.dagbag.DagBag"}
{"timestamp":"2025-12-19T23:39:40.860585","level":"info","event":"Filling up the DagBag from /opt/airflow/dags/group.py","logger":"airflow.models.dagbag.DagBag"}
{"timestamp":"2025-12-19T23:40:16.555642","level":"info","event":"Filling up the DagBag from /opt/airflow/dags/group.py","logger":"airflow.models.dagbag.DagBag"}
{"timestamp":"2025-12-19T23:40:47.191378","level":"info","event":"Filling up the DagBag from /opt/airflow/dags/group.py","logger":"airflow.models.dagbag.DagBag"}
{"timestamp":"2025-12-19T23:41:22.680220","level":"info","event":"Filling up the DagBag from /opt/airflow/dags/group.py","logger":"airflow.models.dagbag.DagBag"}
{"timestamp":"2025-12-19T23:41:53.175811","level":"info","event":"Filling up the DagBag from /opt/airflow/dags/group.py","logger":"airflow.models.dagbag.DagBag"}
{"timestamp":"2025-12-19T23:42:29.152823","level":"info","event":"Filling up the DagBag from /opt/airflow/dags/group.py","logger":"airflow.models.dagbag.DagBag"}
