{"timestamp":"2025-12-19T14:39:29.970545","level":"info","event":"Filling up the DagBag from /opt/airflow/dags/xcom.py","logger":"airflow.models.dagbag.DagBag"}
{"timestamp":"2025-12-19T14:39:30.022166","level":"error","event":"Failed to import: /opt/airflow/dags/xcom.py","logger":"airflow.models.dagbag.DagBag","error_detail":[{"exc_type":"TypeError","exc_value":"missing a required argument: 'context'","exc_notes":[],"syntax_error":null,"is_cause":false,"frames":[{"filename":"/home/airflow/.local/lib/python3.12/site-packages/airflow/models/dagbag.py","lineno":384,"name":"parse"},{"filename":"<frozen importlib._bootstrap_external>","lineno":999,"name":"exec_module"},{"filename":"<frozen importlib._bootstrap>","lineno":488,"name":"_call_with_frames_removed"},{"filename":"/opt/airflow/dags/xcom.py","lineno":18,"name":"<module>"},{"filename":"/home/airflow/.local/lib/python3.12/site-packages/airflow/sdk/definitions/dag.py","lineno":1138,"name":"factory"},{"filename":"/opt/airflow/dags/xcom.py","lineno":16,"name":"xcom_dag"},{"filename":"/home/airflow/.local/lib/python3.12/site-packages/airflow/sdk/bases/decorator.py","lineno":363,"name":"__call__"},{"filename":"/home/airflow/.local/lib/python3.12/site-packages/airflow/sdk/bases/operator.py","lineno":513,"name":"apply_defaults"},{"filename":"/home/airflow/.local/lib/python3.12/site-packages/airflow/providers/standard/decorators/python.py","lineno":58,"name":"__init__"},{"filename":"/home/airflow/.local/lib/python3.12/site-packages/airflow/sdk/bases/operator.py","lineno":513,"name":"apply_defaults"},{"filename":"/home/airflow/.local/lib/python3.12/site-packages/airflow/sdk/bases/decorator.py","lineno":239,"name":"__init__"},{"filename":"/usr/local/lib/python3.12/inspect.py","lineno":3280,"name":"bind"},{"filename":"/usr/local/lib/python3.12/inspect.py","lineno":3193,"name":"_bind"}]}]}
{"timestamp":"2025-12-19T14:39:45.491953","level":"info","event":"Filling up the DagBag from /opt/airflow/dags/xcom.py","logger":"airflow.models.dagbag.DagBag"}
{"timestamp":"2025-12-19T14:39:45.560793","level":"error","event":"Failed to import: /opt/airflow/dags/xcom.py","logger":"airflow.models.dagbag.DagBag","error_detail":[{"exc_type":"TypeError","exc_value":"missing a required argument: 'context'","exc_notes":[],"syntax_error":null,"is_cause":false,"frames":[{"filename":"/home/airflow/.local/lib/python3.12/site-packages/airflow/models/dagbag.py","lineno":384,"name":"parse"},{"filename":"<frozen importlib._bootstrap_external>","lineno":999,"name":"exec_module"},{"filename":"<frozen importlib._bootstrap>","lineno":488,"name":"_call_with_frames_removed"},{"filename":"/opt/airflow/dags/xcom.py","lineno":18,"name":"<module>"},{"filename":"/home/airflow/.local/lib/python3.12/site-packages/airflow/sdk/definitions/dag.py","lineno":1138,"name":"factory"},{"filename":"/opt/airflow/dags/xcom.py","lineno":16,"name":"xcom_dag"},{"filename":"/home/airflow/.local/lib/python3.12/site-packages/airflow/sdk/bases/decorator.py","lineno":363,"name":"__call__"},{"filename":"/home/airflow/.local/lib/python3.12/site-packages/airflow/sdk/bases/operator.py","lineno":513,"name":"apply_defaults"},{"filename":"/home/airflow/.local/lib/python3.12/site-packages/airflow/providers/standard/decorators/python.py","lineno":58,"name":"__init__"},{"filename":"/home/airflow/.local/lib/python3.12/site-packages/airflow/sdk/bases/operator.py","lineno":513,"name":"apply_defaults"},{"filename":"/home/airflow/.local/lib/python3.12/site-packages/airflow/sdk/bases/decorator.py","lineno":239,"name":"__init__"},{"filename":"/usr/local/lib/python3.12/inspect.py","lineno":3280,"name":"bind"},{"filename":"/usr/local/lib/python3.12/inspect.py","lineno":3193,"name":"_bind"}]}]}
{"timestamp":"2025-12-19T14:39:55.078185","level":"info","event":"Filling up the DagBag from /opt/airflow/dags/xcom.py","logger":"airflow.models.dagbag.DagBag"}
{"timestamp":"2025-12-19T14:39:55.146846","level":"error","event":"Failed to import: /opt/airflow/dags/xcom.py","logger":"airflow.models.dagbag.DagBag","error_detail":[{"exc_type":"TypeError","exc_value":"missing a required argument: 'context'","exc_notes":[],"syntax_error":null,"is_cause":false,"frames":[{"filename":"/home/airflow/.local/lib/python3.12/site-packages/airflow/models/dagbag.py","lineno":384,"name":"parse"},{"filename":"<frozen importlib._bootstrap_external>","lineno":999,"name":"exec_module"},{"filename":"<frozen importlib._bootstrap>","lineno":488,"name":"_call_with_frames_removed"},{"filename":"/opt/airflow/dags/xcom.py","lineno":18,"name":"<module>"},{"filename":"/home/airflow/.local/lib/python3.12/site-packages/airflow/sdk/definitions/dag.py","lineno":1138,"name":"factory"},{"filename":"/opt/airflow/dags/xcom.py","lineno":16,"name":"xcom_dag"},{"filename":"/home/airflow/.local/lib/python3.12/site-packages/airflow/sdk/bases/decorator.py","lineno":363,"name":"__call__"},{"filename":"/home/airflow/.local/lib/python3.12/site-packages/airflow/sdk/bases/operator.py","lineno":513,"name":"apply_defaults"},{"filename":"/home/airflow/.local/lib/python3.12/site-packages/airflow/providers/standard/decorators/python.py","lineno":58,"name":"__init__"},{"filename":"/home/airflow/.local/lib/python3.12/site-packages/airflow/sdk/bases/operator.py","lineno":513,"name":"apply_defaults"},{"filename":"/home/airflow/.local/lib/python3.12/site-packages/airflow/sdk/bases/decorator.py","lineno":239,"name":"__init__"},{"filename":"/usr/local/lib/python3.12/inspect.py","lineno":3280,"name":"bind"},{"filename":"/usr/local/lib/python3.12/inspect.py","lineno":3193,"name":"_bind"}]}]}
{"timestamp":"2025-12-19T14:40:21.464085","level":"info","event":"Filling up the DagBag from /opt/airflow/dags/xcom.py","logger":"airflow.models.dagbag.DagBag"}
{"timestamp":"2025-12-19T14:40:21.526176","level":"error","event":"Failed to import: /opt/airflow/dags/xcom.py","logger":"airflow.models.dagbag.DagBag","error_detail":[{"exc_type":"TypeError","exc_value":"missing a required argument: 'context'","exc_notes":[],"syntax_error":null,"is_cause":false,"frames":[{"filename":"/home/airflow/.local/lib/python3.12/site-packages/airflow/models/dagbag.py","lineno":384,"name":"parse"},{"filename":"<frozen importlib._bootstrap_external>","lineno":999,"name":"exec_module"},{"filename":"<frozen importlib._bootstrap>","lineno":488,"name":"_call_with_frames_removed"},{"filename":"/opt/airflow/dags/xcom.py","lineno":18,"name":"<module>"},{"filename":"/home/airflow/.local/lib/python3.12/site-packages/airflow/sdk/definitions/dag.py","lineno":1138,"name":"factory"},{"filename":"/opt/airflow/dags/xcom.py","lineno":16,"name":"xcom_dag"},{"filename":"/home/airflow/.local/lib/python3.12/site-packages/airflow/sdk/bases/decorator.py","lineno":363,"name":"__call__"},{"filename":"/home/airflow/.local/lib/python3.12/site-packages/airflow/sdk/bases/operator.py","lineno":513,"name":"apply_defaults"},{"filename":"/home/airflow/.local/lib/python3.12/site-packages/airflow/providers/standard/decorators/python.py","lineno":58,"name":"__init__"},{"filename":"/home/airflow/.local/lib/python3.12/site-packages/airflow/sdk/bases/operator.py","lineno":513,"name":"apply_defaults"},{"filename":"/home/airflow/.local/lib/python3.12/site-packages/airflow/sdk/bases/decorator.py","lineno":239,"name":"__init__"},{"filename":"/usr/local/lib/python3.12/inspect.py","lineno":3280,"name":"bind"},{"filename":"/usr/local/lib/python3.12/inspect.py","lineno":3193,"name":"_bind"}]}]}
{"timestamp":"2025-12-19T14:40:24.782693","level":"info","event":"Filling up the DagBag from /opt/airflow/dags/xcom.py","logger":"airflow.models.dagbag.DagBag"}
{"timestamp":"2025-12-19T14:40:24.851186","level":"error","event":"Failed to import: /opt/airflow/dags/xcom.py","logger":"airflow.models.dagbag.DagBag","error_detail":[{"exc_type":"TypeError","exc_value":"missing a required argument: 'context'","exc_notes":[],"syntax_error":null,"is_cause":false,"frames":[{"filename":"/home/airflow/.local/lib/python3.12/site-packages/airflow/models/dagbag.py","lineno":384,"name":"parse"},{"filename":"<frozen importlib._bootstrap_external>","lineno":999,"name":"exec_module"},{"filename":"<frozen importlib._bootstrap>","lineno":488,"name":"_call_with_frames_removed"},{"filename":"/opt/airflow/dags/xcom.py","lineno":18,"name":"<module>"},{"filename":"/home/airflow/.local/lib/python3.12/site-packages/airflow/sdk/definitions/dag.py","lineno":1138,"name":"factory"},{"filename":"/opt/airflow/dags/xcom.py","lineno":16,"name":"xcom_dag"},{"filename":"/home/airflow/.local/lib/python3.12/site-packages/airflow/sdk/bases/decorator.py","lineno":363,"name":"__call__"},{"filename":"/home/airflow/.local/lib/python3.12/site-packages/airflow/sdk/bases/operator.py","lineno":513,"name":"apply_defaults"},{"filename":"/home/airflow/.local/lib/python3.12/site-packages/airflow/providers/standard/decorators/python.py","lineno":58,"name":"__init__"},{"filename":"/home/airflow/.local/lib/python3.12/site-packages/airflow/sdk/bases/operator.py","lineno":513,"name":"apply_defaults"},{"filename":"/home/airflow/.local/lib/python3.12/site-packages/airflow/sdk/bases/decorator.py","lineno":239,"name":"__init__"},{"filename":"/usr/local/lib/python3.12/inspect.py","lineno":3280,"name":"bind"},{"filename":"/usr/local/lib/python3.12/inspect.py","lineno":3193,"name":"_bind"}]}]}
{"timestamp":"2025-12-19T14:40:55.213521","level":"info","event":"Filling up the DagBag from /opt/airflow/dags/xcom.py","logger":"airflow.models.dagbag.DagBag"}
{"timestamp":"2025-12-19T14:40:55.247801","level":"error","event":"Failed to import: /opt/airflow/dags/xcom.py","logger":"airflow.models.dagbag.DagBag","error_detail":[{"exc_type":"TypeError","exc_value":"missing a required argument: 'context'","exc_notes":[],"syntax_error":null,"is_cause":false,"frames":[{"filename":"/home/airflow/.local/lib/python3.12/site-packages/airflow/models/dagbag.py","lineno":384,"name":"parse"},{"filename":"<frozen importlib._bootstrap_external>","lineno":999,"name":"exec_module"},{"filename":"<frozen importlib._bootstrap>","lineno":488,"name":"_call_with_frames_removed"},{"filename":"/opt/airflow/dags/xcom.py","lineno":18,"name":"<module>"},{"filename":"/home/airflow/.local/lib/python3.12/site-packages/airflow/sdk/definitions/dag.py","lineno":1138,"name":"factory"},{"filename":"/opt/airflow/dags/xcom.py","lineno":16,"name":"xcom_dag"},{"filename":"/home/airflow/.local/lib/python3.12/site-packages/airflow/sdk/bases/decorator.py","lineno":363,"name":"__call__"},{"filename":"/home/airflow/.local/lib/python3.12/site-packages/airflow/sdk/bases/operator.py","lineno":513,"name":"apply_defaults"},{"filename":"/home/airflow/.local/lib/python3.12/site-packages/airflow/providers/standard/decorators/python.py","lineno":58,"name":"__init__"},{"filename":"/home/airflow/.local/lib/python3.12/site-packages/airflow/sdk/bases/operator.py","lineno":513,"name":"apply_defaults"},{"filename":"/home/airflow/.local/lib/python3.12/site-packages/airflow/sdk/bases/decorator.py","lineno":239,"name":"__init__"},{"filename":"/usr/local/lib/python3.12/inspect.py","lineno":3280,"name":"bind"},{"filename":"/usr/local/lib/python3.12/inspect.py","lineno":3193,"name":"_bind"}]}]}
{"timestamp":"2025-12-19T14:41:25.752971","level":"info","event":"Filling up the DagBag from /opt/airflow/dags/xcom.py","logger":"airflow.models.dagbag.DagBag"}
{"timestamp":"2025-12-19T14:41:25.790387","level":"error","event":"Failed to import: /opt/airflow/dags/xcom.py","logger":"airflow.models.dagbag.DagBag","error_detail":[{"exc_type":"TypeError","exc_value":"missing a required argument: 'context'","exc_notes":[],"syntax_error":null,"is_cause":false,"frames":[{"filename":"/home/airflow/.local/lib/python3.12/site-packages/airflow/models/dagbag.py","lineno":384,"name":"parse"},{"filename":"<frozen importlib._bootstrap_external>","lineno":999,"name":"exec_module"},{"filename":"<frozen importlib._bootstrap>","lineno":488,"name":"_call_with_frames_removed"},{"filename":"/opt/airflow/dags/xcom.py","lineno":18,"name":"<module>"},{"filename":"/home/airflow/.local/lib/python3.12/site-packages/airflow/sdk/definitions/dag.py","lineno":1138,"name":"factory"},{"filename":"/opt/airflow/dags/xcom.py","lineno":16,"name":"xcom_dag"},{"filename":"/home/airflow/.local/lib/python3.12/site-packages/airflow/sdk/bases/decorator.py","lineno":363,"name":"__call__"},{"filename":"/home/airflow/.local/lib/python3.12/site-packages/airflow/sdk/bases/operator.py","lineno":513,"name":"apply_defaults"},{"filename":"/home/airflow/.local/lib/python3.12/site-packages/airflow/providers/standard/decorators/python.py","lineno":58,"name":"__init__"},{"filename":"/home/airflow/.local/lib/python3.12/site-packages/airflow/sdk/bases/operator.py","lineno":513,"name":"apply_defaults"},{"filename":"/home/airflow/.local/lib/python3.12/site-packages/airflow/sdk/bases/decorator.py","lineno":239,"name":"__init__"},{"filename":"/usr/local/lib/python3.12/inspect.py","lineno":3280,"name":"bind"},{"filename":"/usr/local/lib/python3.12/inspect.py","lineno":3193,"name":"_bind"}]}]}
{"timestamp":"2025-12-19T14:41:29.050090","level":"info","event":"Filling up the DagBag from /opt/airflow/dags/xcom.py","logger":"airflow.models.dagbag.DagBag"}
{"timestamp":"2025-12-19T14:41:29.117744","level":"error","event":"Failed to import: /opt/airflow/dags/xcom.py","logger":"airflow.models.dagbag.DagBag","error_detail":[{"exc_type":"TypeError","exc_value":"missing a required argument: 'context'","exc_notes":[],"syntax_error":null,"is_cause":false,"frames":[{"filename":"/home/airflow/.local/lib/python3.12/site-packages/airflow/models/dagbag.py","lineno":384,"name":"parse"},{"filename":"<frozen importlib._bootstrap_external>","lineno":999,"name":"exec_module"},{"filename":"<frozen importlib._bootstrap>","lineno":488,"name":"_call_with_frames_removed"},{"filename":"/opt/airflow/dags/xcom.py","lineno":17,"name":"<module>"},{"filename":"/home/airflow/.local/lib/python3.12/site-packages/airflow/sdk/definitions/dag.py","lineno":1138,"name":"factory"},{"filename":"/opt/airflow/dags/xcom.py","lineno":15,"name":"xcom_dag"},{"filename":"/home/airflow/.local/lib/python3.12/site-packages/airflow/sdk/bases/decorator.py","lineno":363,"name":"__call__"},{"filename":"/home/airflow/.local/lib/python3.12/site-packages/airflow/sdk/bases/operator.py","lineno":513,"name":"apply_defaults"},{"filename":"/home/airflow/.local/lib/python3.12/site-packages/airflow/providers/standard/decorators/python.py","lineno":58,"name":"__init__"},{"filename":"/home/airflow/.local/lib/python3.12/site-packages/airflow/sdk/bases/operator.py","lineno":513,"name":"apply_defaults"},{"filename":"/home/airflow/.local/lib/python3.12/site-packages/airflow/sdk/bases/decorator.py","lineno":239,"name":"__init__"},{"filename":"/usr/local/lib/python3.12/inspect.py","lineno":3280,"name":"bind"},{"filename":"/usr/local/lib/python3.12/inspect.py","lineno":3193,"name":"_bind"}]}]}
{"timestamp":"2025-12-19T14:41:38.989141","level":"info","event":"Filling up the DagBag from /opt/airflow/dags/xcom.py","logger":"airflow.models.dagbag.DagBag"}
{"timestamp":"2025-12-19T14:41:42.265349","level":"info","event":"Filling up the DagBag from /opt/airflow/dags/xcom.py","logger":"airflow.models.dagbag.DagBag"}
{"timestamp":"2025-12-19T14:41:42.336939","level":"error","event":"Failed to import: /opt/airflow/dags/xcom.py","logger":"airflow.models.dagbag.DagBag","error_detail":[{"exc_type":"TypeError","exc_value":"missing a required argument: 'val'","exc_notes":[],"syntax_error":null,"is_cause":false,"frames":[{"filename":"/home/airflow/.local/lib/python3.12/site-packages/airflow/models/dagbag.py","lineno":384,"name":"parse"},{"filename":"<frozen importlib._bootstrap_external>","lineno":999,"name":"exec_module"},{"filename":"<frozen importlib._bootstrap>","lineno":488,"name":"_call_with_frames_removed"},{"filename":"/opt/airflow/dags/xcom.py","lineno":17,"name":"<module>"},{"filename":"/home/airflow/.local/lib/python3.12/site-packages/airflow/sdk/definitions/dag.py","lineno":1138,"name":"factory"},{"filename":"/opt/airflow/dags/xcom.py","lineno":15,"name":"xcom_dag"},{"filename":"/home/airflow/.local/lib/python3.12/site-packages/airflow/sdk/bases/decorator.py","lineno":363,"name":"__call__"},{"filename":"/home/airflow/.local/lib/python3.12/site-packages/airflow/sdk/bases/operator.py","lineno":513,"name":"apply_defaults"},{"filename":"/home/airflow/.local/lib/python3.12/site-packages/airflow/providers/standard/decorators/python.py","lineno":58,"name":"__init__"},{"filename":"/home/airflow/.local/lib/python3.12/site-packages/airflow/sdk/bases/operator.py","lineno":513,"name":"apply_defaults"},{"filename":"/home/airflow/.local/lib/python3.12/site-packages/airflow/sdk/bases/decorator.py","lineno":239,"name":"__init__"},{"filename":"/usr/local/lib/python3.12/inspect.py","lineno":3280,"name":"bind"},{"filename":"/usr/local/lib/python3.12/inspect.py","lineno":3193,"name":"_bind"}]}]}
{"timestamp":"2025-12-19T14:41:50.902064","level":"info","event":"Filling up the DagBag from /opt/airflow/dags/xcom.py","logger":"airflow.models.dagbag.DagBag"}
{"timestamp":"2025-12-19T14:41:50.961988","level":"error","event":"Failed to import: /opt/airflow/dags/xcom.py","logger":"airflow.models.dagbag.DagBag","error_detail":[{"exc_type":"TypeError","exc_value":"missing a required argument: 'val'","exc_notes":[],"syntax_error":null,"is_cause":false,"frames":[{"filename":"/home/airflow/.local/lib/python3.12/site-packages/airflow/models/dagbag.py","lineno":384,"name":"parse"},{"filename":"<frozen importlib._bootstrap_external>","lineno":999,"name":"exec_module"},{"filename":"<frozen importlib._bootstrap>","lineno":488,"name":"_call_with_frames_removed"},{"filename":"/opt/airflow/dags/xcom.py","lineno":17,"name":"<module>"},{"filename":"/home/airflow/.local/lib/python3.12/site-packages/airflow/sdk/definitions/dag.py","lineno":1138,"name":"factory"},{"filename":"/opt/airflow/dags/xcom.py","lineno":15,"name":"xcom_dag"},{"filename":"/home/airflow/.local/lib/python3.12/site-packages/airflow/sdk/bases/decorator.py","lineno":363,"name":"__call__"},{"filename":"/home/airflow/.local/lib/python3.12/site-packages/airflow/sdk/bases/operator.py","lineno":513,"name":"apply_defaults"},{"filename":"/home/airflow/.local/lib/python3.12/site-packages/airflow/providers/standard/decorators/python.py","lineno":58,"name":"__init__"},{"filename":"/home/airflow/.local/lib/python3.12/site-packages/airflow/sdk/bases/operator.py","lineno":513,"name":"apply_defaults"},{"filename":"/home/airflow/.local/lib/python3.12/site-packages/airflow/sdk/bases/decorator.py","lineno":239,"name":"__init__"},{"filename":"/usr/local/lib/python3.12/inspect.py","lineno":3280,"name":"bind"},{"filename":"/usr/local/lib/python3.12/inspect.py","lineno":3193,"name":"_bind"}]}]}
{"timestamp":"2025-12-19T14:41:56.248875","level":"info","event":"Filling up the DagBag from /opt/airflow/dags/xcom.py","logger":"airflow.models.dagbag.DagBag"}
{"timestamp":"2025-12-19T14:41:56.299806","level":"error","event":"Failed to import: /opt/airflow/dags/xcom.py","logger":"airflow.models.dagbag.DagBag","error_detail":[{"exc_type":"SyntaxError","exc_value":"unmatched ')' (xcom.py, line 12)","exc_notes":[],"syntax_error":{"offset":21,"filename":"/opt/airflow/dags/xcom.py","line":"    def t2(val: int)):","lineno":12,"msg":"unmatched ')'"},"is_cause":false,"frames":[{"filename":"/home/airflow/.local/lib/python3.12/site-packages/airflow/models/dagbag.py","lineno":384,"name":"parse"},{"filename":"<frozen importlib._bootstrap_external>","lineno":995,"name":"exec_module"},{"filename":"<frozen importlib._bootstrap_external>","lineno":1133,"name":"get_code"},{"filename":"<frozen importlib._bootstrap_external>","lineno":1063,"name":"source_to_code"},{"filename":"<frozen importlib._bootstrap>","lineno":488,"name":"_call_with_frames_removed"}]}]}
{"timestamp":"2025-12-19T14:42:15.322197","level":"info","event":"Filling up the DagBag from /opt/airflow/dags/xcom.py","logger":"airflow.models.dagbag.DagBag"}
{"timestamp":"2025-12-19T14:42:25.982601","level":"info","event":"Filling up the DagBag from /opt/airflow/dags/xcom.py","logger":"airflow.models.dagbag.DagBag"}
{"timestamp":"2025-12-19T14:42:26.031752","level":"error","event":"Failed to import: /opt/airflow/dags/xcom.py","logger":"airflow.models.dagbag.DagBag","error_detail":[{"exc_type":"SyntaxError","exc_value":"invalid syntax (xcom.py, line 7)","exc_notes":[],"syntax_error":{"offset":21,"filename":"/opt/airflow/dags/xcom.py","line":"    def t1() -> int::\n","lineno":7,"msg":"invalid syntax"},"is_cause":false,"frames":[{"filename":"/home/airflow/.local/lib/python3.12/site-packages/airflow/models/dagbag.py","lineno":384,"name":"parse"},{"filename":"<frozen importlib._bootstrap_external>","lineno":995,"name":"exec_module"},{"filename":"<frozen importlib._bootstrap_external>","lineno":1133,"name":"get_code"},{"filename":"<frozen importlib._bootstrap_external>","lineno":1063,"name":"source_to_code"},{"filename":"<frozen importlib._bootstrap>","lineno":488,"name":"_call_with_frames_removed"}]}]}
{"timestamp":"2025-12-19T14:42:56.555912","level":"info","event":"Filling up the DagBag from /opt/airflow/dags/xcom.py","logger":"airflow.models.dagbag.DagBag"}
{"timestamp":"2025-12-19T14:42:56.595705","level":"error","event":"Failed to import: /opt/airflow/dags/xcom.py","logger":"airflow.models.dagbag.DagBag","error_detail":[{"exc_type":"SyntaxError","exc_value":"invalid syntax (xcom.py, line 7)","exc_notes":[],"syntax_error":{"offset":21,"filename":"/opt/airflow/dags/xcom.py","line":"    def t1() -> int::\n","lineno":7,"msg":"invalid syntax"},"is_cause":false,"frames":[{"filename":"/home/airflow/.local/lib/python3.12/site-packages/airflow/models/dagbag.py","lineno":384,"name":"parse"},{"filename":"<frozen importlib._bootstrap_external>","lineno":995,"name":"exec_module"},{"filename":"<frozen importlib._bootstrap_external>","lineno":1133,"name":"get_code"},{"filename":"<frozen importlib._bootstrap_external>","lineno":1063,"name":"source_to_code"},{"filename":"<frozen importlib._bootstrap>","lineno":488,"name":"_call_with_frames_removed"}]}]}
{"timestamp":"2025-12-19T14:43:11.601249","level":"info","event":"Filling up the DagBag from /opt/airflow/dags/xcom.py","logger":"airflow.models.dagbag.DagBag"}
{"timestamp":"2025-12-19T14:43:11.651186","level":"error","event":"Failed to import: /opt/airflow/dags/xcom.py","logger":"airflow.models.dagbag.DagBag","error_detail":[{"exc_type":"SyntaxError","exc_value":"invalid syntax (xcom.py, line 7)","exc_notes":[],"syntax_error":{"offset":32,"filename":"/opt/airflow/dags/xcom.py","line":"    def t1() -> Dict[str, Any]::\n","lineno":7,"msg":"invalid syntax"},"is_cause":false,"frames":[{"filename":"/home/airflow/.local/lib/python3.12/site-packages/airflow/models/dagbag.py","lineno":384,"name":"parse"},{"filename":"<frozen importlib._bootstrap_external>","lineno":995,"name":"exec_module"},{"filename":"<frozen importlib._bootstrap_external>","lineno":1133,"name":"get_code"},{"filename":"<frozen importlib._bootstrap_external>","lineno":1063,"name":"source_to_code"},{"filename":"<frozen importlib._bootstrap>","lineno":488,"name":"_call_with_frames_removed"}]}]}
{"timestamp":"2025-12-19T14:43:20.999178","level":"info","event":"Filling up the DagBag from /opt/airflow/dags/xcom.py","logger":"airflow.models.dagbag.DagBag"}
{"timestamp":"2025-12-19T14:43:38.357990","level":"info","event":"Filling up the DagBag from /opt/airflow/dags/xcom.py","logger":"airflow.models.dagbag.DagBag"}
{"timestamp":"2025-12-19T14:43:50.885872","level":"info","event":"Filling up the DagBag from /opt/airflow/dags/xcom.py","logger":"airflow.models.dagbag.DagBag"}
{"timestamp":"2025-12-19T14:43:54.415595","level":"info","event":"Filling up the DagBag from /opt/airflow/dags/xcom.py","logger":"airflow.models.dagbag.DagBag"}
{"timestamp":"2025-12-19T14:44:25.068136","level":"info","event":"Filling up the DagBag from /opt/airflow/dags/xcom.py","logger":"airflow.models.dagbag.DagBag"}
{"timestamp":"2025-12-19T14:44:55.514865","level":"info","event":"Filling up the DagBag from /opt/airflow/dags/xcom.py","logger":"airflow.models.dagbag.DagBag"}
{"timestamp":"2025-12-19T14:45:25.924372","level":"info","event":"Filling up the DagBag from /opt/airflow/dags/xcom.py","logger":"airflow.models.dagbag.DagBag"}
{"timestamp":"2025-12-19T14:45:56.561254","level":"info","event":"Filling up the DagBag from /opt/airflow/dags/xcom.py","logger":"airflow.models.dagbag.DagBag"}
{"timestamp":"2025-12-19T14:46:27.159905","level":"info","event":"Filling up the DagBag from /opt/airflow/dags/xcom.py","logger":"airflow.models.dagbag.DagBag"}
{"timestamp":"2025-12-19T14:46:57.638026","level":"info","event":"Filling up the DagBag from /opt/airflow/dags/xcom.py","logger":"airflow.models.dagbag.DagBag"}
{"timestamp":"2025-12-19T14:47:28.266604","level":"info","event":"Filling up the DagBag from /opt/airflow/dags/xcom.py","logger":"airflow.models.dagbag.DagBag"}
{"timestamp":"2025-12-19T14:47:58.879632","level":"info","event":"Filling up the DagBag from /opt/airflow/dags/xcom.py","logger":"airflow.models.dagbag.DagBag"}
{"timestamp":"2025-12-19T14:48:29.388601","level":"info","event":"Filling up the DagBag from /opt/airflow/dags/xcom.py","logger":"airflow.models.dagbag.DagBag"}
{"timestamp":"2025-12-19T14:48:59.975949","level":"info","event":"Filling up the DagBag from /opt/airflow/dags/xcom.py","logger":"airflow.models.dagbag.DagBag"}
{"timestamp":"2025-12-19T14:49:30.589078","level":"info","event":"Filling up the DagBag from /opt/airflow/dags/xcom.py","logger":"airflow.models.dagbag.DagBag"}
{"timestamp":"2025-12-19T14:50:00.924341","level":"info","event":"Filling up the DagBag from /opt/airflow/dags/xcom.py","logger":"airflow.models.dagbag.DagBag"}
{"timestamp":"2025-12-19T14:50:31.638751","level":"info","event":"Filling up the DagBag from /opt/airflow/dags/xcom.py","logger":"airflow.models.dagbag.DagBag"}
{"timestamp":"2025-12-19T14:51:02.361893","level":"info","event":"Filling up the DagBag from /opt/airflow/dags/xcom.py","logger":"airflow.models.dagbag.DagBag"}
{"timestamp":"2025-12-19T14:51:33.430006","level":"info","event":"Filling up the DagBag from /opt/airflow/dags/xcom.py","logger":"airflow.models.dagbag.DagBag"}
{"timestamp":"2025-12-19T14:52:04.451134","level":"info","event":"Filling up the DagBag from /opt/airflow/dags/xcom.py","logger":"airflow.models.dagbag.DagBag"}
{"timestamp":"2025-12-19T14:52:35.150190","level":"info","event":"Filling up the DagBag from /opt/airflow/dags/xcom.py","logger":"airflow.models.dagbag.DagBag"}
{"timestamp":"2025-12-19T14:53:05.897366","level":"info","event":"Filling up the DagBag from /opt/airflow/dags/xcom.py","logger":"airflow.models.dagbag.DagBag"}
{"timestamp":"2025-12-19T14:53:36.533619","level":"info","event":"Filling up the DagBag from /opt/airflow/dags/xcom.py","logger":"airflow.models.dagbag.DagBag"}
{"timestamp":"2025-12-19T14:54:07.286478","level":"info","event":"Filling up the DagBag from /opt/airflow/dags/xcom.py","logger":"airflow.models.dagbag.DagBag"}
{"timestamp":"2025-12-19T14:54:38.158888","level":"info","event":"Filling up the DagBag from /opt/airflow/dags/xcom.py","logger":"airflow.models.dagbag.DagBag"}
{"timestamp":"2025-12-19T14:55:09.238538","level":"info","event":"Filling up the DagBag from /opt/airflow/dags/xcom.py","logger":"airflow.models.dagbag.DagBag"}
{"timestamp":"2025-12-19T14:55:40.187786","level":"info","event":"Filling up the DagBag from /opt/airflow/dags/xcom.py","logger":"airflow.models.dagbag.DagBag"}
{"timestamp":"2025-12-19T14:56:11.185965","level":"info","event":"Filling up the DagBag from /opt/airflow/dags/xcom.py","logger":"airflow.models.dagbag.DagBag"}
{"timestamp":"2025-12-19T14:56:42.192105","level":"info","event":"Filling up the DagBag from /opt/airflow/dags/xcom.py","logger":"airflow.models.dagbag.DagBag"}
{"timestamp":"2025-12-19T14:57:13.339563","level":"info","event":"Filling up the DagBag from /opt/airflow/dags/xcom.py","logger":"airflow.models.dagbag.DagBag"}
{"timestamp":"2025-12-19T14:57:44.146955","level":"info","event":"Filling up the DagBag from /opt/airflow/dags/xcom.py","logger":"airflow.models.dagbag.DagBag"}
{"timestamp":"2025-12-19T14:58:15.096756","level":"info","event":"Filling up the DagBag from /opt/airflow/dags/xcom.py","logger":"airflow.models.dagbag.DagBag"}
{"timestamp":"2025-12-19T14:58:46.013344","level":"info","event":"Filling up the DagBag from /opt/airflow/dags/xcom.py","logger":"airflow.models.dagbag.DagBag"}
{"timestamp":"2025-12-19T14:59:16.914758","level":"info","event":"Filling up the DagBag from /opt/airflow/dags/xcom.py","logger":"airflow.models.dagbag.DagBag"}
{"timestamp":"2025-12-19T14:59:47.848836","level":"info","event":"Filling up the DagBag from /opt/airflow/dags/xcom.py","logger":"airflow.models.dagbag.DagBag"}
{"timestamp":"2025-12-19T15:00:18.797978","level":"info","event":"Filling up the DagBag from /opt/airflow/dags/xcom.py","logger":"airflow.models.dagbag.DagBag"}
{"timestamp":"2025-12-19T15:00:49.683428","level":"info","event":"Filling up the DagBag from /opt/airflow/dags/xcom.py","logger":"airflow.models.dagbag.DagBag"}
{"timestamp":"2025-12-19T15:01:20.594465","level":"info","event":"Filling up the DagBag from /opt/airflow/dags/xcom.py","logger":"airflow.models.dagbag.DagBag"}
{"timestamp":"2025-12-19T15:01:51.405774","level":"info","event":"Filling up the DagBag from /opt/airflow/dags/xcom.py","logger":"airflow.models.dagbag.DagBag"}
{"timestamp":"2025-12-19T15:02:22.320946","level":"info","event":"Filling up the DagBag from /opt/airflow/dags/xcom.py","logger":"airflow.models.dagbag.DagBag"}
{"timestamp":"2025-12-19T15:02:53.173584","level":"info","event":"Filling up the DagBag from /opt/airflow/dags/xcom.py","logger":"airflow.models.dagbag.DagBag"}
{"timestamp":"2025-12-19T15:03:24.155905","level":"info","event":"Filling up the DagBag from /opt/airflow/dags/xcom.py","logger":"airflow.models.dagbag.DagBag"}
{"timestamp":"2025-12-19T15:03:54.616651","level":"info","event":"Filling up the DagBag from /opt/airflow/dags/xcom.py","logger":"airflow.models.dagbag.DagBag"}
{"timestamp":"2025-12-19T15:04:25.470382","level":"info","event":"Filling up the DagBag from /opt/airflow/dags/xcom.py","logger":"airflow.models.dagbag.DagBag"}
{"timestamp":"2025-12-19T15:04:56.313967","level":"info","event":"Filling up the DagBag from /opt/airflow/dags/xcom.py","logger":"airflow.models.dagbag.DagBag"}
{"timestamp":"2025-12-19T15:05:27.213766","level":"info","event":"Filling up the DagBag from /opt/airflow/dags/xcom.py","logger":"airflow.models.dagbag.DagBag"}
{"timestamp":"2025-12-19T15:05:58.111576","level":"info","event":"Filling up the DagBag from /opt/airflow/dags/xcom.py","logger":"airflow.models.dagbag.DagBag"}
{"timestamp":"2025-12-19T15:06:28.954257","level":"info","event":"Filling up the DagBag from /opt/airflow/dags/xcom.py","logger":"airflow.models.dagbag.DagBag"}
{"timestamp":"2025-12-19T15:06:59.797516","level":"info","event":"Filling up the DagBag from /opt/airflow/dags/xcom.py","logger":"airflow.models.dagbag.DagBag"}
{"timestamp":"2025-12-19T15:07:30.918353","level":"info","event":"Filling up the DagBag from /opt/airflow/dags/xcom.py","logger":"airflow.models.dagbag.DagBag"}
{"timestamp":"2025-12-19T15:08:02.032386","level":"info","event":"Filling up the DagBag from /opt/airflow/dags/xcom.py","logger":"airflow.models.dagbag.DagBag"}
{"timestamp":"2025-12-19T15:08:33.017165","level":"info","event":"Filling up the DagBag from /opt/airflow/dags/xcom.py","logger":"airflow.models.dagbag.DagBag"}
{"timestamp":"2025-12-19T15:09:03.936734","level":"info","event":"Filling up the DagBag from /opt/airflow/dags/xcom.py","logger":"airflow.models.dagbag.DagBag"}
{"timestamp":"2025-12-19T15:09:35.070966","level":"info","event":"Filling up the DagBag from /opt/airflow/dags/xcom.py","logger":"airflow.models.dagbag.DagBag"}
{"timestamp":"2025-12-19T15:10:05.925561","level":"info","event":"Filling up the DagBag from /opt/airflow/dags/xcom.py","logger":"airflow.models.dagbag.DagBag"}
{"timestamp":"2025-12-19T15:10:36.597875","level":"info","event":"Filling up the DagBag from /opt/airflow/dags/xcom.py","logger":"airflow.models.dagbag.DagBag"}
{"timestamp":"2025-12-19T15:11:07.315343","level":"info","event":"Filling up the DagBag from /opt/airflow/dags/xcom.py","logger":"airflow.models.dagbag.DagBag"}
{"timestamp":"2025-12-19T15:11:38.188680","level":"info","event":"Filling up the DagBag from /opt/airflow/dags/xcom.py","logger":"airflow.models.dagbag.DagBag"}
{"timestamp":"2025-12-19T15:12:09.241263","level":"info","event":"Filling up the DagBag from /opt/airflow/dags/xcom.py","logger":"airflow.models.dagbag.DagBag"}
{"timestamp":"2025-12-19T15:12:40.210118","level":"info","event":"Filling up the DagBag from /opt/airflow/dags/xcom.py","logger":"airflow.models.dagbag.DagBag"}
{"timestamp":"2025-12-19T15:13:10.902277","level":"info","event":"Filling up the DagBag from /opt/airflow/dags/xcom.py","logger":"airflow.models.dagbag.DagBag"}
{"timestamp":"2025-12-19T15:13:41.628400","level":"info","event":"Filling up the DagBag from /opt/airflow/dags/xcom.py","logger":"airflow.models.dagbag.DagBag"}
{"timestamp":"2025-12-19T15:14:12.244207","level":"info","event":"Filling up the DagBag from /opt/airflow/dags/xcom.py","logger":"airflow.models.dagbag.DagBag"}
{"timestamp":"2025-12-19T15:14:42.888505","level":"info","event":"Filling up the DagBag from /opt/airflow/dags/xcom.py","logger":"airflow.models.dagbag.DagBag"}
{"timestamp":"2025-12-19T15:15:13.508870","level":"info","event":"Filling up the DagBag from /opt/airflow/dags/xcom.py","logger":"airflow.models.dagbag.DagBag"}
{"timestamp":"2025-12-19T15:15:44.124070","level":"info","event":"Filling up the DagBag from /opt/airflow/dags/xcom.py","logger":"airflow.models.dagbag.DagBag"}
{"timestamp":"2025-12-19T15:16:14.777440","level":"info","event":"Filling up the DagBag from /opt/airflow/dags/xcom.py","logger":"airflow.models.dagbag.DagBag"}
{"timestamp":"2025-12-19T15:16:45.461605","level":"info","event":"Filling up the DagBag from /opt/airflow/dags/xcom.py","logger":"airflow.models.dagbag.DagBag"}
{"timestamp":"2025-12-19T15:17:16.074416","level":"info","event":"Filling up the DagBag from /opt/airflow/dags/xcom.py","logger":"airflow.models.dagbag.DagBag"}
{"timestamp":"2025-12-19T15:17:46.650094","level":"info","event":"Filling up the DagBag from /opt/airflow/dags/xcom.py","logger":"airflow.models.dagbag.DagBag"}
{"timestamp":"2025-12-19T15:18:17.278154","level":"info","event":"Filling up the DagBag from /opt/airflow/dags/xcom.py","logger":"airflow.models.dagbag.DagBag"}
{"timestamp":"2025-12-19T15:18:47.885769","level":"info","event":"Filling up the DagBag from /opt/airflow/dags/xcom.py","logger":"airflow.models.dagbag.DagBag"}
{"timestamp":"2025-12-19T15:19:18.593146","level":"info","event":"Filling up the DagBag from /opt/airflow/dags/xcom.py","logger":"airflow.models.dagbag.DagBag"}
{"timestamp":"2025-12-19T15:19:49.207513","level":"info","event":"Filling up the DagBag from /opt/airflow/dags/xcom.py","logger":"airflow.models.dagbag.DagBag"}
{"timestamp":"2025-12-19T15:20:19.812462","level":"info","event":"Filling up the DagBag from /opt/airflow/dags/xcom.py","logger":"airflow.models.dagbag.DagBag"}
{"timestamp":"2025-12-19T15:20:50.404175","level":"info","event":"Filling up the DagBag from /opt/airflow/dags/xcom.py","logger":"airflow.models.dagbag.DagBag"}
{"timestamp":"2025-12-19T15:21:21.047245","level":"info","event":"Filling up the DagBag from /opt/airflow/dags/xcom.py","logger":"airflow.models.dagbag.DagBag"}
{"timestamp":"2025-12-19T15:21:51.652573","level":"info","event":"Filling up the DagBag from /opt/airflow/dags/xcom.py","logger":"airflow.models.dagbag.DagBag"}
{"timestamp":"2025-12-19T15:22:22.300454","level":"info","event":"Filling up the DagBag from /opt/airflow/dags/xcom.py","logger":"airflow.models.dagbag.DagBag"}
{"timestamp":"2025-12-19T15:22:52.953325","level":"info","event":"Filling up the DagBag from /opt/airflow/dags/xcom.py","logger":"airflow.models.dagbag.DagBag"}
{"timestamp":"2025-12-19T15:23:23.556177","level":"info","event":"Filling up the DagBag from /opt/airflow/dags/xcom.py","logger":"airflow.models.dagbag.DagBag"}
{"timestamp":"2025-12-19T15:23:54.200574","level":"info","event":"Filling up the DagBag from /opt/airflow/dags/xcom.py","logger":"airflow.models.dagbag.DagBag"}
{"timestamp":"2025-12-19T15:24:24.819640","level":"info","event":"Filling up the DagBag from /opt/airflow/dags/xcom.py","logger":"airflow.models.dagbag.DagBag"}
{"timestamp":"2025-12-19T15:24:55.425579","level":"info","event":"Filling up the DagBag from /opt/airflow/dags/xcom.py","logger":"airflow.models.dagbag.DagBag"}
{"timestamp":"2025-12-19T15:25:26.073197","level":"info","event":"Filling up the DagBag from /opt/airflow/dags/xcom.py","logger":"airflow.models.dagbag.DagBag"}
{"timestamp":"2025-12-19T15:25:56.742203","level":"info","event":"Filling up the DagBag from /opt/airflow/dags/xcom.py","logger":"airflow.models.dagbag.DagBag"}
{"timestamp":"2025-12-19T15:26:27.345302","level":"info","event":"Filling up the DagBag from /opt/airflow/dags/xcom.py","logger":"airflow.models.dagbag.DagBag"}
{"timestamp":"2025-12-19T15:26:57.928426","level":"info","event":"Filling up the DagBag from /opt/airflow/dags/xcom.py","logger":"airflow.models.dagbag.DagBag"}
{"timestamp":"2025-12-19T15:27:28.564713","level":"info","event":"Filling up the DagBag from /opt/airflow/dags/xcom.py","logger":"airflow.models.dagbag.DagBag"}
{"timestamp":"2025-12-19T15:27:59.229142","level":"info","event":"Filling up the DagBag from /opt/airflow/dags/xcom.py","logger":"airflow.models.dagbag.DagBag"}
{"timestamp":"2025-12-19T15:28:29.888859","level":"info","event":"Filling up the DagBag from /opt/airflow/dags/xcom.py","logger":"airflow.models.dagbag.DagBag"}
{"timestamp":"2025-12-19T15:29:00.561368","level":"info","event":"Filling up the DagBag from /opt/airflow/dags/xcom.py","logger":"airflow.models.dagbag.DagBag"}
{"timestamp":"2025-12-19T15:29:31.202408","level":"info","event":"Filling up the DagBag from /opt/airflow/dags/xcom.py","logger":"airflow.models.dagbag.DagBag"}
{"timestamp":"2025-12-19T15:30:01.951163","level":"info","event":"Filling up the DagBag from /opt/airflow/dags/xcom.py","logger":"airflow.models.dagbag.DagBag"}
{"timestamp":"2025-12-19T15:30:32.571816","level":"info","event":"Filling up the DagBag from /opt/airflow/dags/xcom.py","logger":"airflow.models.dagbag.DagBag"}
{"timestamp":"2025-12-19T15:31:03.203639","level":"info","event":"Filling up the DagBag from /opt/airflow/dags/xcom.py","logger":"airflow.models.dagbag.DagBag"}
{"timestamp":"2025-12-19T15:31:33.812473","level":"info","event":"Filling up the DagBag from /opt/airflow/dags/xcom.py","logger":"airflow.models.dagbag.DagBag"}
{"timestamp":"2025-12-19T15:32:04.428208","level":"info","event":"Filling up the DagBag from /opt/airflow/dags/xcom.py","logger":"airflow.models.dagbag.DagBag"}
{"timestamp":"2025-12-19T15:32:35.062184","level":"info","event":"Filling up the DagBag from /opt/airflow/dags/xcom.py","logger":"airflow.models.dagbag.DagBag"}
{"timestamp":"2025-12-19T15:33:05.650461","level":"info","event":"Filling up the DagBag from /opt/airflow/dags/xcom.py","logger":"airflow.models.dagbag.DagBag"}
{"timestamp":"2025-12-19T15:33:36.268922","level":"info","event":"Filling up the DagBag from /opt/airflow/dags/xcom.py","logger":"airflow.models.dagbag.DagBag"}
{"timestamp":"2025-12-19T15:34:06.891247","level":"info","event":"Filling up the DagBag from /opt/airflow/dags/xcom.py","logger":"airflow.models.dagbag.DagBag"}
{"timestamp":"2025-12-19T15:34:37.489327","level":"info","event":"Filling up the DagBag from /opt/airflow/dags/xcom.py","logger":"airflow.models.dagbag.DagBag"}
{"timestamp":"2025-12-19T15:35:08.107144","level":"info","event":"Filling up the DagBag from /opt/airflow/dags/xcom.py","logger":"airflow.models.dagbag.DagBag"}
{"timestamp":"2025-12-19T15:35:38.787026","level":"info","event":"Filling up the DagBag from /opt/airflow/dags/xcom.py","logger":"airflow.models.dagbag.DagBag"}
{"timestamp":"2025-12-19T15:36:09.418386","level":"info","event":"Filling up the DagBag from /opt/airflow/dags/xcom.py","logger":"airflow.models.dagbag.DagBag"}
{"timestamp":"2025-12-19T15:36:40.093313","level":"info","event":"Filling up the DagBag from /opt/airflow/dags/xcom.py","logger":"airflow.models.dagbag.DagBag"}
{"timestamp":"2025-12-19T15:37:10.780535","level":"info","event":"Filling up the DagBag from /opt/airflow/dags/xcom.py","logger":"airflow.models.dagbag.DagBag"}
{"timestamp":"2025-12-19T15:37:41.392431","level":"info","event":"Filling up the DagBag from /opt/airflow/dags/xcom.py","logger":"airflow.models.dagbag.DagBag"}
{"timestamp":"2025-12-19T15:38:12.082587","level":"info","event":"Filling up the DagBag from /opt/airflow/dags/xcom.py","logger":"airflow.models.dagbag.DagBag"}
{"timestamp":"2025-12-19T15:38:42.704330","level":"info","event":"Filling up the DagBag from /opt/airflow/dags/xcom.py","logger":"airflow.models.dagbag.DagBag"}
{"timestamp":"2025-12-19T15:39:13.312161","level":"info","event":"Filling up the DagBag from /opt/airflow/dags/xcom.py","logger":"airflow.models.dagbag.DagBag"}
{"timestamp":"2025-12-19T15:39:43.933457","level":"info","event":"Filling up the DagBag from /opt/airflow/dags/xcom.py","logger":"airflow.models.dagbag.DagBag"}
{"timestamp":"2025-12-19T15:40:14.610241","level":"info","event":"Filling up the DagBag from /opt/airflow/dags/xcom.py","logger":"airflow.models.dagbag.DagBag"}
{"timestamp":"2025-12-19T15:40:45.196673","level":"info","event":"Filling up the DagBag from /opt/airflow/dags/xcom.py","logger":"airflow.models.dagbag.DagBag"}
{"timestamp":"2025-12-19T15:41:15.781650","level":"info","event":"Filling up the DagBag from /opt/airflow/dags/xcom.py","logger":"airflow.models.dagbag.DagBag"}
{"timestamp":"2025-12-19T15:41:46.405247","level":"info","event":"Filling up the DagBag from /opt/airflow/dags/xcom.py","logger":"airflow.models.dagbag.DagBag"}
{"timestamp":"2025-12-19T15:42:17.112318","level":"info","event":"Filling up the DagBag from /opt/airflow/dags/xcom.py","logger":"airflow.models.dagbag.DagBag"}
{"timestamp":"2025-12-19T15:42:47.801911","level":"info","event":"Filling up the DagBag from /opt/airflow/dags/xcom.py","logger":"airflow.models.dagbag.DagBag"}
{"timestamp":"2025-12-19T15:43:18.485605","level":"info","event":"Filling up the DagBag from /opt/airflow/dags/xcom.py","logger":"airflow.models.dagbag.DagBag"}
{"timestamp":"2025-12-19T15:43:49.076198","level":"info","event":"Filling up the DagBag from /opt/airflow/dags/xcom.py","logger":"airflow.models.dagbag.DagBag"}
{"timestamp":"2025-12-19T15:44:19.721112","level":"info","event":"Filling up the DagBag from /opt/airflow/dags/xcom.py","logger":"airflow.models.dagbag.DagBag"}
{"timestamp":"2025-12-19T15:44:50.417120","level":"info","event":"Filling up the DagBag from /opt/airflow/dags/xcom.py","logger":"airflow.models.dagbag.DagBag"}
{"timestamp":"2025-12-19T15:45:21.115973","level":"info","event":"Filling up the DagBag from /opt/airflow/dags/xcom.py","logger":"airflow.models.dagbag.DagBag"}
{"timestamp":"2025-12-19T15:45:51.768454","level":"info","event":"Filling up the DagBag from /opt/airflow/dags/xcom.py","logger":"airflow.models.dagbag.DagBag"}
{"timestamp":"2025-12-19T15:46:22.379967","level":"info","event":"Filling up the DagBag from /opt/airflow/dags/xcom.py","logger":"airflow.models.dagbag.DagBag"}
{"timestamp":"2025-12-19T15:46:53.019032","level":"info","event":"Filling up the DagBag from /opt/airflow/dags/xcom.py","logger":"airflow.models.dagbag.DagBag"}
{"timestamp":"2025-12-19T15:47:23.626835","level":"info","event":"Filling up the DagBag from /opt/airflow/dags/xcom.py","logger":"airflow.models.dagbag.DagBag"}
{"timestamp":"2025-12-19T15:47:54.523520","level":"info","event":"Filling up the DagBag from /opt/airflow/dags/xcom.py","logger":"airflow.models.dagbag.DagBag"}
{"timestamp":"2025-12-19T15:48:25.178994","level":"info","event":"Filling up the DagBag from /opt/airflow/dags/xcom.py","logger":"airflow.models.dagbag.DagBag"}
{"timestamp":"2025-12-19T15:48:55.711614","level":"info","event":"Filling up the DagBag from /opt/airflow/dags/xcom.py","logger":"airflow.models.dagbag.DagBag"}
{"timestamp":"2025-12-19T15:49:26.648062","level":"info","event":"Filling up the DagBag from /opt/airflow/dags/xcom.py","logger":"airflow.models.dagbag.DagBag"}
{"timestamp":"2025-12-19T15:49:57.368490","level":"info","event":"Filling up the DagBag from /opt/airflow/dags/xcom.py","logger":"airflow.models.dagbag.DagBag"}
{"timestamp":"2025-12-19T15:50:28.323880","level":"info","event":"Filling up the DagBag from /opt/airflow/dags/xcom.py","logger":"airflow.models.dagbag.DagBag"}
{"timestamp":"2025-12-19T15:50:58.952507","level":"info","event":"Filling up the DagBag from /opt/airflow/dags/xcom.py","logger":"airflow.models.dagbag.DagBag"}
{"timestamp":"2025-12-19T15:51:29.987301","level":"info","event":"Filling up the DagBag from /opt/airflow/dags/xcom.py","logger":"airflow.models.dagbag.DagBag"}
{"timestamp":"2025-12-19T15:52:00.685970","level":"info","event":"Filling up the DagBag from /opt/airflow/dags/xcom.py","logger":"airflow.models.dagbag.DagBag"}
{"timestamp":"2025-12-19T15:52:31.336459","level":"info","event":"Filling up the DagBag from /opt/airflow/dags/xcom.py","logger":"airflow.models.dagbag.DagBag"}
{"timestamp":"2025-12-19T15:53:01.966752","level":"info","event":"Filling up the DagBag from /opt/airflow/dags/xcom.py","logger":"airflow.models.dagbag.DagBag"}
{"timestamp":"2025-12-19T15:53:32.570803","level":"info","event":"Filling up the DagBag from /opt/airflow/dags/xcom.py","logger":"airflow.models.dagbag.DagBag"}
{"timestamp":"2025-12-19T15:54:03.175967","level":"info","event":"Filling up the DagBag from /opt/airflow/dags/xcom.py","logger":"airflow.models.dagbag.DagBag"}
{"timestamp":"2025-12-19T15:54:33.840686","level":"info","event":"Filling up the DagBag from /opt/airflow/dags/xcom.py","logger":"airflow.models.dagbag.DagBag"}
{"timestamp":"2025-12-19T15:55:04.517720","level":"info","event":"Filling up the DagBag from /opt/airflow/dags/xcom.py","logger":"airflow.models.dagbag.DagBag"}
{"timestamp":"2025-12-19T15:55:35.149712","level":"info","event":"Filling up the DagBag from /opt/airflow/dags/xcom.py","logger":"airflow.models.dagbag.DagBag"}
{"timestamp":"2025-12-19T15:56:05.758102","level":"info","event":"Filling up the DagBag from /opt/airflow/dags/xcom.py","logger":"airflow.models.dagbag.DagBag"}
{"timestamp":"2025-12-19T15:56:36.399113","level":"info","event":"Filling up the DagBag from /opt/airflow/dags/xcom.py","logger":"airflow.models.dagbag.DagBag"}
{"timestamp":"2025-12-19T15:57:07.008257","level":"info","event":"Filling up the DagBag from /opt/airflow/dags/xcom.py","logger":"airflow.models.dagbag.DagBag"}
{"timestamp":"2025-12-19T15:57:37.713910","level":"info","event":"Filling up the DagBag from /opt/airflow/dags/xcom.py","logger":"airflow.models.dagbag.DagBag"}
{"timestamp":"2025-12-19T15:58:08.328324","level":"info","event":"Filling up the DagBag from /opt/airflow/dags/xcom.py","logger":"airflow.models.dagbag.DagBag"}
{"timestamp":"2025-12-19T15:58:38.945711","level":"info","event":"Filling up the DagBag from /opt/airflow/dags/xcom.py","logger":"airflow.models.dagbag.DagBag"}
{"timestamp":"2025-12-19T15:59:09.543718","level":"info","event":"Filling up the DagBag from /opt/airflow/dags/xcom.py","logger":"airflow.models.dagbag.DagBag"}
{"timestamp":"2025-12-19T15:59:40.234052","level":"info","event":"Filling up the DagBag from /opt/airflow/dags/xcom.py","logger":"airflow.models.dagbag.DagBag"}
{"timestamp":"2025-12-19T16:00:10.888404","level":"info","event":"Filling up the DagBag from /opt/airflow/dags/xcom.py","logger":"airflow.models.dagbag.DagBag"}
{"timestamp":"2025-12-19T16:00:41.516489","level":"info","event":"Filling up the DagBag from /opt/airflow/dags/xcom.py","logger":"airflow.models.dagbag.DagBag"}
{"timestamp":"2025-12-19T16:01:12.205232","level":"info","event":"Filling up the DagBag from /opt/airflow/dags/xcom.py","logger":"airflow.models.dagbag.DagBag"}
{"timestamp":"2025-12-19T16:01:42.767160","level":"info","event":"Filling up the DagBag from /opt/airflow/dags/xcom.py","logger":"airflow.models.dagbag.DagBag"}
{"timestamp":"2025-12-19T16:02:13.557563","level":"info","event":"Filling up the DagBag from /opt/airflow/dags/xcom.py","logger":"airflow.models.dagbag.DagBag"}
{"timestamp":"2025-12-19T16:02:44.197930","level":"info","event":"Filling up the DagBag from /opt/airflow/dags/xcom.py","logger":"airflow.models.dagbag.DagBag"}
{"timestamp":"2025-12-19T16:03:14.799881","level":"info","event":"Filling up the DagBag from /opt/airflow/dags/xcom.py","logger":"airflow.models.dagbag.DagBag"}
{"timestamp":"2025-12-19T16:03:45.434701","level":"info","event":"Filling up the DagBag from /opt/airflow/dags/xcom.py","logger":"airflow.models.dagbag.DagBag"}
{"timestamp":"2025-12-19T16:04:16.124094","level":"info","event":"Filling up the DagBag from /opt/airflow/dags/xcom.py","logger":"airflow.models.dagbag.DagBag"}
{"timestamp":"2025-12-19T16:04:46.741348","level":"info","event":"Filling up the DagBag from /opt/airflow/dags/xcom.py","logger":"airflow.models.dagbag.DagBag"}
{"timestamp":"2025-12-19T16:05:17.355959","level":"info","event":"Filling up the DagBag from /opt/airflow/dags/xcom.py","logger":"airflow.models.dagbag.DagBag"}
{"timestamp":"2025-12-19T16:05:48.001894","level":"info","event":"Filling up the DagBag from /opt/airflow/dags/xcom.py","logger":"airflow.models.dagbag.DagBag"}
{"timestamp":"2025-12-19T16:06:18.712525","level":"info","event":"Filling up the DagBag from /opt/airflow/dags/xcom.py","logger":"airflow.models.dagbag.DagBag"}
{"timestamp":"2025-12-19T16:06:49.352687","level":"info","event":"Filling up the DagBag from /opt/airflow/dags/xcom.py","logger":"airflow.models.dagbag.DagBag"}
{"timestamp":"2025-12-19T16:07:20.012157","level":"info","event":"Filling up the DagBag from /opt/airflow/dags/xcom.py","logger":"airflow.models.dagbag.DagBag"}
{"timestamp":"2025-12-19T16:07:50.656853","level":"info","event":"Filling up the DagBag from /opt/airflow/dags/xcom.py","logger":"airflow.models.dagbag.DagBag"}
{"timestamp":"2025-12-19T16:08:21.270608","level":"info","event":"Filling up the DagBag from /opt/airflow/dags/xcom.py","logger":"airflow.models.dagbag.DagBag"}
{"timestamp":"2025-12-19T16:08:51.945421","level":"info","event":"Filling up the DagBag from /opt/airflow/dags/xcom.py","logger":"airflow.models.dagbag.DagBag"}
{"timestamp":"2025-12-19T16:09:22.557455","level":"info","event":"Filling up the DagBag from /opt/airflow/dags/xcom.py","logger":"airflow.models.dagbag.DagBag"}
{"timestamp":"2025-12-19T16:09:53.166379","level":"info","event":"Filling up the DagBag from /opt/airflow/dags/xcom.py","logger":"airflow.models.dagbag.DagBag"}
{"timestamp":"2025-12-19T16:10:23.826768","level":"info","event":"Filling up the DagBag from /opt/airflow/dags/xcom.py","logger":"airflow.models.dagbag.DagBag"}
{"timestamp":"2025-12-19T16:10:54.431029","level":"info","event":"Filling up the DagBag from /opt/airflow/dags/xcom.py","logger":"airflow.models.dagbag.DagBag"}
{"timestamp":"2025-12-19T16:11:25.029237","level":"info","event":"Filling up the DagBag from /opt/airflow/dags/xcom.py","logger":"airflow.models.dagbag.DagBag"}
{"timestamp":"2025-12-19T16:11:55.685667","level":"info","event":"Filling up the DagBag from /opt/airflow/dags/xcom.py","logger":"airflow.models.dagbag.DagBag"}
{"timestamp":"2025-12-19T16:12:26.314926","level":"info","event":"Filling up the DagBag from /opt/airflow/dags/xcom.py","logger":"airflow.models.dagbag.DagBag"}
{"timestamp":"2025-12-19T19:18:29.054802","level":"info","event":"Filling up the DagBag from /opt/airflow/dags/xcom.py","logger":"airflow.models.dagbag.DagBag"}
{"timestamp":"2025-12-19T20:10:15.633367","level":"info","event":"Filling up the DagBag from /opt/airflow/dags/xcom.py","logger":"airflow.models.dagbag.DagBag"}
{"timestamp":"2025-12-19T20:10:51.572345","level":"info","event":"Filling up the DagBag from /opt/airflow/dags/xcom.py","logger":"airflow.models.dagbag.DagBag"}
{"timestamp":"2025-12-19T20:11:22.115378","level":"info","event":"Filling up the DagBag from /opt/airflow/dags/xcom.py","logger":"airflow.models.dagbag.DagBag"}
{"timestamp":"2025-12-19T20:11:52.507930","level":"info","event":"Filling up the DagBag from /opt/airflow/dags/xcom.py","logger":"airflow.models.dagbag.DagBag"}
{"timestamp":"2025-12-19T20:12:23.472875","level":"info","event":"Filling up the DagBag from /opt/airflow/dags/xcom.py","logger":"airflow.models.dagbag.DagBag"}
{"timestamp":"2025-12-19T20:12:53.919284","level":"info","event":"Filling up the DagBag from /opt/airflow/dags/xcom.py","logger":"airflow.models.dagbag.DagBag"}
{"timestamp":"2025-12-19T20:13:24.426092","level":"info","event":"Filling up the DagBag from /opt/airflow/dags/xcom.py","logger":"airflow.models.dagbag.DagBag"}
{"timestamp":"2025-12-19T20:13:55.205162","level":"info","event":"Filling up the DagBag from /opt/airflow/dags/xcom.py","logger":"airflow.models.dagbag.DagBag"}
{"timestamp":"2025-12-19T20:14:30.651719","level":"info","event":"Filling up the DagBag from /opt/airflow/dags/xcom.py","logger":"airflow.models.dagbag.DagBag"}
{"timestamp":"2025-12-19T20:15:01.912975","level":"info","event":"Filling up the DagBag from /opt/airflow/dags/xcom.py","logger":"airflow.models.dagbag.DagBag"}
{"timestamp":"2025-12-19T20:15:32.485324","level":"info","event":"Filling up the DagBag from /opt/airflow/dags/xcom.py","logger":"airflow.models.dagbag.DagBag"}
{"timestamp":"2025-12-19T20:16:33.557463","level":"info","event":"Filling up the DagBag from /opt/airflow/dags/xcom.py","logger":"airflow.models.dagbag.DagBag"}
{"timestamp":"2025-12-19T20:17:04.676681","level":"info","event":"Filling up the DagBag from /opt/airflow/dags/xcom.py","logger":"airflow.models.dagbag.DagBag"}
{"timestamp":"2025-12-19T20:18:05.831243","level":"info","event":"Filling up the DagBag from /opt/airflow/dags/xcom.py","logger":"airflow.models.dagbag.DagBag"}
{"timestamp":"2025-12-19T20:18:36.436696","level":"info","event":"Filling up the DagBag from /opt/airflow/dags/xcom.py","logger":"airflow.models.dagbag.DagBag"}
{"timestamp":"2025-12-19T20:19:12.123487","level":"info","event":"Filling up the DagBag from /opt/airflow/dags/xcom.py","logger":"airflow.models.dagbag.DagBag"}
{"timestamp":"2025-12-19T20:19:42.955761","level":"info","event":"Filling up the DagBag from /opt/airflow/dags/xcom.py","logger":"airflow.models.dagbag.DagBag"}
{"timestamp":"2025-12-19T20:20:13.463577","level":"info","event":"Filling up the DagBag from /opt/airflow/dags/xcom.py","logger":"airflow.models.dagbag.DagBag"}
{"timestamp":"2025-12-19T20:20:43.896655","level":"info","event":"Filling up the DagBag from /opt/airflow/dags/xcom.py","logger":"airflow.models.dagbag.DagBag"}
{"timestamp":"2025-12-19T20:21:19.467367","level":"info","event":"Filling up the DagBag from /opt/airflow/dags/xcom.py","logger":"airflow.models.dagbag.DagBag"}
{"timestamp":"2025-12-19T20:21:50.583760","level":"info","event":"Filling up the DagBag from /opt/airflow/dags/xcom.py","logger":"airflow.models.dagbag.DagBag"}
{"timestamp":"2025-12-19T20:22:52.139195","level":"info","event":"Filling up the DagBag from /opt/airflow/dags/xcom.py","logger":"airflow.models.dagbag.DagBag"}
{"timestamp":"2025-12-19T20:23:23.931686","level":"info","event":"Filling up the DagBag from /opt/airflow/dags/xcom.py","logger":"airflow.models.dagbag.DagBag"}
{"timestamp":"2025-12-19T20:23:54.519335","level":"info","event":"Filling up the DagBag from /opt/airflow/dags/xcom.py","logger":"airflow.models.dagbag.DagBag"}
{"timestamp":"2025-12-19T20:25:30.410503","level":"info","event":"Filling up the DagBag from /opt/airflow/dags/xcom.py","logger":"airflow.models.dagbag.DagBag"}
{"timestamp":"2025-12-19T20:26:01.238450","level":"info","event":"Filling up the DagBag from /opt/airflow/dags/xcom.py","logger":"airflow.models.dagbag.DagBag"}
{"timestamp":"2025-12-19T20:26:32.400155","level":"info","event":"Filling up the DagBag from /opt/airflow/dags/xcom.py","logger":"airflow.models.dagbag.DagBag"}
{"timestamp":"2025-12-19T20:27:02.910814","level":"info","event":"Filling up the DagBag from /opt/airflow/dags/xcom.py","logger":"airflow.models.dagbag.DagBag"}
{"timestamp":"2025-12-19T20:27:33.400772","level":"info","event":"Filling up the DagBag from /opt/airflow/dags/xcom.py","logger":"airflow.models.dagbag.DagBag"}
{"timestamp":"2025-12-19T20:28:34.764082","level":"info","event":"Filling up the DagBag from /opt/airflow/dags/xcom.py","logger":"airflow.models.dagbag.DagBag"}
{"timestamp":"2025-12-19T20:29:05.274741","level":"info","event":"Filling up the DagBag from /opt/airflow/dags/xcom.py","logger":"airflow.models.dagbag.DagBag"}
{"timestamp":"2025-12-19T20:29:41.144993","level":"info","event":"Filling up the DagBag from /opt/airflow/dags/xcom.py","logger":"airflow.models.dagbag.DagBag"}
{"timestamp":"2025-12-19T20:30:42.887592","level":"info","event":"Filling up the DagBag from /opt/airflow/dags/xcom.py","logger":"airflow.models.dagbag.DagBag"}
{"timestamp":"2025-12-19T20:31:13.741360","level":"info","event":"Filling up the DagBag from /opt/airflow/dags/xcom.py","logger":"airflow.models.dagbag.DagBag"}
{"timestamp":"2025-12-19T20:31:44.391104","level":"info","event":"Filling up the DagBag from /opt/airflow/dags/xcom.py","logger":"airflow.models.dagbag.DagBag"}
{"timestamp":"2025-12-19T20:32:14.782531","level":"info","event":"Filling up the DagBag from /opt/airflow/dags/xcom.py","logger":"airflow.models.dagbag.DagBag"}
{"timestamp":"2025-12-19T20:32:50.534903","level":"info","event":"Filling up the DagBag from /opt/airflow/dags/xcom.py","logger":"airflow.models.dagbag.DagBag"}
{"timestamp":"2025-12-19T20:33:20.912087","level":"info","event":"Filling up the DagBag from /opt/airflow/dags/xcom.py","logger":"airflow.models.dagbag.DagBag"}
{"timestamp":"2025-12-19T20:34:27.351644","level":"info","event":"Filling up the DagBag from /opt/airflow/dags/xcom.py","logger":"airflow.models.dagbag.DagBag"}
{"timestamp":"2025-12-19T20:34:57.998512","level":"info","event":"Filling up the DagBag from /opt/airflow/dags/xcom.py","logger":"airflow.models.dagbag.DagBag"}
{"timestamp":"2025-12-19T20:35:28.572827","level":"info","event":"Filling up the DagBag from /opt/airflow/dags/xcom.py","logger":"airflow.models.dagbag.DagBag"}
{"timestamp":"2025-12-19T20:36:30.358945","level":"info","event":"Filling up the DagBag from /opt/airflow/dags/xcom.py","logger":"airflow.models.dagbag.DagBag"}
{"timestamp":"2025-12-19T20:37:00.931837","level":"info","event":"Filling up the DagBag from /opt/airflow/dags/xcom.py","logger":"airflow.models.dagbag.DagBag"}
{"timestamp":"2025-12-19T20:37:31.365992","level":"info","event":"Filling up the DagBag from /opt/airflow/dags/xcom.py","logger":"airflow.models.dagbag.DagBag"}
{"timestamp":"2025-12-19T20:38:06.988461","level":"info","event":"Filling up the DagBag from /opt/airflow/dags/xcom.py","logger":"airflow.models.dagbag.DagBag"}
{"timestamp":"2025-12-19T20:38:42.631125","level":"info","event":"Filling up the DagBag from /opt/airflow/dags/xcom.py","logger":"airflow.models.dagbag.DagBag"}
{"timestamp":"2025-12-19T20:39:13.481166","level":"info","event":"Filling up the DagBag from /opt/airflow/dags/xcom.py","logger":"airflow.models.dagbag.DagBag"}
{"timestamp":"2025-12-19T20:39:50.064128","level":"info","event":"Filling up the DagBag from /opt/airflow/dags/xcom.py","logger":"airflow.models.dagbag.DagBag"}
{"timestamp":"2025-12-19T20:40:20.756318","level":"info","event":"Filling up the DagBag from /opt/airflow/dags/xcom.py","logger":"airflow.models.dagbag.DagBag"}
{"timestamp":"2025-12-19T20:40:51.071203","level":"info","event":"Filling up the DagBag from /opt/airflow/dags/xcom.py","logger":"airflow.models.dagbag.DagBag"}
{"timestamp":"2025-12-19T20:41:21.712667","level":"info","event":"Filling up the DagBag from /opt/airflow/dags/xcom.py","logger":"airflow.models.dagbag.DagBag"}
{"timestamp":"2025-12-19T20:41:52.609368","level":"info","event":"Filling up the DagBag from /opt/airflow/dags/xcom.py","logger":"airflow.models.dagbag.DagBag"}
{"timestamp":"2025-12-19T20:42:53.959884","level":"info","event":"Filling up the DagBag from /opt/airflow/dags/xcom.py","logger":"airflow.models.dagbag.DagBag"}
{"timestamp":"2025-12-19T20:43:24.682175","level":"info","event":"Filling up the DagBag from /opt/airflow/dags/xcom.py","logger":"airflow.models.dagbag.DagBag"}
{"timestamp":"2025-12-19T20:44:56.803566","level":"info","event":"Filling up the DagBag from /opt/airflow/dags/xcom.py","logger":"airflow.models.dagbag.DagBag"}
{"timestamp":"2025-12-19T20:45:27.615764","level":"info","event":"Filling up the DagBag from /opt/airflow/dags/xcom.py","logger":"airflow.models.dagbag.DagBag"}
{"timestamp":"2025-12-19T20:45:57.937012","level":"info","event":"Filling up the DagBag from /opt/airflow/dags/xcom.py","logger":"airflow.models.dagbag.DagBag"}
{"timestamp":"2025-12-19T20:46:28.356445","level":"info","event":"Filling up the DagBag from /opt/airflow/dags/xcom.py","logger":"airflow.models.dagbag.DagBag"}
{"timestamp":"2025-12-19T20:47:03.938271","level":"info","event":"Filling up the DagBag from /opt/airflow/dags/xcom.py","logger":"airflow.models.dagbag.DagBag"}
{"timestamp":"2025-12-19T20:47:34.419880","level":"info","event":"Filling up the DagBag from /opt/airflow/dags/xcom.py","logger":"airflow.models.dagbag.DagBag"}
{"timestamp":"2025-12-19T20:48:35.989082","level":"info","event":"Filling up the DagBag from /opt/airflow/dags/xcom.py","logger":"airflow.models.dagbag.DagBag"}
{"timestamp":"2025-12-19T20:49:06.653519","level":"info","event":"Filling up the DagBag from /opt/airflow/dags/xcom.py","logger":"airflow.models.dagbag.DagBag"}
{"timestamp":"2025-12-19T20:49:42.096567","level":"info","event":"Filling up the DagBag from /opt/airflow/dags/xcom.py","logger":"airflow.models.dagbag.DagBag"}
{"timestamp":"2025-12-19T20:50:12.767950","level":"info","event":"Filling up the DagBag from /opt/airflow/dags/xcom.py","logger":"airflow.models.dagbag.DagBag"}
{"timestamp":"2025-12-19T20:50:43.392833","level":"info","event":"Filling up the DagBag from /opt/airflow/dags/xcom.py","logger":"airflow.models.dagbag.DagBag"}
{"timestamp":"2025-12-19T20:51:44.854628","level":"info","event":"Filling up the DagBag from /opt/airflow/dags/xcom.py","logger":"airflow.models.dagbag.DagBag"}
{"timestamp":"2025-12-19T20:52:50.940551","level":"info","event":"Filling up the DagBag from /opt/airflow/dags/xcom.py","logger":"airflow.models.dagbag.DagBag"}
{"timestamp":"2025-12-19T20:54:28.315234","level":"info","event":"Filling up the DagBag from /opt/airflow/dags/xcom.py","logger":"airflow.models.dagbag.DagBag"}
{"timestamp":"2025-12-19T20:54:58.913211","level":"info","event":"Filling up the DagBag from /opt/airflow/dags/xcom.py","logger":"airflow.models.dagbag.DagBag"}
{"timestamp":"2025-12-19T20:55:35.126283","level":"info","event":"Filling up the DagBag from /opt/airflow/dags/xcom.py","logger":"airflow.models.dagbag.DagBag"}
{"timestamp":"2025-12-19T20:56:36.678451","level":"info","event":"Filling up the DagBag from /opt/airflow/dags/xcom.py","logger":"airflow.models.dagbag.DagBag"}
{"timestamp":"2025-12-19T20:57:43.112591","level":"info","event":"Filling up the DagBag from /opt/airflow/dags/xcom.py","logger":"airflow.models.dagbag.DagBag"}
{"timestamp":"2025-12-19T20:58:48.934535","level":"info","event":"Filling up the DagBag from /opt/airflow/dags/xcom.py","logger":"airflow.models.dagbag.DagBag"}
{"timestamp":"2025-12-19T20:59:51.857851","level":"info","event":"Filling up the DagBag from /opt/airflow/dags/xcom.py","logger":"airflow.models.dagbag.DagBag"}
{"timestamp":"2025-12-19T21:00:22.992639","level":"info","event":"Filling up the DagBag from /opt/airflow/dags/xcom.py","logger":"airflow.models.dagbag.DagBag"}
{"timestamp":"2025-12-19T21:00:53.622766","level":"info","event":"Filling up the DagBag from /opt/airflow/dags/xcom.py","logger":"airflow.models.dagbag.DagBag"}
{"timestamp":"2025-12-19T21:01:24.270585","level":"info","event":"Filling up the DagBag from /opt/airflow/dags/xcom.py","logger":"airflow.models.dagbag.DagBag"}
{"timestamp":"2025-12-19T21:01:54.882761","level":"info","event":"Filling up the DagBag from /opt/airflow/dags/xcom.py","logger":"airflow.models.dagbag.DagBag"}
{"timestamp":"2025-12-19T21:02:25.460337","level":"info","event":"Filling up the DagBag from /opt/airflow/dags/xcom.py","logger":"airflow.models.dagbag.DagBag"}
{"timestamp":"2025-12-19T21:02:55.860651","level":"info","event":"Filling up the DagBag from /opt/airflow/dags/xcom.py","logger":"airflow.models.dagbag.DagBag"}
{"timestamp":"2025-12-19T21:04:02.473217","level":"info","event":"Filling up the DagBag from /opt/airflow/dags/xcom.py","logger":"airflow.models.dagbag.DagBag"}
{"timestamp":"2025-12-19T21:04:33.615900","level":"info","event":"Filling up the DagBag from /opt/airflow/dags/xcom.py","logger":"airflow.models.dagbag.DagBag"}
{"timestamp":"2025-12-19T21:05:04.701534","level":"info","event":"Filling up the DagBag from /opt/airflow/dags/xcom.py","logger":"airflow.models.dagbag.DagBag"}
{"timestamp":"2025-12-19T21:05:37.379226","level":"info","event":"Filling up the DagBag from /opt/airflow/dags/xcom.py","logger":"airflow.models.dagbag.DagBag"}
{"timestamp":"2025-12-19T21:06:08.004161","level":"info","event":"Filling up the DagBag from /opt/airflow/dags/xcom.py","logger":"airflow.models.dagbag.DagBag"}
{"timestamp":"2025-12-19T21:06:38.616953","level":"info","event":"Filling up the DagBag from /opt/airflow/dags/xcom.py","logger":"airflow.models.dagbag.DagBag"}
{"timestamp":"2025-12-19T21:07:09.026493","level":"info","event":"Filling up the DagBag from /opt/airflow/dags/xcom.py","logger":"airflow.models.dagbag.DagBag"}
{"timestamp":"2025-12-19T21:07:44.989116","level":"info","event":"Filling up the DagBag from /opt/airflow/dags/xcom.py","logger":"airflow.models.dagbag.DagBag"}
{"timestamp":"2025-12-19T21:08:15.725555","level":"info","event":"Filling up the DagBag from /opt/airflow/dags/xcom.py","logger":"airflow.models.dagbag.DagBag"}
{"timestamp":"2025-12-19T21:08:46.372968","level":"info","event":"Filling up the DagBag from /opt/airflow/dags/xcom.py","logger":"airflow.models.dagbag.DagBag"}
{"timestamp":"2025-12-19T21:09:17.042446","level":"info","event":"Filling up the DagBag from /opt/airflow/dags/xcom.py","logger":"airflow.models.dagbag.DagBag"}
{"timestamp":"2025-12-19T21:10:18.727517","level":"info","event":"Filling up the DagBag from /opt/airflow/dags/xcom.py","logger":"airflow.models.dagbag.DagBag"}
{"timestamp":"2025-12-19T21:10:54.873793","level":"info","event":"Filling up the DagBag from /opt/airflow/dags/xcom.py","logger":"airflow.models.dagbag.DagBag"}
{"timestamp":"2025-12-19T21:11:25.471625","level":"info","event":"Filling up the DagBag from /opt/airflow/dags/xcom.py","logger":"airflow.models.dagbag.DagBag"}
{"timestamp":"2025-12-19T21:12:01.419093","level":"info","event":"Filling up the DagBag from /opt/airflow/dags/xcom.py","logger":"airflow.models.dagbag.DagBag"}
{"timestamp":"2025-12-19T21:12:31.949427","level":"info","event":"Filling up the DagBag from /opt/airflow/dags/xcom.py","logger":"airflow.models.dagbag.DagBag"}
{"timestamp":"2025-12-19T21:13:02.650510","level":"info","event":"Filling up the DagBag from /opt/airflow/dags/xcom.py","logger":"airflow.models.dagbag.DagBag"}
{"timestamp":"2025-12-19T21:13:38.434800","level":"info","event":"Filling up the DagBag from /opt/airflow/dags/xcom.py","logger":"airflow.models.dagbag.DagBag"}
{"timestamp":"2025-12-19T21:14:09.185541","level":"info","event":"Filling up the DagBag from /opt/airflow/dags/xcom.py","logger":"airflow.models.dagbag.DagBag"}
{"timestamp":"2025-12-19T21:14:39.574172","level":"info","event":"Filling up the DagBag from /opt/airflow/dags/xcom.py","logger":"airflow.models.dagbag.DagBag"}
{"timestamp":"2025-12-19T21:15:10.440422","level":"info","event":"Filling up the DagBag from /opt/airflow/dags/xcom.py","logger":"airflow.models.dagbag.DagBag"}
{"timestamp":"2025-12-19T21:15:46.121828","level":"info","event":"Filling up the DagBag from /opt/airflow/dags/xcom.py","logger":"airflow.models.dagbag.DagBag"}
{"timestamp":"2025-12-19T21:16:16.742802","level":"info","event":"Filling up the DagBag from /opt/airflow/dags/xcom.py","logger":"airflow.models.dagbag.DagBag"}
{"timestamp":"2025-12-19T21:16:52.627236","level":"info","event":"Filling up the DagBag from /opt/airflow/dags/xcom.py","logger":"airflow.models.dagbag.DagBag"}
{"timestamp":"2025-12-19T21:17:23.256795","level":"info","event":"Filling up the DagBag from /opt/airflow/dags/xcom.py","logger":"airflow.models.dagbag.DagBag"}
{"timestamp":"2025-12-19T21:17:53.884835","level":"info","event":"Filling up the DagBag from /opt/airflow/dags/xcom.py","logger":"airflow.models.dagbag.DagBag"}
{"timestamp":"2025-12-19T21:18:29.199754","level":"info","event":"Filling up the DagBag from /opt/airflow/dags/xcom.py","logger":"airflow.models.dagbag.DagBag"}
{"timestamp":"2025-12-19T21:18:59.563115","level":"info","event":"Filling up the DagBag from /opt/airflow/dags/xcom.py","logger":"airflow.models.dagbag.DagBag"}
{"timestamp":"2025-12-19T21:19:35.158256","level":"info","event":"Filling up the DagBag from /opt/airflow/dags/xcom.py","logger":"airflow.models.dagbag.DagBag"}
{"timestamp":"2025-12-19T21:20:41.662914","level":"info","event":"Filling up the DagBag from /opt/airflow/dags/xcom.py","logger":"airflow.models.dagbag.DagBag"}
{"timestamp":"2025-12-19T21:21:12.210253","level":"info","event":"Filling up the DagBag from /opt/airflow/dags/xcom.py","logger":"airflow.models.dagbag.DagBag"}
{"timestamp":"2025-12-19T21:21:42.782557","level":"info","event":"Filling up the DagBag from /opt/airflow/dags/xcom.py","logger":"airflow.models.dagbag.DagBag"}
{"timestamp":"2025-12-19T21:22:13.753090","level":"info","event":"Filling up the DagBag from /opt/airflow/dags/xcom.py","logger":"airflow.models.dagbag.DagBag"}
{"timestamp":"2025-12-19T21:22:49.267751","level":"info","event":"Filling up the DagBag from /opt/airflow/dags/xcom.py","logger":"airflow.models.dagbag.DagBag"}
{"timestamp":"2025-12-19T21:23:25.074897","level":"info","event":"Filling up the DagBag from /opt/airflow/dags/xcom.py","logger":"airflow.models.dagbag.DagBag"}
{"timestamp":"2025-12-19T21:23:55.736551","level":"info","event":"Filling up the DagBag from /opt/airflow/dags/xcom.py","logger":"airflow.models.dagbag.DagBag"}
{"timestamp":"2025-12-19T21:24:26.345611","level":"info","event":"Filling up the DagBag from /opt/airflow/dags/xcom.py","logger":"airflow.models.dagbag.DagBag"}
{"timestamp":"2025-12-19T21:25:59.044091","level":"info","event":"Filling up the DagBag from /opt/airflow/dags/xcom.py","logger":"airflow.models.dagbag.DagBag"}
{"timestamp":"2025-12-19T21:28:06.592435","level":"info","event":"Filling up the DagBag from /opt/airflow/dags/xcom.py","logger":"airflow.models.dagbag.DagBag"}
{"timestamp":"2025-12-19T21:29:08.095386","level":"info","event":"Filling up the DagBag from /opt/airflow/dags/xcom.py","logger":"airflow.models.dagbag.DagBag"}
{"timestamp":"2025-12-19T21:29:38.460174","level":"info","event":"Filling up the DagBag from /opt/airflow/dags/xcom.py","logger":"airflow.models.dagbag.DagBag"}
{"timestamp":"2025-12-19T21:30:14.379391","level":"info","event":"Filling up the DagBag from /opt/airflow/dags/xcom.py","logger":"airflow.models.dagbag.DagBag"}
{"timestamp":"2025-12-19T21:30:44.908834","level":"info","event":"Filling up the DagBag from /opt/airflow/dags/xcom.py","logger":"airflow.models.dagbag.DagBag"}
{"timestamp":"2025-12-19T21:31:46.099754","level":"info","event":"Filling up the DagBag from /opt/airflow/dags/xcom.py","logger":"airflow.models.dagbag.DagBag"}
{"timestamp":"2025-12-19T21:32:47.216878","level":"info","event":"Filling up the DagBag from /opt/airflow/dags/xcom.py","logger":"airflow.models.dagbag.DagBag"}
{"timestamp":"2025-12-19T21:33:17.966416","level":"info","event":"Filling up the DagBag from /opt/airflow/dags/xcom.py","logger":"airflow.models.dagbag.DagBag"}
{"timestamp":"2025-12-19T21:54:30.952695","level":"info","event":"Filling up the DagBag from /opt/airflow/dags/xcom.py","logger":"airflow.models.dagbag.DagBag"}
{"timestamp":"2025-12-19T21:55:06.855249","level":"info","event":"Filling up the DagBag from /opt/airflow/dags/xcom.py","logger":"airflow.models.dagbag.DagBag"}
{"timestamp":"2025-12-19T21:55:42.451818","level":"info","event":"Filling up the DagBag from /opt/airflow/dags/xcom.py","logger":"airflow.models.dagbag.DagBag"}
{"timestamp":"2025-12-19T21:56:13.119535","level":"info","event":"Filling up the DagBag from /opt/airflow/dags/xcom.py","logger":"airflow.models.dagbag.DagBag"}
{"timestamp":"2025-12-19T21:56:43.954250","level":"info","event":"Filling up the DagBag from /opt/airflow/dags/xcom.py","logger":"airflow.models.dagbag.DagBag"}
{"timestamp":"2025-12-19T21:57:14.753716","level":"info","event":"Filling up the DagBag from /opt/airflow/dags/xcom.py","logger":"airflow.models.dagbag.DagBag"}
{"timestamp":"2025-12-19T21:58:46.690292","level":"info","event":"Filling up the DagBag from /opt/airflow/dags/xcom.py","logger":"airflow.models.dagbag.DagBag"}
{"timestamp":"2025-12-19T21:59:22.655468","level":"info","event":"Filling up the DagBag from /opt/airflow/dags/xcom.py","logger":"airflow.models.dagbag.DagBag"}
{"timestamp":"2025-12-19T21:59:53.438789","level":"info","event":"Filling up the DagBag from /opt/airflow/dags/xcom.py","logger":"airflow.models.dagbag.DagBag"}
{"timestamp":"2025-12-19T22:00:59.410784","level":"info","event":"Filling up the DagBag from /opt/airflow/dags/xcom.py","logger":"airflow.models.dagbag.DagBag"}
{"timestamp":"2025-12-19T22:01:34.812387","level":"info","event":"Filling up the DagBag from /opt/airflow/dags/xcom.py","logger":"airflow.models.dagbag.DagBag"}
{"timestamp":"2025-12-19T22:02:10.504015","level":"info","event":"Filling up the DagBag from /opt/airflow/dags/xcom.py","logger":"airflow.models.dagbag.DagBag"}
{"timestamp":"2025-12-19T22:02:46.454611","level":"info","event":"Filling up the DagBag from /opt/airflow/dags/xcom.py","logger":"airflow.models.dagbag.DagBag"}
{"timestamp":"2025-12-19T22:03:17.025555","level":"info","event":"Filling up the DagBag from /opt/airflow/dags/xcom.py","logger":"airflow.models.dagbag.DagBag"}
{"timestamp":"2025-12-19T22:03:52.370832","level":"info","event":"Filling up the DagBag from /opt/airflow/dags/xcom.py","logger":"airflow.models.dagbag.DagBag"}
{"timestamp":"2025-12-19T22:04:27.890361","level":"info","event":"Filling up the DagBag from /opt/airflow/dags/xcom.py","logger":"airflow.models.dagbag.DagBag"}
{"timestamp":"2025-12-19T22:05:03.898950","level":"info","event":"Filling up the DagBag from /opt/airflow/dags/xcom.py","logger":"airflow.models.dagbag.DagBag"}
{"timestamp":"2025-12-19T22:05:34.603755","level":"info","event":"Filling up the DagBag from /opt/airflow/dags/xcom.py","logger":"airflow.models.dagbag.DagBag"}
{"timestamp":"2025-12-19T22:07:06.754449","level":"info","event":"Filling up the DagBag from /opt/airflow/dags/xcom.py","logger":"airflow.models.dagbag.DagBag"}
{"timestamp":"2025-12-19T22:07:42.598905","level":"info","event":"Filling up the DagBag from /opt/airflow/dags/xcom.py","logger":"airflow.models.dagbag.DagBag"}
{"timestamp":"2025-12-19T22:08:13.394595","level":"info","event":"Filling up the DagBag from /opt/airflow/dags/xcom.py","logger":"airflow.models.dagbag.DagBag"}
{"timestamp":"2025-12-19T22:08:44.119648","level":"info","event":"Filling up the DagBag from /opt/airflow/dags/xcom.py","logger":"airflow.models.dagbag.DagBag"}
{"timestamp":"2025-12-19T22:09:14.976417","level":"info","event":"Filling up the DagBag from /opt/airflow/dags/xcom.py","logger":"airflow.models.dagbag.DagBag"}
{"timestamp":"2025-12-19T22:09:50.473302","level":"info","event":"Filling up the DagBag from /opt/airflow/dags/xcom.py","logger":"airflow.models.dagbag.DagBag"}
{"timestamp":"2025-12-19T22:10:51.964046","level":"info","event":"Filling up the DagBag from /opt/airflow/dags/xcom.py","logger":"airflow.models.dagbag.DagBag"}
{"timestamp":"2025-12-19T22:12:24.630976","level":"info","event":"Filling up the DagBag from /opt/airflow/dags/xcom.py","logger":"airflow.models.dagbag.DagBag"}
{"timestamp":"2025-12-19T22:12:55.479544","level":"info","event":"Filling up the DagBag from /opt/airflow/dags/xcom.py","logger":"airflow.models.dagbag.DagBag"}
{"timestamp":"2025-12-19T22:13:26.077100","level":"info","event":"Filling up the DagBag from /opt/airflow/dags/xcom.py","logger":"airflow.models.dagbag.DagBag"}
{"timestamp":"2025-12-19T22:14:01.817553","level":"info","event":"Filling up the DagBag from /opt/airflow/dags/xcom.py","logger":"airflow.models.dagbag.DagBag"}
{"timestamp":"2025-12-19T22:14:32.412739","level":"info","event":"Filling up the DagBag from /opt/airflow/dags/xcom.py","logger":"airflow.models.dagbag.DagBag"}
{"timestamp":"2025-12-19T22:15:34.146002","level":"info","event":"Filling up the DagBag from /opt/airflow/dags/xcom.py","logger":"airflow.models.dagbag.DagBag"}
{"timestamp":"2025-12-19T22:16:40.196170","level":"info","event":"Filling up the DagBag from /opt/airflow/dags/xcom.py","logger":"airflow.models.dagbag.DagBag"}
{"timestamp":"2025-12-19T22:17:10.973848","level":"info","event":"Filling up the DagBag from /opt/airflow/dags/xcom.py","logger":"airflow.models.dagbag.DagBag"}
{"timestamp":"2025-12-19T22:18:16.293438","level":"info","event":"Filling up the DagBag from /opt/airflow/dags/xcom.py","logger":"airflow.models.dagbag.DagBag"}
{"timestamp":"2025-12-19T22:18:52.202063","level":"info","event":"Filling up the DagBag from /opt/airflow/dags/xcom.py","logger":"airflow.models.dagbag.DagBag"}
{"timestamp":"2025-12-19T22:19:22.991826","level":"info","event":"Filling up the DagBag from /opt/airflow/dags/xcom.py","logger":"airflow.models.dagbag.DagBag"}
{"timestamp":"2025-12-19T22:19:53.663243","level":"info","event":"Filling up the DagBag from /opt/airflow/dags/xcom.py","logger":"airflow.models.dagbag.DagBag"}
{"timestamp":"2025-12-19T22:21:00.273808","level":"info","event":"Filling up the DagBag from /opt/airflow/dags/xcom.py","logger":"airflow.models.dagbag.DagBag"}
{"timestamp":"2025-12-19T22:22:32.166096","level":"info","event":"Filling up the DagBag from /opt/airflow/dags/xcom.py","logger":"airflow.models.dagbag.DagBag"}
{"timestamp":"2025-12-19T22:23:02.590005","level":"info","event":"Filling up the DagBag from /opt/airflow/dags/xcom.py","logger":"airflow.models.dagbag.DagBag"}
{"timestamp":"2025-12-19T22:24:10.195457","level":"info","event":"Filling up the DagBag from /opt/airflow/dags/xcom.py","logger":"airflow.models.dagbag.DagBag"}
{"timestamp":"2025-12-19T22:24:41.044379","level":"info","event":"Filling up the DagBag from /opt/airflow/dags/xcom.py","logger":"airflow.models.dagbag.DagBag"}
{"timestamp":"2025-12-19T22:25:11.897632","level":"info","event":"Filling up the DagBag from /opt/airflow/dags/xcom.py","logger":"airflow.models.dagbag.DagBag"}
{"timestamp":"2025-12-19T22:25:42.425737","level":"info","event":"Filling up the DagBag from /opt/airflow/dags/xcom.py","logger":"airflow.models.dagbag.DagBag"}
{"timestamp":"2025-12-19T22:27:19.334779","level":"info","event":"Filling up the DagBag from /opt/airflow/dags/xcom.py","logger":"airflow.models.dagbag.DagBag"}
{"timestamp":"2025-12-19T22:27:50.062792","level":"info","event":"Filling up the DagBag from /opt/airflow/dags/xcom.py","logger":"airflow.models.dagbag.DagBag"}
{"timestamp":"2025-12-19T22:28:51.482806","level":"info","event":"Filling up the DagBag from /opt/airflow/dags/xcom.py","logger":"airflow.models.dagbag.DagBag"}
{"timestamp":"2025-12-19T22:29:27.471212","level":"info","event":"Filling up the DagBag from /opt/airflow/dags/xcom.py","logger":"airflow.models.dagbag.DagBag"}
{"timestamp":"2025-12-19T22:31:00.204752","level":"info","event":"Filling up the DagBag from /opt/airflow/dags/xcom.py","logger":"airflow.models.dagbag.DagBag"}
{"timestamp":"2025-12-19T22:32:02.130604","level":"info","event":"Filling up the DagBag from /opt/airflow/dags/xcom.py","logger":"airflow.models.dagbag.DagBag"}
{"timestamp":"2025-12-19T22:33:08.092169","level":"info","event":"Filling up the DagBag from /opt/airflow/dags/xcom.py","logger":"airflow.models.dagbag.DagBag"}
{"timestamp":"2025-12-19T22:34:45.081507","level":"info","event":"Filling up the DagBag from /opt/airflow/dags/xcom.py","logger":"airflow.models.dagbag.DagBag"}
{"timestamp":"2025-12-19T22:35:20.947237","level":"info","event":"Filling up the DagBag from /opt/airflow/dags/xcom.py","logger":"airflow.models.dagbag.DagBag"}
{"timestamp":"2025-12-19T22:37:33.809599","level":"info","event":"Filling up the DagBag from /opt/airflow/dags/xcom.py","logger":"airflow.models.dagbag.DagBag"}
{"timestamp":"2025-12-19T22:38:04.671658","level":"info","event":"Filling up the DagBag from /opt/airflow/dags/xcom.py","logger":"airflow.models.dagbag.DagBag"}
{"timestamp":"2025-12-19T22:38:40.402355","level":"info","event":"Filling up the DagBag from /opt/airflow/dags/xcom.py","logger":"airflow.models.dagbag.DagBag"}
{"timestamp":"2025-12-19T22:39:16.361914","level":"info","event":"Filling up the DagBag from /opt/airflow/dags/xcom.py","logger":"airflow.models.dagbag.DagBag"}
{"timestamp":"2025-12-19T22:39:47.499649","level":"info","event":"Filling up the DagBag from /opt/airflow/dags/xcom.py","logger":"airflow.models.dagbag.DagBag"}
{"timestamp":"2025-12-19T22:40:18.768803","level":"info","event":"Filling up the DagBag from /opt/airflow/dags/xcom.py","logger":"airflow.models.dagbag.DagBag"}
{"timestamp":"2025-12-19T22:41:56.678432","level":"info","event":"Filling up the DagBag from /opt/airflow/dags/xcom.py","logger":"airflow.models.dagbag.DagBag"}
{"timestamp":"2025-12-19T22:42:27.628375","level":"info","event":"Filling up the DagBag from /opt/airflow/dags/xcom.py","logger":"airflow.models.dagbag.DagBag"}
{"timestamp":"2025-12-19T22:42:58.357181","level":"info","event":"Filling up the DagBag from /opt/airflow/dags/xcom.py","logger":"airflow.models.dagbag.DagBag"}
{"timestamp":"2025-12-19T22:43:59.996975","level":"info","event":"Filling up the DagBag from /opt/airflow/dags/xcom.py","logger":"airflow.models.dagbag.DagBag"}
{"timestamp":"2025-12-19T22:44:36.057052","level":"info","event":"Filling up the DagBag from /opt/airflow/dags/xcom.py","logger":"airflow.models.dagbag.DagBag"}
{"timestamp":"2025-12-19T22:45:11.629192","level":"info","event":"Filling up the DagBag from /opt/airflow/dags/xcom.py","logger":"airflow.models.dagbag.DagBag"}
{"timestamp":"2025-12-19T22:45:42.289024","level":"info","event":"Filling up the DagBag from /opt/airflow/dags/xcom.py","logger":"airflow.models.dagbag.DagBag"}
{"timestamp":"2025-12-19T22:46:12.943541","level":"info","event":"Filling up the DagBag from /opt/airflow/dags/xcom.py","logger":"airflow.models.dagbag.DagBag"}
{"timestamp":"2025-12-19T22:46:43.495975","level":"info","event":"Filling up the DagBag from /opt/airflow/dags/xcom.py","logger":"airflow.models.dagbag.DagBag"}
{"timestamp":"2025-12-19T22:47:18.999058","level":"info","event":"Filling up the DagBag from /opt/airflow/dags/xcom.py","logger":"airflow.models.dagbag.DagBag"}
{"timestamp":"2025-12-19T22:47:54.499089","level":"info","event":"Filling up the DagBag from /opt/airflow/dags/xcom.py","logger":"airflow.models.dagbag.DagBag"}
{"timestamp":"2025-12-19T22:48:25.076140","level":"info","event":"Filling up the DagBag from /opt/airflow/dags/xcom.py","logger":"airflow.models.dagbag.DagBag"}
{"timestamp":"2025-12-19T22:48:55.909208","level":"info","event":"Filling up the DagBag from /opt/airflow/dags/xcom.py","logger":"airflow.models.dagbag.DagBag"}
{"timestamp":"2025-12-19T22:49:26.616443","level":"info","event":"Filling up the DagBag from /opt/airflow/dags/xcom.py","logger":"airflow.models.dagbag.DagBag"}
{"timestamp":"2025-12-19T22:50:02.492783","level":"info","event":"Filling up the DagBag from /opt/airflow/dags/xcom.py","logger":"airflow.models.dagbag.DagBag"}
{"timestamp":"2025-12-19T22:50:33.306218","level":"info","event":"Filling up the DagBag from /opt/airflow/dags/xcom.py","logger":"airflow.models.dagbag.DagBag"}
{"timestamp":"2025-12-19T22:51:03.990905","level":"info","event":"Filling up the DagBag from /opt/airflow/dags/xcom.py","logger":"airflow.models.dagbag.DagBag"}
{"timestamp":"2025-12-19T22:51:34.683831","level":"info","event":"Filling up the DagBag from /opt/airflow/dags/xcom.py","logger":"airflow.models.dagbag.DagBag"}
{"timestamp":"2025-12-19T22:52:36.584239","level":"info","event":"Filling up the DagBag from /opt/airflow/dags/xcom.py","logger":"airflow.models.dagbag.DagBag"}
{"timestamp":"2025-12-19T22:53:07.104981","level":"info","event":"Filling up the DagBag from /opt/airflow/dags/xcom.py","logger":"airflow.models.dagbag.DagBag"}
{"timestamp":"2025-12-19T22:53:42.145865","level":"info","event":"Filling up the DagBag from /opt/airflow/dags/xcom.py","logger":"airflow.models.dagbag.DagBag"}
{"timestamp":"2025-12-19T22:54:12.817424","level":"info","event":"Filling up the DagBag from /opt/airflow/dags/xcom.py","logger":"airflow.models.dagbag.DagBag"}
{"timestamp":"2025-12-19T22:56:16.071775","level":"info","event":"Filling up the DagBag from /opt/airflow/dags/xcom.py","logger":"airflow.models.dagbag.DagBag"}
{"timestamp":"2025-12-19T22:56:46.698434","level":"info","event":"Filling up the DagBag from /opt/airflow/dags/xcom.py","logger":"airflow.models.dagbag.DagBag"}
{"timestamp":"2025-12-19T22:57:17.277879","level":"info","event":"Filling up the DagBag from /opt/airflow/dags/xcom.py","logger":"airflow.models.dagbag.DagBag"}
{"timestamp":"2025-12-19T22:57:52.635042","level":"info","event":"Filling up the DagBag from /opt/airflow/dags/xcom.py","logger":"airflow.models.dagbag.DagBag"}
{"timestamp":"2025-12-19T22:58:23.282586","level":"info","event":"Filling up the DagBag from /opt/airflow/dags/xcom.py","logger":"airflow.models.dagbag.DagBag"}
{"timestamp":"2025-12-19T22:59:29.710970","level":"info","event":"Filling up the DagBag from /opt/airflow/dags/xcom.py","logger":"airflow.models.dagbag.DagBag"}
{"timestamp":"2025-12-19T23:00:00.327115","level":"info","event":"Filling up the DagBag from /opt/airflow/dags/xcom.py","logger":"airflow.models.dagbag.DagBag"}
{"timestamp":"2025-12-19T23:00:30.873725","level":"info","event":"Filling up the DagBag from /opt/airflow/dags/xcom.py","logger":"airflow.models.dagbag.DagBag"}
{"timestamp":"2025-12-19T23:01:06.345785","level":"info","event":"Filling up the DagBag from /opt/airflow/dags/xcom.py","logger":"airflow.models.dagbag.DagBag"}
{"timestamp":"2025-12-19T23:01:37.191993","level":"info","event":"Filling up the DagBag from /opt/airflow/dags/xcom.py","logger":"airflow.models.dagbag.DagBag"}
{"timestamp":"2025-12-19T23:02:07.688014","level":"info","event":"Filling up the DagBag from /opt/airflow/dags/xcom.py","logger":"airflow.models.dagbag.DagBag"}
{"timestamp":"2025-12-19T23:02:42.154501","level":"info","event":"Filling up the DagBag from /opt/airflow/dags/xcom.py","logger":"airflow.models.dagbag.DagBag"}
{"timestamp":"2025-12-19T23:03:12.620171","level":"info","event":"Filling up the DagBag from /opt/airflow/dags/xcom.py","logger":"airflow.models.dagbag.DagBag"}
{"timestamp":"2025-12-19T23:03:43.889373","level":"info","event":"Filling up the DagBag from /opt/airflow/dags/xcom.py","logger":"airflow.models.dagbag.DagBag"}
{"timestamp":"2025-12-19T23:04:14.577347","level":"info","event":"Filling up the DagBag from /opt/airflow/dags/xcom.py","logger":"airflow.models.dagbag.DagBag"}
{"timestamp":"2025-12-19T23:04:45.432721","level":"info","event":"Filling up the DagBag from /opt/airflow/dags/xcom.py","logger":"airflow.models.dagbag.DagBag"}
{"timestamp":"2025-12-19T23:05:16.326689","level":"info","event":"Filling up the DagBag from /opt/airflow/dags/xcom.py","logger":"airflow.models.dagbag.DagBag"}
{"timestamp":"2025-12-19T23:05:47.193103","level":"info","event":"Filling up the DagBag from /opt/airflow/dags/xcom.py","logger":"airflow.models.dagbag.DagBag"}
{"timestamp":"2025-12-19T23:06:17.980363","level":"info","event":"Filling up the DagBag from /opt/airflow/dags/xcom.py","logger":"airflow.models.dagbag.DagBag"}
{"timestamp":"2025-12-19T23:06:52.789563","level":"info","event":"Filling up the DagBag from /opt/airflow/dags/xcom.py","logger":"airflow.models.dagbag.DagBag"}
{"timestamp":"2025-12-19T23:07:23.450901","level":"info","event":"Filling up the DagBag from /opt/airflow/dags/xcom.py","logger":"airflow.models.dagbag.DagBag"}
{"timestamp":"2025-12-19T23:07:54.200240","level":"info","event":"Filling up the DagBag from /opt/airflow/dags/xcom.py","logger":"airflow.models.dagbag.DagBag"}
{"timestamp":"2025-12-19T23:08:30.033957","level":"info","event":"Filling up the DagBag from /opt/airflow/dags/xcom.py","logger":"airflow.models.dagbag.DagBag"}
{"timestamp":"2025-12-19T23:09:31.408689","level":"info","event":"Filling up the DagBag from /opt/airflow/dags/xcom.py","logger":"airflow.models.dagbag.DagBag"}
{"timestamp":"2025-12-19T23:10:01.888175","level":"info","event":"Filling up the DagBag from /opt/airflow/dags/xcom.py","logger":"airflow.models.dagbag.DagBag"}
{"timestamp":"2025-12-19T23:10:32.324061","level":"info","event":"Filling up the DagBag from /opt/airflow/dags/xcom.py","logger":"airflow.models.dagbag.DagBag"}
{"timestamp":"2025-12-19T23:11:02.861588","level":"info","event":"Filling up the DagBag from /opt/airflow/dags/xcom.py","logger":"airflow.models.dagbag.DagBag"}
{"timestamp":"2025-12-19T23:11:38.520663","level":"info","event":"Filling up the DagBag from /opt/airflow/dags/xcom.py","logger":"airflow.models.dagbag.DagBag"}
{"timestamp":"2025-12-19T23:12:44.438840","level":"info","event":"Filling up the DagBag from /opt/airflow/dags/xcom.py","logger":"airflow.models.dagbag.DagBag"}
{"timestamp":"2025-12-19T23:13:20.152295","level":"info","event":"Filling up the DagBag from /opt/airflow/dags/xcom.py","logger":"airflow.models.dagbag.DagBag"}
{"timestamp":"2025-12-19T23:14:22.070080","level":"info","event":"Filling up the DagBag from /opt/airflow/dags/xcom.py","logger":"airflow.models.dagbag.DagBag"}
{"timestamp":"2025-12-19T23:14:52.932190","level":"info","event":"Filling up the DagBag from /opt/airflow/dags/xcom.py","logger":"airflow.models.dagbag.DagBag"}
{"timestamp":"2025-12-19T23:16:25.036654","level":"info","event":"Filling up the DagBag from /opt/airflow/dags/xcom.py","logger":"airflow.models.dagbag.DagBag"}
{"timestamp":"2025-12-19T23:16:55.877935","level":"info","event":"Filling up the DagBag from /opt/airflow/dags/xcom.py","logger":"airflow.models.dagbag.DagBag"}
{"timestamp":"2025-12-19T23:17:31.533676","level":"info","event":"Filling up the DagBag from /opt/airflow/dags/xcom.py","logger":"airflow.models.dagbag.DagBag"}
{"timestamp":"2025-12-19T23:18:01.980634","level":"info","event":"Filling up the DagBag from /opt/airflow/dags/xcom.py","logger":"airflow.models.dagbag.DagBag"}
{"timestamp":"2025-12-19T23:18:32.501265","level":"info","event":"Filling up the DagBag from /opt/airflow/dags/xcom.py","logger":"airflow.models.dagbag.DagBag"}
{"timestamp":"2025-12-19T23:20:09.477272","level":"info","event":"Filling up the DagBag from /opt/airflow/dags/xcom.py","logger":"airflow.models.dagbag.DagBag"}
{"timestamp":"2025-12-19T23:20:40.254556","level":"info","event":"Filling up the DagBag from /opt/airflow/dags/xcom.py","logger":"airflow.models.dagbag.DagBag"}
{"timestamp":"2025-12-19T23:21:10.861592","level":"info","event":"Filling up the DagBag from /opt/airflow/dags/xcom.py","logger":"airflow.models.dagbag.DagBag"}
{"timestamp":"2025-12-19T23:22:12.401690","level":"info","event":"Filling up the DagBag from /opt/airflow/dags/xcom.py","logger":"airflow.models.dagbag.DagBag"}
{"timestamp":"2025-12-19T23:23:19.186508","level":"info","event":"Filling up the DagBag from /opt/airflow/dags/xcom.py","logger":"airflow.models.dagbag.DagBag"}
{"timestamp":"2025-12-19T23:25:26.828425","level":"info","event":"Filling up the DagBag from /opt/airflow/dags/xcom.py","logger":"airflow.models.dagbag.DagBag"}
{"timestamp":"2025-12-19T23:25:57.345527","level":"info","event":"Filling up the DagBag from /opt/airflow/dags/xcom.py","logger":"airflow.models.dagbag.DagBag"}
{"timestamp":"2025-12-19T23:26:27.957703","level":"info","event":"Filling up the DagBag from /opt/airflow/dags/xcom.py","logger":"airflow.models.dagbag.DagBag"}
{"timestamp":"2025-12-19T23:27:33.529529","level":"info","event":"Filling up the DagBag from /opt/airflow/dags/xcom.py","logger":"airflow.models.dagbag.DagBag"}
{"timestamp":"2025-12-19T23:28:04.042337","level":"info","event":"Filling up the DagBag from /opt/airflow/dags/xcom.py","logger":"airflow.models.dagbag.DagBag"}
{"timestamp":"2025-12-19T23:28:39.421949","level":"info","event":"Filling up the DagBag from /opt/airflow/dags/xcom.py","logger":"airflow.models.dagbag.DagBag"}
{"timestamp":"2025-12-19T23:29:10.335368","level":"info","event":"Filling up the DagBag from /opt/airflow/dags/xcom.py","logger":"airflow.models.dagbag.DagBag"}
{"timestamp":"2025-12-19T23:30:12.078128","level":"info","event":"Filling up the DagBag from /opt/airflow/dags/xcom.py","logger":"airflow.models.dagbag.DagBag"}
{"timestamp":"2025-12-19T23:30:42.869608","level":"info","event":"Filling up the DagBag from /opt/airflow/dags/xcom.py","logger":"airflow.models.dagbag.DagBag"}
{"timestamp":"2025-12-19T23:31:13.460059","level":"info","event":"Filling up the DagBag from /opt/airflow/dags/xcom.py","logger":"airflow.models.dagbag.DagBag"}
{"timestamp":"2025-12-19T23:31:44.026312","level":"info","event":"Filling up the DagBag from /opt/airflow/dags/xcom.py","logger":"airflow.models.dagbag.DagBag"}
{"timestamp":"2025-12-19T23:32:14.800222","level":"info","event":"Filling up the DagBag from /opt/airflow/dags/xcom.py","logger":"airflow.models.dagbag.DagBag"}
{"timestamp":"2025-12-19T23:32:50.310098","level":"info","event":"Filling up the DagBag from /opt/airflow/dags/xcom.py","logger":"airflow.models.dagbag.DagBag"}
{"timestamp":"2025-12-19T23:33:20.809591","level":"info","event":"Filling up the DagBag from /opt/airflow/dags/xcom.py","logger":"airflow.models.dagbag.DagBag"}
{"timestamp":"2025-12-19T23:33:52.500017","level":"info","event":"Filling up the DagBag from /opt/airflow/dags/xcom.py","logger":"airflow.models.dagbag.DagBag"}
{"timestamp":"2025-12-19T23:34:28.312238","level":"info","event":"Filling up the DagBag from /opt/airflow/dags/xcom.py","logger":"airflow.models.dagbag.DagBag"}
{"timestamp":"2025-12-19T23:34:58.837808","level":"info","event":"Filling up the DagBag from /opt/airflow/dags/xcom.py","logger":"airflow.models.dagbag.DagBag"}
{"timestamp":"2025-12-19T23:35:29.937803","level":"info","event":"Filling up the DagBag from /opt/airflow/dags/xcom.py","logger":"airflow.models.dagbag.DagBag"}
{"timestamp":"2025-12-19T23:36:05.651521","level":"info","event":"Filling up the DagBag from /opt/airflow/dags/xcom.py","logger":"airflow.models.dagbag.DagBag"}
{"timestamp":"2025-12-19T23:37:07.042592","level":"info","event":"Filling up the DagBag from /opt/airflow/dags/xcom.py","logger":"airflow.models.dagbag.DagBag"}
{"timestamp":"2025-12-19T23:38:39.723633","level":"info","event":"Filling up the DagBag from /opt/airflow/dags/xcom.py","logger":"airflow.models.dagbag.DagBag"}
{"timestamp":"2025-12-19T23:39:10.288459","level":"info","event":"Filling up the DagBag from /opt/airflow/dags/xcom.py","logger":"airflow.models.dagbag.DagBag"}
{"timestamp":"2025-12-19T23:39:40.784181","level":"info","event":"Filling up the DagBag from /opt/airflow/dags/xcom.py","logger":"airflow.models.dagbag.DagBag"}
{"timestamp":"2025-12-19T23:40:11.249124","level":"info","event":"Filling up the DagBag from /opt/airflow/dags/xcom.py","logger":"airflow.models.dagbag.DagBag"}
{"timestamp":"2025-12-19T23:41:43.831399","level":"info","event":"Filling up the DagBag from /opt/airflow/dags/xcom.py","logger":"airflow.models.dagbag.DagBag"}
{"timestamp":"2025-12-19T23:42:19.625704","level":"info","event":"Filling up the DagBag from /opt/airflow/dags/xcom.py","logger":"airflow.models.dagbag.DagBag"}
